[2026-01-28 03:25:11] INFO: ================================================================================
[2026-01-28 03:25:11] INFO: NEURAL SPECTRAL CODEC - MULTI-DATASET TRAINING
[2026-01-28 03:25:11] INFO: ================================================================================
[2026-01-28 03:25:11] INFO: Log file: logs/training_20260128_032511.log
[2026-01-28 03:25:11] INFO: Loading configuration from: configs/training_multi_dataset.yaml
[2026-01-28 03:25:11] INFO:   n_elevation: 16
[2026-01-28 03:25:11] INFO:   n_azimuth: 360
[2026-01-28 03:25:11] INFO:   n_bins: 50
[2026-01-28 03:25:11] INFO:   distance_threshold: 0.8m
[2026-01-28 03:25:11] INFO:   n_epochs: 50
[2026-01-28 03:25:11] INFO: Using device: cuda
[2026-01-28 03:25:11] INFO:   GPU: NVIDIA RTX 5000 Ada Generation
[2026-01-28 03:25:11] INFO:   VRAM: 33.8 GB
[2026-01-28 03:25:11] INFO: 
[2026-01-28 03:25:11] INFO: [1/6] Creating spectral encoder...
[2026-01-28 03:25:11] INFO:   Encoder created (n_elevation=16, n_bins=50)
[2026-01-28 03:25:11] INFO: 
[2026-01-28 03:25:11] INFO: [2/6] Loading training datasets...
[2026-01-28 03:25:11] INFO:   Loading KITTI from /workspace/data/kitti/dataset
[2026-01-28 03:25:11] INFO: Processing 4541 scans from kitti_00...
[2026-01-28 03:25:11] INFO:   Scan 0/4541 | Keyframes: 0 | Avg: load=0.0ms, encode=0.0ms, select=0.0ms
[2026-01-28 03:25:22] INFO:   Scan 500/4541 | Keyframes: 500 | Avg: load=1.0ms, encode=10.1ms, select=11.7ms
[2026-01-28 03:25:33] INFO:   Scan 1000/4541 | Keyframes: 1000 | Avg: load=0.9ms, encode=9.9ms, select=10.7ms
[2026-01-28 03:25:43] INFO:   Scan 1500/4541 | Keyframes: 1500 | Avg: load=0.9ms, encode=10.1ms, select=6.2ms
[2026-01-28 03:25:54] INFO:   Scan 2000/4541 | Keyframes: 2000 | Avg: load=1.0ms, encode=10.3ms, select=15.1ms
[2026-01-28 03:26:03] INFO:   Scan 2500/4541 | Keyframes: 2500 | Avg: load=0.9ms, encode=10.2ms, select=10.5ms
[2026-01-28 03:26:12] INFO:   Scan 3000/4541 | Keyframes: 3000 | Avg: load=0.9ms, encode=10.3ms, select=6.8ms
[2026-01-28 03:26:22] INFO:   Scan 3500/4541 | Keyframes: 3500 | Avg: load=0.9ms, encode=9.9ms, select=11.0ms
[2026-01-28 03:26:31] INFO:   Scan 4000/4541 | Keyframes: 4000 | Avg: load=0.9ms, encode=9.7ms, select=15.8ms
[2026-01-28 03:26:39] INFO:   Scan 4500/4541 | Keyframes: 4500 | Avg: load=0.9ms, encode=10.1ms, select=12.0ms
[2026-01-28 03:26:39] INFO:   Completed: 4541/4541 keyframes (100.0% selection rate)
[2026-01-28 03:26:39] INFO:     Sequence 00: 4541 keyframes (seq_id=0)
[2026-01-28 03:26:39] INFO: Processing 1101 scans from kitti_01...
[2026-01-28 03:26:39] INFO:   Scan 0/1101 | Keyframes: 0 | Avg: load=0.0ms, encode=0.0ms, select=0.0ms
[2026-01-28 03:26:44] INFO:   Scan 500/1101 | Keyframes: 500 | Avg: load=0.6ms, encode=7.6ms, select=0.1ms
[2026-01-28 03:26:49] INFO:   Scan 1000/1101 | Keyframes: 1000 | Avg: load=0.8ms, encode=9.2ms, select=0.1ms
[2026-01-28 03:26:50] INFO:   Completed: 1101/1101 keyframes (100.0% selection rate)
[2026-01-28 03:26:50] INFO:     Sequence 01: 1101 keyframes (seq_id=1)
[2026-01-28 03:26:50] INFO: Processing 4661 scans from kitti_02...
[2026-01-28 03:26:50] INFO:   Scan 0/4661 | Keyframes: 0 | Avg: load=0.0ms, encode=0.0ms, select=0.0ms
[2026-01-28 03:26:56] INFO:   Scan 500/4661 | Keyframes: 500 | Avg: load=0.9ms, encode=10.4ms, select=0.7ms
[2026-01-28 03:27:03] INFO:   Scan 1000/4661 | Keyframes: 1000 | Avg: load=0.9ms, encode=10.4ms, select=9.2ms
[2026-01-28 03:27:13] INFO:   Scan 1500/4661 | Keyframes: 1500 | Avg: load=0.9ms, encode=10.6ms, select=0.1ms
[2026-01-28 03:27:20] INFO:   Scan 2000/4661 | Keyframes: 2000 | Avg: load=0.9ms, encode=10.6ms, select=3.6ms
[2026-01-28 03:27:26] INFO:   Scan 2500/4661 | Keyframes: 2500 | Avg: load=0.9ms, encode=10.5ms, select=0.1ms
[2026-01-28 03:27:33] INFO:   Scan 3000/4661 | Keyframes: 3000 | Avg: load=0.9ms, encode=10.3ms, select=0.1ms
[2026-01-28 03:27:41] INFO:   Scan 3500/4661 | Keyframes: 3500 | Avg: load=0.9ms, encode=10.5ms, select=4.8ms
[2026-01-28 03:27:47] INFO:   Scan 4000/4661 | Keyframes: 4000 | Avg: load=0.9ms, encode=10.2ms, select=0.1ms
[2026-01-28 03:27:54] INFO:   Scan 4500/4661 | Keyframes: 4500 | Avg: load=0.9ms, encode=10.7ms, select=0.1ms
[2026-01-28 03:27:56] INFO:   Completed: 4661/4661 keyframes (100.0% selection rate)
[2026-01-28 03:27:56] INFO:     Sequence 02: 4661 keyframes (seq_id=2)
[2026-01-28 03:27:56] INFO: Processing 801 scans from kitti_03...
[2026-01-28 03:27:56] INFO:   Scan 0/801 | Keyframes: 0 | Avg: load=0.0ms, encode=0.0ms, select=0.0ms
[2026-01-28 03:28:07] INFO:   Scan 500/801 | Keyframes: 500 | Avg: load=0.8ms, encode=9.6ms, select=3.3ms
[2026-01-28 03:28:14] INFO:   Completed: 801/801 keyframes (100.0% selection rate)
[2026-01-28 03:28:14] INFO:     Sequence 03: 801 keyframes (seq_id=3)
[2026-01-28 03:28:14] INFO: Processing 271 scans from kitti_04...
[2026-01-28 03:28:14] INFO:   Scan 0/271 | Keyframes: 0 | Avg: load=0.0ms, encode=0.0ms, select=0.0ms
[2026-01-28 03:28:17] INFO:   Completed: 271/271 keyframes (100.0% selection rate)
[2026-01-28 03:28:17] INFO:     Sequence 04: 271 keyframes (seq_id=4)
[2026-01-28 03:28:17] INFO: Processing 2761 scans from kitti_05...
[2026-01-28 03:28:17] INFO:   Scan 0/2761 | Keyframes: 0 | Avg: load=0.0ms, encode=0.0ms, select=0.0ms
[2026-01-28 03:28:29] INFO:   Scan 500/2761 | Keyframes: 500 | Avg: load=0.9ms, encode=10.1ms, select=12.3ms
[2026-01-28 03:28:40] INFO:   Scan 1000/2761 | Keyframes: 1000 | Avg: load=0.9ms, encode=10.2ms, select=14.0ms
[2026-01-28 03:28:49] INFO:   Scan 1500/2761 | Keyframes: 1500 | Avg: load=0.9ms, encode=10.5ms, select=0.3ms
[2026-01-28 03:28:58] INFO:   Scan 2000/2761 | Keyframes: 2000 | Avg: load=0.8ms, encode=10.2ms, select=0.1ms
[2026-01-28 03:29:08] INFO:   Scan 2500/2761 | Keyframes: 2500 | Avg: load=0.9ms, encode=10.4ms, select=6.8ms
[2026-01-28 03:29:11] INFO:   Completed: 2761/2761 keyframes (100.0% selection rate)
[2026-01-28 03:29:11] INFO:     Sequence 05: 2761 keyframes (seq_id=5)
[2026-01-28 03:29:11] INFO: Processing 1101 scans from kitti_06...
[2026-01-28 03:29:11] INFO:   Scan 0/1101 | Keyframes: 0 | Avg: load=0.0ms, encode=0.0ms, select=0.0ms
[2026-01-28 03:29:19] INFO:   Scan 500/1101 | Keyframes: 500 | Avg: load=0.9ms, encode=9.8ms, select=5.4ms
[2026-01-28 03:29:25] INFO:   Scan 1000/1101 | Keyframes: 1000 | Avg: load=0.9ms, encode=8.8ms, select=0.1ms
[2026-01-28 03:29:27] INFO:   Completed: 1101/1101 keyframes (100.0% selection rate)
[2026-01-28 03:29:27] INFO:     Sequence 06: 1101 keyframes (seq_id=6)
[2026-01-28 03:29:27] INFO: Processing 1101 scans from kitti_07...
[2026-01-28 03:29:27] INFO:   Scan 0/1101 | Keyframes: 0 | Avg: load=0.0ms, encode=0.0ms, select=0.0ms
[2026-01-28 03:29:39] INFO:   Scan 500/1101 | Keyframes: 500 | Avg: load=0.9ms, encode=9.6ms, select=12.9ms
[2026-01-28 03:29:49] INFO:   Scan 1000/1101 | Keyframes: 1000 | Avg: load=0.9ms, encode=9.5ms, select=19.3ms
[2026-01-28 03:29:52] INFO:   Completed: 1101/1101 keyframes (100.0% selection rate)
[2026-01-28 03:29:52] INFO:     Sequence 07: 1101 keyframes (seq_id=7)
[2026-01-28 03:29:52] INFO: Processing 4071 scans from kitti_08...
[2026-01-28 03:29:52] INFO:   Scan 0/4071 | Keyframes: 0 | Avg: load=0.0ms, encode=0.0ms, select=0.0ms
[2026-01-28 03:30:00] INFO:   Scan 500/4071 | Keyframes: 500 | Avg: load=0.9ms, encode=10.0ms, select=10.9ms
[2026-01-28 03:30:09] INFO:   Scan 1000/4071 | Keyframes: 1000 | Avg: load=0.9ms, encode=10.2ms, select=4.1ms
[2026-01-28 03:30:20] INFO:   Scan 1500/4071 | Keyframes: 1500 | Avg: load=0.9ms, encode=10.1ms, select=12.6ms
[2026-01-28 03:30:31] INFO:   Scan 2000/4071 | Keyframes: 2000 | Avg: load=0.9ms, encode=9.7ms, select=19.1ms
[2026-01-28 03:30:44] INFO:   Scan 2500/4071 | Keyframes: 2500 | Avg: load=0.9ms, encode=9.7ms, select=13.8ms
[2026-01-28 03:30:53] INFO:   Scan 3000/4071 | Keyframes: 3000 | Avg: load=0.8ms, encode=9.4ms, select=13.2ms
[2026-01-28 03:31:01] INFO:   Scan 3500/4071 | Keyframes: 3500 | Avg: load=0.9ms, encode=10.1ms, select=13.6ms
[2026-01-28 03:31:09] INFO:   Scan 4000/4071 | Keyframes: 4000 | Avg: load=0.9ms, encode=9.9ms, select=8.5ms
[2026-01-28 03:31:11] INFO:   Completed: 4071/4071 keyframes (100.0% selection rate)
[2026-01-28 03:31:11] INFO:     Sequence 08: 4071 keyframes (seq_id=8)
[2026-01-28 03:31:11] INFO:   Loading NCLT from /workspace/data/nclt
Loaded 28127 matched poses (from 835468 ground truth)
[2026-01-28 03:31:16] INFO: Processing 28127 scans from nclt_2012-01-08...
[2026-01-28 03:31:16] INFO:   Scan 0/28127 | Keyframes: 0 | Avg: load=0.0ms, encode=0.0ms, select=0.0ms
[2026-01-28 03:31:27] INFO:   Scan 500/28127 | Keyframes: 500 | Avg: load=1.3ms, encode=2.6ms, select=17.5ms
[2026-01-28 03:31:38] INFO:   Scan 1000/28127 | Keyframes: 1000 | Avg: load=1.7ms, encode=3.0ms, select=18.2ms
[2026-01-28 03:31:50] INFO:   Scan 1500/28127 | Keyframes: 1500 | Avg: load=1.9ms, encode=3.3ms, select=18.3ms
[2026-01-28 03:32:02] INFO:   Scan 2000/28127 | Keyframes: 2000 | Avg: load=2.4ms, encode=3.9ms, select=18.9ms
[2026-01-28 03:32:13] INFO:   Scan 2500/28127 | Keyframes: 2500 | Avg: load=1.7ms, encode=2.9ms, select=18.4ms
[2026-01-28 03:32:25] INFO:   Scan 3000/28127 | Keyframes: 3000 | Avg: load=2.1ms, encode=3.7ms, select=18.7ms
[2026-01-28 03:32:37] INFO:   Scan 3500/28127 | Keyframes: 3500 | Avg: load=1.8ms, encode=3.1ms, select=18.1ms
[2026-01-28 03:32:49] INFO:   Scan 4000/28127 | Keyframes: 4000 | Avg: load=1.5ms, encode=2.7ms, select=17.6ms
[2026-01-28 03:33:00] INFO:   Scan 4500/28127 | Keyframes: 4500 | Avg: load=1.5ms, encode=2.8ms, select=17.7ms
[2026-01-28 03:33:10] INFO:   Scan 5000/28127 | Keyframes: 5000 | Avg: load=1.5ms, encode=2.7ms, select=16.8ms
[2026-01-28 03:33:22] INFO:   Scan 5500/28127 | Keyframes: 5500 | Avg: load=1.9ms, encode=3.4ms, select=18.2ms
[2026-01-28 03:33:33] INFO:   Scan 6000/28127 | Keyframes: 6000 | Avg: load=1.6ms, encode=2.9ms, select=18.0ms
[2026-01-28 03:33:44] INFO:   Scan 6500/28127 | Keyframes: 6500 | Avg: load=1.4ms, encode=2.6ms, select=17.2ms
[2026-01-28 03:33:55] INFO:   Scan 7000/28127 | Keyframes: 7000 | Avg: load=1.5ms, encode=2.7ms, select=17.2ms
[2026-01-28 03:34:05] INFO:   Scan 7500/28127 | Keyframes: 7500 | Avg: load=1.5ms, encode=2.7ms, select=17.5ms
[2026-01-28 03:34:17] INFO:   Scan 8000/28127 | Keyframes: 8000 | Avg: load=1.7ms, encode=3.2ms, select=17.3ms
[2026-01-28 03:34:28] INFO:   Scan 8500/28127 | Keyframes: 8500 | Avg: load=2.0ms, encode=3.3ms, select=18.6ms
[2026-01-28 03:34:40] INFO:   Scan 9000/28127 | Keyframes: 9000 | Avg: load=2.0ms, encode=3.4ms, select=19.7ms
[2026-01-28 03:34:52] INFO:   Scan 9500/28127 | Keyframes: 9500 | Avg: load=2.0ms, encode=3.4ms, select=18.5ms
[2026-01-28 03:35:04] INFO:   Scan 10000/28127 | Keyframes: 10000 | Avg: load=2.0ms, encode=3.5ms, select=18.8ms
[2026-01-28 03:35:16] INFO:   Scan 10500/28127 | Keyframes: 10500 | Avg: load=2.1ms, encode=3.6ms, select=18.8ms
[2026-01-28 03:35:27] INFO:   Scan 11000/28127 | Keyframes: 11000 | Avg: load=1.7ms, encode=3.0ms, select=18.0ms
[2026-01-28 03:35:38] INFO:   Scan 11500/28127 | Keyframes: 11500 | Avg: load=1.7ms, encode=3.0ms, select=18.1ms
[2026-01-28 03:35:50] INFO:   Scan 12000/28127 | Keyframes: 12000 | Avg: load=1.6ms, encode=2.8ms, select=17.5ms
[2026-01-28 03:36:01] INFO:   Scan 12500/28127 | Keyframes: 12500 | Avg: load=1.1ms, encode=2.5ms, select=17.0ms
[2026-01-28 03:36:12] INFO:   Scan 13000/28127 | Keyframes: 13000 | Avg: load=1.7ms, encode=3.0ms, select=18.1ms
[2026-01-28 03:36:23] INFO:   Scan 13500/28127 | Keyframes: 13500 | Avg: load=1.3ms, encode=2.7ms, select=17.7ms
[2026-01-28 03:36:33] INFO:   Scan 14000/28127 | Keyframes: 14000 | Avg: load=1.2ms, encode=2.6ms, select=17.3ms
[2026-01-28 03:36:44] INFO:   Scan 14500/28127 | Keyframes: 14500 | Avg: load=2.6ms, encode=4.0ms, select=17.8ms
[2026-01-28 03:36:56] INFO:   Scan 15000/28127 | Keyframes: 15000 | Avg: load=2.0ms, encode=3.4ms, select=17.0ms
[2026-01-28 03:37:07] INFO:   Scan 15500/28127 | Keyframes: 15500 | Avg: load=1.8ms, encode=3.2ms, select=16.0ms
[2026-01-28 03:37:18] INFO:   Scan 16000/28127 | Keyframes: 16000 | Avg: load=1.6ms, encode=2.9ms, select=17.8ms
[2026-01-28 03:37:29] INFO:   Scan 16500/28127 | Keyframes: 16500 | Avg: load=2.0ms, encode=3.5ms, select=17.7ms
[2026-01-28 03:37:41] INFO:   Scan 17000/28127 | Keyframes: 17000 | Avg: load=2.0ms, encode=3.4ms, select=17.5ms
[2026-01-28 03:37:51] INFO:   Scan 17500/28127 | Keyframes: 17500 | Avg: load=1.2ms, encode=2.4ms, select=16.4ms
[2026-01-28 03:38:02] INFO:   Scan 18000/28127 | Keyframes: 18000 | Avg: load=1.8ms, encode=3.2ms, select=18.2ms
[2026-01-28 03:38:13] INFO:   Scan 18500/28127 | Keyframes: 18500 | Avg: load=1.2ms, encode=2.4ms, select=15.9ms
[2026-01-28 03:38:25] INFO:   Scan 19000/28127 | Keyframes: 19000 | Avg: load=2.4ms, encode=3.9ms, select=18.6ms
[2026-01-28 03:38:37] INFO:   Scan 19500/28127 | Keyframes: 19500 | Avg: load=2.0ms, encode=3.5ms, select=17.5ms
[2026-01-28 03:38:48] INFO:   Scan 20000/28127 | Keyframes: 20000 | Avg: load=1.8ms, encode=3.2ms, select=17.2ms
[2026-01-28 03:39:00] INFO:   Scan 20500/28127 | Keyframes: 20500 | Avg: load=2.6ms, encode=4.1ms, select=18.5ms
[2026-01-28 03:39:12] INFO:   Scan 21000/28127 | Keyframes: 21000 | Avg: load=1.7ms, encode=3.1ms, select=17.7ms
[2026-01-28 03:39:23] INFO:   Scan 21500/28127 | Keyframes: 21500 | Avg: load=1.4ms, encode=2.7ms, select=17.6ms
[2026-01-28 03:39:34] INFO:   Scan 22000/28127 | Keyframes: 22000 | Avg: load=1.5ms, encode=2.8ms, select=17.7ms
[2026-01-28 03:39:45] INFO:   Scan 22500/28127 | Keyframes: 22500 | Avg: load=1.5ms, encode=2.7ms, select=17.5ms
[2026-01-28 03:39:56] INFO:   Scan 23000/28127 | Keyframes: 23000 | Avg: load=1.2ms, encode=2.5ms, select=17.3ms
[2026-01-28 03:40:06] INFO:   Scan 23500/28127 | Keyframes: 23500 | Avg: load=1.5ms, encode=2.8ms, select=17.5ms
[2026-01-28 03:40:17] INFO:   Scan 24000/28127 | Keyframes: 24000 | Avg: load=1.6ms, encode=2.9ms, select=17.9ms
[2026-01-28 03:40:28] INFO:   Scan 24500/28127 | Keyframes: 24500 | Avg: load=1.6ms, encode=2.8ms, select=17.7ms
[2026-01-28 03:40:40] INFO:   Scan 25000/28127 | Keyframes: 25000 | Avg: load=2.2ms, encode=3.6ms, select=17.6ms
[2026-01-28 03:40:51] INFO:   Scan 25500/28127 | Keyframes: 25500 | Avg: load=1.6ms, encode=2.9ms, select=18.0ms
[2026-01-28 03:41:02] INFO:   Scan 26000/28127 | Keyframes: 26000 | Avg: load=1.7ms, encode=3.0ms, select=17.2ms
[2026-01-28 03:41:13] INFO:   Scan 26500/28127 | Keyframes: 26500 | Avg: load=1.8ms, encode=3.3ms, select=18.4ms
[2026-01-28 03:41:24] INFO:   Scan 27000/28127 | Keyframes: 27000 | Avg: load=1.7ms, encode=2.9ms, select=17.6ms
[2026-01-28 03:41:35] INFO:   Scan 27500/28127 | Keyframes: 27500 | Avg: load=1.2ms, encode=2.5ms, select=14.9ms
[2026-01-28 03:41:44] INFO:   Scan 28000/28127 | Keyframes: 28000 | Avg: load=1.9ms, encode=3.4ms, select=16.4ms
[2026-01-28 03:41:47] INFO:   Completed: 28127/28127 keyframes (100.0% selection rate)
[2026-01-28 03:41:47] INFO:     Date 2012-01-08: 28127 keyframes (seq_id=9)
Loaded 25496 matched poses (from 753954 ground truth)
[2026-01-28 03:41:48] INFO: Processing 25496 scans from nclt_2012-05-11...
[2026-01-28 03:41:48] INFO:   Scan 0/25496 | Keyframes: 0 | Avg: load=0.0ms, encode=0.0ms, select=0.0ms
[2026-01-28 03:41:59] INFO:   Scan 500/25496 | Keyframes: 500 | Avg: load=1.5ms, encode=2.8ms, select=17.8ms
[2026-01-28 03:42:10] INFO:   Scan 1000/25496 | Keyframes: 1000 | Avg: load=1.8ms, encode=3.2ms, select=18.7ms
[2026-01-28 03:42:22] INFO:   Scan 1500/25496 | Keyframes: 1500 | Avg: load=1.8ms, encode=3.2ms, select=18.7ms
[2026-01-28 03:42:33] INFO:   Scan 2000/25496 | Keyframes: 2000 | Avg: load=1.5ms, encode=2.8ms, select=17.8ms
[2026-01-28 03:42:45] INFO:   Scan 2500/25496 | Keyframes: 2500 | Avg: load=1.3ms, encode=2.6ms, select=17.5ms
[2026-01-28 03:42:55] INFO:   Scan 3000/25496 | Keyframes: 3000 | Avg: load=1.1ms, encode=2.3ms, select=17.0ms
[2026-01-28 03:43:06] INFO:   Scan 3500/25496 | Keyframes: 3500 | Avg: load=1.5ms, encode=2.8ms, select=18.1ms
[2026-01-28 03:43:17] INFO:   Scan 4000/25496 | Keyframes: 4000 | Avg: load=1.3ms, encode=2.5ms, select=17.6ms
[2026-01-28 03:43:27] INFO:   Scan 4500/25496 | Keyframes: 4500 | Avg: load=1.1ms, encode=2.3ms, select=16.8ms
[2026-01-28 03:43:38] INFO:   Scan 5000/25496 | Keyframes: 5000 | Avg: load=1.5ms, encode=2.8ms, select=18.1ms
[2026-01-28 03:43:49] INFO:   Scan 5500/25496 | Keyframes: 5500 | Avg: load=1.4ms, encode=2.7ms, select=17.8ms
[2026-01-28 03:44:01] INFO:   Scan 6000/25496 | Keyframes: 6000 | Avg: load=1.5ms, encode=2.8ms, select=18.2ms
[2026-01-28 03:44:12] INFO:   Scan 6500/25496 | Keyframes: 6500 | Avg: load=2.2ms, encode=3.7ms, select=19.0ms
[2026-01-28 03:44:24] INFO:   Scan 7000/25496 | Keyframes: 7000 | Avg: load=1.3ms, encode=2.6ms, select=18.1ms
[2026-01-28 03:44:35] INFO:   Scan 7500/25496 | Keyframes: 7500 | Avg: load=1.8ms, encode=3.1ms, select=18.5ms
[2026-01-28 03:44:47] INFO:   Scan 8000/25496 | Keyframes: 8000 | Avg: load=1.7ms, encode=3.0ms, select=18.1ms
[2026-01-28 03:44:58] INFO:   Scan 8500/25496 | Keyframes: 8500 | Avg: load=1.4ms, encode=2.7ms, select=17.8ms
[2026-01-28 03:45:09] INFO:   Scan 9000/25496 | Keyframes: 9000 | Avg: load=1.5ms, encode=2.7ms, select=17.7ms
[2026-01-28 03:45:19] INFO:   Scan 9500/25496 | Keyframes: 9500 | Avg: load=1.0ms, encode=2.2ms, select=16.0ms
[2026-01-28 03:45:31] INFO:   Scan 10000/25496 | Keyframes: 10000 | Avg: load=1.6ms, encode=2.9ms, select=18.1ms
[2026-01-28 03:45:42] INFO:   Scan 10500/25496 | Keyframes: 10500 | Avg: load=1.6ms, encode=2.9ms, select=17.8ms
[2026-01-28 03:45:53] INFO:   Scan 11000/25496 | Keyframes: 11000 | Avg: load=1.7ms, encode=3.0ms, select=18.4ms
[2026-01-28 03:46:05] INFO:   Scan 11500/25496 | Keyframes: 11500 | Avg: load=1.7ms, encode=3.1ms, select=18.5ms
[2026-01-28 03:46:16] INFO:   Scan 12000/25496 | Keyframes: 12000 | Avg: load=1.7ms, encode=3.1ms, select=18.5ms
[2026-01-28 03:46:28] INFO:   Scan 12500/25496 | Keyframes: 12500 | Avg: load=2.0ms, encode=3.3ms, select=18.7ms
[2026-01-28 03:46:41] INFO:   Scan 13000/25496 | Keyframes: 13000 | Avg: load=2.0ms, encode=2.9ms, select=18.2ms
[2026-01-28 03:46:52] INFO:   Scan 13500/25496 | Keyframes: 13500 | Avg: load=3.0ms, encode=3.4ms, select=17.2ms
[2026-01-28 03:47:05] INFO:   Scan 14000/25496 | Keyframes: 14000 | Avg: load=3.2ms, encode=3.4ms, select=17.3ms
[2026-01-28 03:47:16] INFO:   Scan 14500/25496 | Keyframes: 14500 | Avg: load=3.4ms, encode=2.5ms, select=17.7ms
[2026-01-28 03:47:27] INFO:   Scan 15000/25496 | Keyframes: 15000 | Avg: load=2.3ms, encode=2.7ms, select=17.8ms
[2026-01-28 03:47:39] INFO:   Scan 15500/25496 | Keyframes: 15500 | Avg: load=2.2ms, encode=2.6ms, select=17.7ms
[2026-01-28 03:47:50] INFO:   Scan 16000/25496 | Keyframes: 16000 | Avg: load=1.9ms, encode=2.7ms, select=17.7ms
[2026-01-28 03:48:01] INFO:   Scan 16500/25496 | Keyframes: 16500 | Avg: load=2.2ms, encode=2.6ms, select=17.9ms
[2026-01-28 03:48:14] INFO:   Scan 17000/25496 | Keyframes: 17000 | Avg: load=2.9ms, encode=3.4ms, select=18.8ms
[2026-01-28 03:48:25] INFO:   Scan 17500/25496 | Keyframes: 17500 | Avg: load=2.1ms, encode=2.5ms, select=17.5ms
[2026-01-28 03:48:37] INFO:   Scan 18000/25496 | Keyframes: 18000 | Avg: load=2.1ms, encode=3.0ms, select=18.3ms
[2026-01-28 03:48:48] INFO:   Scan 18500/25496 | Keyframes: 18500 | Avg: load=1.9ms, encode=2.7ms, select=18.0ms
[2026-01-28 03:49:00] INFO:   Scan 19000/25496 | Keyframes: 19000 | Avg: load=2.5ms, encode=3.1ms, select=18.3ms
[2026-01-28 03:49:11] INFO:   Scan 19500/25496 | Keyframes: 19500 | Avg: load=2.5ms, encode=3.2ms, select=16.5ms
[2026-01-28 03:49:23] INFO:   Scan 20000/25496 | Keyframes: 20000 | Avg: load=2.5ms, encode=2.8ms, select=16.4ms
[2026-01-28 03:49:35] INFO:   Scan 20500/25496 | Keyframes: 20500 | Avg: load=2.2ms, encode=2.7ms, select=17.5ms
[2026-01-28 03:49:46] INFO:   Scan 21000/25496 | Keyframes: 21000 | Avg: load=2.4ms, encode=2.9ms, select=18.1ms
[2026-01-28 03:49:58] INFO:   Scan 21500/25496 | Keyframes: 21500 | Avg: load=2.9ms, encode=3.3ms, select=18.3ms
[2026-01-28 03:50:10] INFO:   Scan 22000/25496 | Keyframes: 22000 | Avg: load=3.2ms, encode=3.7ms, select=17.9ms
[2026-01-28 03:50:21] INFO:   Scan 22500/25496 | Keyframes: 22500 | Avg: load=1.6ms, encode=2.6ms, select=17.4ms
[2026-01-28 03:50:33] INFO:   Scan 23000/25496 | Keyframes: 23000 | Avg: load=4.5ms, encode=2.7ms, select=16.4ms
[2026-01-28 03:50:45] INFO:   Scan 23500/25496 | Keyframes: 23500 | Avg: load=2.7ms, encode=3.3ms, select=18.5ms
[2026-01-28 03:50:57] INFO:   Scan 24000/25496 | Keyframes: 24000 | Avg: load=2.0ms, encode=2.8ms, select=17.8ms
[2026-01-28 03:51:08] INFO:   Scan 24500/25496 | Keyframes: 24500 | Avg: load=3.4ms, encode=2.5ms, select=17.5ms
[2026-01-28 03:51:19] INFO:   Scan 25000/25496 | Keyframes: 25000 | Avg: load=7.6ms, encode=2.2ms, select=14.5ms
[2026-01-28 03:51:30] INFO:   Completed: 25496/25496 keyframes (100.0% selection rate)
[2026-01-28 03:51:30] INFO:     Date 2012-05-11: 25496 keyframes (seq_id=10)
Loaded 24116 matched poses (from 709396 ground truth)
[2026-01-28 03:51:31] INFO: Processing 24116 scans from nclt_2012-08-04...
[2026-01-28 03:51:31] INFO:   Scan 0/24116 | Keyframes: 0 | Avg: load=0.0ms, encode=0.0ms, select=0.0ms
[2026-01-28 03:51:43] INFO:   Scan 500/24116 | Keyframes: 500 | Avg: load=1.6ms, encode=2.4ms, select=17.3ms
[2026-01-28 03:51:54] INFO:   Scan 1000/24116 | Keyframes: 1000 | Avg: load=2.3ms, encode=3.0ms, select=18.3ms
[2026-01-28 03:52:06] INFO:   Scan 1500/24116 | Keyframes: 1500 | Avg: load=2.1ms, encode=2.6ms, select=17.6ms
[2026-01-28 03:52:18] INFO:   Scan 2000/24116 | Keyframes: 2000 | Avg: load=2.4ms, encode=3.3ms, select=18.7ms
[2026-01-28 03:52:30] INFO:   Scan 2500/24116 | Keyframes: 2500 | Avg: load=3.1ms, encode=2.8ms, select=17.1ms
[2026-01-28 03:52:42] INFO:   Scan 3000/24116 | Keyframes: 3000 | Avg: load=3.1ms, encode=3.2ms, select=18.9ms
[2026-01-28 03:52:54] INFO:   Scan 3500/24116 | Keyframes: 3500 | Avg: load=2.0ms, encode=2.8ms, select=18.2ms
[2026-01-28 03:53:06] INFO:   Scan 4000/24116 | Keyframes: 4000 | Avg: load=2.5ms, encode=3.3ms, select=18.6ms
[2026-01-28 03:53:17] INFO:   Scan 4500/24116 | Keyframes: 4500 | Avg: load=2.0ms, encode=2.7ms, select=18.2ms
[2026-01-28 03:53:30] INFO:   Scan 5000/24116 | Keyframes: 5000 | Avg: load=3.5ms, encode=3.7ms, select=19.0ms
[2026-01-28 03:53:41] INFO:   Scan 5500/24116 | Keyframes: 5500 | Avg: load=1.9ms, encode=2.7ms, select=18.5ms
[2026-01-28 03:53:53] INFO:   Scan 6000/24116 | Keyframes: 6000 | Avg: load=2.7ms, encode=3.3ms, select=18.6ms
[2026-01-28 03:54:05] INFO:   Scan 6500/24116 | Keyframes: 6500 | Avg: load=1.9ms, encode=2.9ms, select=18.1ms
[2026-01-28 03:54:17] INFO:   Scan 7000/24116 | Keyframes: 7000 | Avg: load=1.9ms, encode=2.6ms, select=17.8ms
[2026-01-28 03:54:28] INFO:   Scan 7500/24116 | Keyframes: 7500 | Avg: load=2.0ms, encode=2.8ms, select=18.2ms
[2026-01-28 03:54:40] INFO:   Scan 8000/24116 | Keyframes: 8000 | Avg: load=2.6ms, encode=3.1ms, select=18.1ms
[2026-01-28 03:54:52] INFO:   Scan 8500/24116 | Keyframes: 8500 | Avg: load=2.2ms, encode=2.9ms, select=18.3ms
[2026-01-28 03:55:03] INFO:   Scan 9000/24116 | Keyframes: 9000 | Avg: load=2.6ms, encode=3.2ms, select=18.3ms
[2026-01-28 03:55:16] INFO:   Scan 9500/24116 | Keyframes: 9500 | Avg: load=2.5ms, encode=3.2ms, select=18.5ms
[2026-01-28 03:55:27] INFO:   Scan 10000/24116 | Keyframes: 10000 | Avg: load=2.4ms, encode=2.9ms, select=18.2ms
[2026-01-28 03:55:39] INFO:   Scan 10500/24116 | Keyframes: 10500 | Avg: load=2.2ms, encode=3.0ms, select=18.4ms
[2026-01-28 03:55:52] INFO:   Scan 11000/24116 | Keyframes: 11000 | Avg: load=2.9ms, encode=3.3ms, select=18.8ms
[2026-01-28 03:56:04] INFO:   Scan 11500/24116 | Keyframes: 11500 | Avg: load=2.3ms, encode=3.0ms, select=18.6ms
[2026-01-28 03:56:16] INFO:   Scan 12000/24116 | Keyframes: 12000 | Avg: load=2.1ms, encode=2.8ms, select=19.9ms
[2026-01-28 03:56:28] INFO:   Scan 12500/24116 | Keyframes: 12500 | Avg: load=2.2ms, encode=2.9ms, select=18.2ms
[2026-01-28 03:56:39] INFO:   Scan 13000/24116 | Keyframes: 13000 | Avg: load=2.1ms, encode=2.6ms, select=17.7ms
[2026-01-28 03:56:50] INFO:   Scan 13500/24116 | Keyframes: 13500 | Avg: load=2.4ms, encode=2.7ms, select=17.8ms
[2026-01-28 03:57:01] INFO:   Scan 14000/24116 | Keyframes: 14000 | Avg: load=2.1ms, encode=2.8ms, select=17.9ms
[2026-01-28 03:57:13] INFO:   Scan 14500/24116 | Keyframes: 14500 | Avg: load=2.3ms, encode=2.5ms, select=17.4ms
[2026-01-28 03:57:24] INFO:   Scan 15000/24116 | Keyframes: 15000 | Avg: load=2.4ms, encode=2.6ms, select=17.7ms
[2026-01-28 03:57:37] INFO:   Scan 15500/24116 | Keyframes: 15500 | Avg: load=3.2ms, encode=3.4ms, select=18.5ms
[2026-01-28 03:57:48] INFO:   Scan 16000/24116 | Keyframes: 16000 | Avg: load=3.2ms, encode=2.7ms, select=16.1ms
[2026-01-28 03:58:00] INFO:   Scan 16500/24116 | Keyframes: 16500 | Avg: load=2.8ms, encode=3.1ms, select=17.0ms
[2026-01-28 03:58:11] INFO:   Scan 17000/24116 | Keyframes: 17000 | Avg: load=4.2ms, encode=2.5ms, select=16.6ms
[2026-01-28 03:58:23] INFO:   Scan 17500/24116 | Keyframes: 17500 | Avg: load=1.9ms, encode=2.7ms, select=17.9ms
[2026-01-28 03:58:35] INFO:   Scan 18000/24116 | Keyframes: 18000 | Avg: load=3.7ms, encode=3.4ms, select=18.7ms
[2026-01-28 03:58:47] INFO:   Scan 18500/24116 | Keyframes: 18500 | Avg: load=2.6ms, encode=2.9ms, select=18.1ms
[2026-01-28 03:58:58] INFO:   Scan 19000/24116 | Keyframes: 19000 | Avg: load=3.7ms, encode=3.5ms, select=18.0ms
[2026-01-28 03:59:10] INFO:   Scan 19500/24116 | Keyframes: 19500 | Avg: load=2.8ms, encode=3.4ms, select=16.7ms
[2026-01-28 03:59:22] INFO:   Scan 20000/24116 | Keyframes: 20000 | Avg: load=2.5ms, encode=3.2ms, select=17.7ms
[2026-01-28 03:59:34] INFO:   Scan 20500/24116 | Keyframes: 20500 | Avg: load=2.2ms, encode=2.8ms, select=15.9ms
[2026-01-28 03:59:46] INFO:   Scan 21000/24116 | Keyframes: 21000 | Avg: load=2.0ms, encode=2.8ms, select=17.3ms
[2026-01-28 03:59:58] INFO:   Scan 21500/24116 | Keyframes: 21500 | Avg: load=2.5ms, encode=3.2ms, select=18.5ms
[2026-01-28 04:00:10] INFO:   Scan 22000/24116 | Keyframes: 22000 | Avg: load=3.7ms, encode=3.7ms, select=17.3ms
[2026-01-28 04:00:22] INFO:   Scan 22500/24116 | Keyframes: 22500 | Avg: load=2.8ms, encode=3.3ms, select=18.7ms
[2026-01-28 04:00:33] INFO:   Scan 23000/24116 | Keyframes: 23000 | Avg: load=3.9ms, encode=2.4ms, select=17.3ms
[2026-01-28 04:00:44] INFO:   Scan 23500/24116 | Keyframes: 23500 | Avg: load=2.0ms, encode=2.9ms, select=17.1ms
[2026-01-28 04:00:56] INFO:   Scan 24000/24116 | Keyframes: 24000 | Avg: load=2.6ms, encode=3.0ms, select=15.7ms
[2026-01-28 04:00:58] INFO:   Completed: 24116/24116 keyframes (100.0% selection rate)
[2026-01-28 04:00:58] INFO:     Date 2012-08-04: 24116 keyframes (seq_id=11)
Loaded 24145 matched poses (from 707691 ground truth)
[2026-01-28 04:01:00] INFO: Processing 24145 scans from nclt_2012-11-04...
[2026-01-28 04:01:00] INFO:   Scan 0/24145 | Keyframes: 0 | Avg: load=0.0ms, encode=0.0ms, select=0.0ms
[2026-01-28 04:01:10] INFO:   Scan 500/24145 | Keyframes: 500 | Avg: load=1.6ms, encode=2.4ms, select=17.2ms
[2026-01-28 04:01:21] INFO:   Scan 1000/24145 | Keyframes: 1000 | Avg: load=2.0ms, encode=2.9ms, select=18.2ms
[2026-01-28 04:01:33] INFO:   Scan 1500/24145 | Keyframes: 1500 | Avg: load=2.0ms, encode=2.7ms, select=17.6ms
[2026-01-28 04:01:44] INFO:   Scan 2000/24145 | Keyframes: 2000 | Avg: load=2.1ms, encode=2.8ms, select=17.5ms
[2026-01-28 04:01:56] INFO:   Scan 2500/24145 | Keyframes: 2500 | Avg: load=2.3ms, encode=3.1ms, select=18.8ms
[2026-01-28 04:02:08] INFO:   Scan 3000/24145 | Keyframes: 3000 | Avg: load=3.6ms, encode=3.7ms, select=18.9ms
[2026-01-28 04:02:20] INFO:   Scan 3500/24145 | Keyframes: 3500 | Avg: load=2.9ms, encode=2.7ms, select=14.8ms
[2026-01-28 04:02:32] INFO:   Scan 4000/24145 | Keyframes: 4000 | Avg: load=1.9ms, encode=2.7ms, select=17.6ms
[2026-01-28 04:02:43] INFO:   Scan 4500/24145 | Keyframes: 4500 | Avg: load=2.4ms, encode=3.1ms, select=18.4ms
[2026-01-28 04:02:55] INFO:   Scan 5000/24145 | Keyframes: 5000 | Avg: load=2.6ms, encode=3.3ms, select=18.9ms
[2026-01-28 04:03:07] INFO:   Scan 5500/24145 | Keyframes: 5500 | Avg: load=2.2ms, encode=3.3ms, select=18.7ms
[2026-01-28 04:03:19] INFO:   Scan 6000/24145 | Keyframes: 6000 | Avg: load=1.7ms, encode=2.8ms, select=17.6ms
[2026-01-28 04:03:31] INFO:   Scan 6500/24145 | Keyframes: 6500 | Avg: load=2.5ms, encode=3.4ms, select=18.6ms
[2026-01-28 04:03:42] INFO:   Scan 7000/24145 | Keyframes: 7000 | Avg: load=2.2ms, encode=3.0ms, select=18.6ms
[2026-01-28 04:03:55] INFO:   Scan 7500/24145 | Keyframes: 7500 | Avg: load=3.0ms, encode=3.4ms, select=18.8ms
[2026-01-28 04:04:07] INFO:   Scan 8000/24145 | Keyframes: 8000 | Avg: load=3.0ms, encode=3.8ms, select=18.2ms
[2026-01-28 04:04:20] INFO:   Scan 8500/24145 | Keyframes: 8500 | Avg: load=2.9ms, encode=3.7ms, select=17.6ms
[2026-01-28 04:04:30] INFO:   Scan 9000/24145 | Keyframes: 9000 | Avg: load=4.7ms, encode=3.4ms, select=18.0ms
[2026-01-28 04:04:43] INFO:   Scan 9500/24145 | Keyframes: 9500 | Avg: load=2.8ms, encode=3.4ms, select=18.6ms
[2026-01-28 04:04:55] INFO:   Scan 10000/24145 | Keyframes: 10000 | Avg: load=2.0ms, encode=2.3ms, select=15.2ms
[2026-01-28 04:05:05] INFO:   Scan 10500/24145 | Keyframes: 10500 | Avg: load=3.8ms, encode=3.2ms, select=17.8ms
[2026-01-28 04:05:18] INFO:   Scan 11000/24145 | Keyframes: 11000 | Avg: load=3.5ms, encode=3.8ms, select=19.3ms
[2026-01-28 04:05:31] INFO:   Scan 11500/24145 | Keyframes: 11500 | Avg: load=2.6ms, encode=3.0ms, select=18.4ms
[2026-01-28 04:05:43] INFO:   Scan 12000/24145 | Keyframes: 12000 | Avg: load=2.4ms, encode=2.6ms, select=15.6ms
[2026-01-28 04:05:55] INFO:   Scan 12500/24145 | Keyframes: 12500 | Avg: load=3.3ms, encode=4.0ms, select=16.6ms
[2026-01-28 04:06:07] INFO:   Scan 13000/24145 | Keyframes: 13000 | Avg: load=2.4ms, encode=3.0ms, select=18.3ms
[2026-01-28 04:06:18] INFO:   Scan 13500/24145 | Keyframes: 13500 | Avg: load=3.6ms, encode=2.4ms, select=16.6ms
[2026-01-28 04:06:29] INFO:   Scan 14000/24145 | Keyframes: 14000 | Avg: load=2.2ms, encode=2.6ms, select=17.4ms
[2026-01-28 04:06:40] INFO:   Scan 14500/24145 | Keyframes: 14500 | Avg: load=2.1ms, encode=2.7ms, select=17.4ms
[2026-01-28 04:06:51] INFO:   Scan 15000/24145 | Keyframes: 15000 | Avg: load=2.3ms, encode=3.0ms, select=17.8ms
[2026-01-28 04:07:03] INFO:   Scan 15500/24145 | Keyframes: 15500 | Avg: load=2.0ms, encode=2.8ms, select=17.8ms
[2026-01-28 04:07:14] INFO:   Scan 16000/24145 | Keyframes: 16000 | Avg: load=1.9ms, encode=2.7ms, select=17.6ms
[2026-01-28 04:07:26] INFO:   Scan 16500/24145 | Keyframes: 16500 | Avg: load=2.8ms, encode=3.1ms, select=18.1ms
[2026-01-28 04:07:37] INFO:   Scan 17000/24145 | Keyframes: 17000 | Avg: load=2.5ms, encode=3.2ms, select=16.7ms
[2026-01-28 04:07:49] INFO:   Scan 17500/24145 | Keyframes: 17500 | Avg: load=3.2ms, encode=3.8ms, select=17.8ms
[2026-01-28 04:08:00] INFO:   Scan 18000/24145 | Keyframes: 18000 | Avg: load=2.2ms, encode=2.5ms, select=15.0ms
[2026-01-28 04:08:12] INFO:   Scan 18500/24145 | Keyframes: 18500 | Avg: load=3.0ms, encode=3.5ms, select=18.4ms
[2026-01-28 04:08:24] INFO:   Scan 19000/24145 | Keyframes: 19000 | Avg: load=2.0ms, encode=2.8ms, select=16.8ms
[2026-01-28 04:08:35] INFO:   Scan 19500/24145 | Keyframes: 19500 | Avg: load=2.2ms, encode=2.9ms, select=18.1ms
[2026-01-28 04:08:47] INFO:   Scan 20000/24145 | Keyframes: 20000 | Avg: load=2.5ms, encode=3.2ms, select=18.2ms
[2026-01-28 04:08:58] INFO:   Scan 20500/24145 | Keyframes: 20500 | Avg: load=2.3ms, encode=2.7ms, select=17.7ms
[2026-01-28 04:09:10] INFO:   Scan 21000/24145 | Keyframes: 21000 | Avg: load=2.8ms, encode=3.3ms, select=17.8ms
[2026-01-28 04:09:22] INFO:   Scan 21500/24145 | Keyframes: 21500 | Avg: load=3.2ms, encode=3.5ms, select=18.5ms
[2026-01-28 04:09:34] INFO:   Scan 22000/24145 | Keyframes: 22000 | Avg: load=2.0ms, encode=2.8ms, select=17.9ms
[2026-01-28 04:09:46] INFO:   Scan 22500/24145 | Keyframes: 22500 | Avg: load=2.4ms, encode=3.1ms, select=18.3ms
[2026-01-28 04:09:58] INFO:   Scan 23000/24145 | Keyframes: 23000 | Avg: load=2.0ms, encode=2.6ms, select=17.3ms
[2026-01-28 04:10:09] INFO:   Scan 23500/24145 | Keyframes: 23500 | Avg: load=4.4ms, encode=2.4ms, select=14.0ms
[2026-01-28 04:10:20] INFO:   Scan 24000/24145 | Keyframes: 24000 | Avg: load=3.7ms, encode=3.5ms, select=16.1ms
[2026-01-28 04:10:24] INFO:   Completed: 24145/24145 keyframes (100.0% selection rate)
[2026-01-28 04:10:24] INFO:     Date 2012-11-04: 24145 keyframes (seq_id=12)
Loaded 24547 matched poses (from 717967 ground truth)
[2026-01-28 04:10:25] INFO: Processing 24547 scans from nclt_2012-11-16...
[2026-01-28 04:10:25] INFO:   Scan 0/24547 | Keyframes: 0 | Avg: load=0.0ms, encode=0.0ms, select=0.0ms
[2026-01-28 04:10:37] INFO:   Scan 500/24547 | Keyframes: 500 | Avg: load=1.9ms, encode=2.4ms, select=17.0ms
[2026-01-28 04:10:48] INFO:   Scan 1000/24547 | Keyframes: 1000 | Avg: load=1.7ms, encode=2.5ms, select=18.1ms
[2026-01-28 04:11:00] INFO:   Scan 1500/24547 | Keyframes: 1500 | Avg: load=3.2ms, encode=3.7ms, select=18.9ms
[2026-01-28 04:11:11] INFO:   Scan 2000/24547 | Keyframes: 2000 | Avg: load=1.6ms, encode=2.6ms, select=17.8ms
[2026-01-28 04:11:23] INFO:   Scan 2500/24547 | Keyframes: 2500 | Avg: load=2.2ms, encode=3.1ms, select=18.5ms
[2026-01-28 04:11:35] INFO:   Scan 3000/24547 | Keyframes: 3000 | Avg: load=1.9ms, encode=2.7ms, select=18.4ms
[2026-01-28 04:11:47] INFO:   Scan 3500/24547 | Keyframes: 3500 | Avg: load=3.4ms, encode=3.5ms, select=18.8ms
[2026-01-28 04:12:00] INFO:   Scan 4000/24547 | Keyframes: 4000 | Avg: load=3.1ms, encode=3.3ms, select=18.2ms
[2026-01-28 04:12:12] INFO:   Scan 4500/24547 | Keyframes: 4500 | Avg: load=2.3ms, encode=2.7ms, select=18.0ms
[2026-01-28 04:12:23] INFO:   Scan 5000/24547 | Keyframes: 5000 | Avg: load=2.1ms, encode=2.9ms, select=17.9ms
[2026-01-28 04:12:34] INFO:   Scan 5500/24547 | Keyframes: 5500 | Avg: load=4.4ms, encode=2.2ms, select=16.1ms
[2026-01-28 04:12:46] INFO:   Scan 6000/24547 | Keyframes: 6000 | Avg: load=2.8ms, encode=3.7ms, select=18.1ms
[2026-01-28 04:12:59] INFO:   Scan 6500/24547 | Keyframes: 6500 | Avg: load=2.5ms, encode=3.4ms, select=18.8ms
[2026-01-28 04:13:11] INFO:   Scan 7000/24547 | Keyframes: 7000 | Avg: load=3.3ms, encode=3.5ms, select=18.8ms
[2026-01-28 04:13:23] INFO:   Scan 7500/24547 | Keyframes: 7500 | Avg: load=2.7ms, encode=3.5ms, select=19.1ms
[2026-01-28 04:13:35] INFO:   Scan 8000/24547 | Keyframes: 8000 | Avg: load=2.1ms, encode=2.8ms, select=17.9ms
[2026-01-28 04:13:47] INFO:   Scan 8500/24547 | Keyframes: 8500 | Avg: load=2.2ms, encode=3.1ms, select=18.5ms
[2026-01-28 04:13:59] INFO:   Scan 9000/24547 | Keyframes: 9000 | Avg: load=2.2ms, encode=3.1ms, select=17.7ms
[2026-01-28 04:14:10] INFO:   Scan 9500/24547 | Keyframes: 9500 | Avg: load=1.8ms, encode=2.6ms, select=17.2ms
[2026-01-28 04:14:21] INFO:   Scan 10000/24547 | Keyframes: 10000 | Avg: load=2.0ms, encode=2.8ms, select=17.0ms
[2026-01-28 04:14:32] INFO:   Scan 10500/24547 | Keyframes: 10500 | Avg: load=2.0ms, encode=2.8ms, select=17.6ms
[2026-01-28 04:14:43] INFO:   Scan 11000/24547 | Keyframes: 11000 | Avg: load=2.3ms, encode=2.9ms, select=17.1ms
[2026-01-28 04:14:54] INFO:   Scan 11500/24547 | Keyframes: 11500 | Avg: load=1.9ms, encode=2.7ms, select=17.8ms
[2026-01-28 04:15:07] INFO:   Scan 12000/24547 | Keyframes: 12000 | Avg: load=6.3ms, encode=3.1ms, select=16.9ms
[2026-01-28 04:15:18] INFO:   Scan 12500/24547 | Keyframes: 12500 | Avg: load=3.4ms, encode=3.5ms, select=18.0ms
[2026-01-28 04:15:30] INFO:   Scan 13000/24547 | Keyframes: 13000 | Avg: load=1.6ms, encode=2.3ms, select=16.7ms
[2026-01-28 04:15:41] INFO:   Scan 13500/24547 | Keyframes: 13500 | Avg: load=2.6ms, encode=2.4ms, select=17.3ms
[2026-01-28 04:15:53] INFO:   Scan 14000/24547 | Keyframes: 14000 | Avg: load=3.6ms, encode=3.8ms, select=17.8ms
[2026-01-28 04:16:05] INFO:   Scan 14500/24547 | Keyframes: 14500 | Avg: load=3.9ms, encode=3.6ms, select=17.1ms
[2026-01-28 04:16:16] INFO:   Scan 15000/24547 | Keyframes: 15000 | Avg: load=1.7ms, encode=2.5ms, select=17.6ms
[2026-01-28 04:16:29] INFO:   Scan 15500/24547 | Keyframes: 15500 | Avg: load=4.4ms, encode=3.6ms, select=19.0ms
[2026-01-28 04:16:41] INFO:   Scan 16000/24547 | Keyframes: 16000 | Avg: load=3.5ms, encode=4.0ms, select=18.4ms
[2026-01-28 04:16:53] INFO:   Scan 16500/24547 | Keyframes: 16500 | Avg: load=2.9ms, encode=3.4ms, select=18.3ms
[2026-01-28 04:17:04] INFO:   Scan 17000/24547 | Keyframes: 17000 | Avg: load=2.5ms, encode=3.1ms, select=18.1ms
[2026-01-28 04:17:16] INFO:   Scan 17500/24547 | Keyframes: 17500 | Avg: load=2.4ms, encode=2.8ms, select=17.8ms
[2026-01-28 04:17:27] INFO:   Scan 18000/24547 | Keyframes: 18000 | Avg: load=2.1ms, encode=2.9ms, select=17.9ms
[2026-01-28 04:17:39] INFO:   Scan 18500/24547 | Keyframes: 18500 | Avg: load=1.9ms, encode=2.9ms, select=17.7ms
[2026-01-28 04:17:50] INFO:   Scan 19000/24547 | Keyframes: 19000 | Avg: load=2.1ms, encode=2.8ms, select=17.6ms
[2026-01-28 04:18:01] INFO:   Scan 19500/24547 | Keyframes: 19500 | Avg: load=2.2ms, encode=2.4ms, select=16.8ms
[2026-01-28 04:18:12] INFO:   Scan 20000/24547 | Keyframes: 20000 | Avg: load=1.8ms, encode=2.4ms, select=17.0ms
[2026-01-28 04:18:23] INFO:   Scan 20500/24547 | Keyframes: 20500 | Avg: load=1.9ms, encode=2.8ms, select=17.4ms
[2026-01-28 04:18:34] INFO:   Scan 21000/24547 | Keyframes: 21000 | Avg: load=2.2ms, encode=2.7ms, select=17.2ms
[2026-01-28 04:18:46] INFO:   Scan 21500/24547 | Keyframes: 21500 | Avg: load=2.4ms, encode=2.7ms, select=16.9ms
[2026-01-28 04:18:57] INFO:   Scan 22000/24547 | Keyframes: 22000 | Avg: load=2.4ms, encode=3.1ms, select=17.4ms
[2026-01-28 04:19:08] INFO:   Scan 22500/24547 | Keyframes: 22500 | Avg: load=4.9ms, encode=2.3ms, select=14.9ms
[2026-01-28 04:19:20] INFO:   Scan 23000/24547 | Keyframes: 23000 | Avg: load=2.1ms, encode=2.8ms, select=18.0ms
[2026-01-28 04:19:31] INFO:   Scan 23500/24547 | Keyframes: 23500 | Avg: load=1.8ms, encode=2.6ms, select=17.3ms
[2026-01-28 04:19:42] INFO:   Scan 24000/24547 | Keyframes: 24000 | Avg: load=4.9ms, encode=2.3ms, select=14.6ms
[2026-01-28 04:19:52] INFO:   Scan 24500/24547 | Keyframes: 24500 | Avg: load=2.3ms, encode=3.1ms, select=15.6ms
[2026-01-28 04:19:53] INFO:   Completed: 24547/24547 keyframes (100.0% selection rate)
[2026-01-28 04:19:53] INFO:     Date 2012-11-16: 24547 keyframes (seq_id=13)
Loaded 24022 matched poses (from 704193 ground truth)
[2026-01-28 04:19:54] INFO: Processing 24022 scans from nclt_2013-02-23...
[2026-01-28 04:19:54] INFO:   Scan 0/24022 | Keyframes: 0 | Avg: load=0.0ms, encode=0.0ms, select=0.0ms
[2026-01-28 04:20:04] INFO:   Scan 500/24022 | Keyframes: 500 | Avg: load=1.3ms, encode=2.3ms, select=17.9ms
[2026-01-28 04:20:16] INFO:   Scan 1000/24022 | Keyframes: 1000 | Avg: load=2.2ms, encode=3.0ms, select=18.5ms
[2026-01-28 04:20:27] INFO:   Scan 1500/24022 | Keyframes: 1500 | Avg: load=1.6ms, encode=2.4ms, select=17.9ms
[2026-01-28 04:20:39] INFO:   Scan 2000/24022 | Keyframes: 2000 | Avg: load=2.1ms, encode=2.9ms, select=18.8ms
[2026-01-28 04:20:50] INFO:   Scan 2500/24022 | Keyframes: 2500 | Avg: load=1.7ms, encode=2.6ms, select=18.1ms
[2026-01-28 04:21:02] INFO:   Scan 3000/24022 | Keyframes: 3000 | Avg: load=2.5ms, encode=3.3ms, select=18.1ms
[2026-01-28 04:21:14] INFO:   Scan 3500/24022 | Keyframes: 3500 | Avg: load=2.1ms, encode=3.0ms, select=18.8ms
[2026-01-28 04:21:26] INFO:   Scan 4000/24022 | Keyframes: 4000 | Avg: load=5.5ms, encode=2.7ms, select=18.5ms
[2026-01-28 04:21:39] INFO:   Scan 4500/24022 | Keyframes: 4500 | Avg: load=3.9ms, encode=2.5ms, select=17.9ms
[2026-01-28 04:21:50] INFO:   Scan 5000/24022 | Keyframes: 5000 | Avg: load=2.0ms, encode=2.4ms, select=17.4ms
[2026-01-28 04:22:01] INFO:   Scan 5500/24022 | Keyframes: 5500 | Avg: load=2.2ms, encode=2.7ms, select=18.0ms
[2026-01-28 04:22:13] INFO:   Scan 6000/24022 | Keyframes: 6000 | Avg: load=1.9ms, encode=2.6ms, select=16.8ms
[2026-01-28 04:22:24] INFO:   Scan 6500/24022 | Keyframes: 6500 | Avg: load=3.0ms, encode=3.3ms, select=16.7ms
[2026-01-28 04:22:36] INFO:   Scan 7000/24022 | Keyframes: 7000 | Avg: load=2.7ms, encode=3.2ms, select=19.1ms
[2026-01-28 04:22:49] INFO:   Scan 7500/24022 | Keyframes: 7500 | Avg: load=4.5ms, encode=2.8ms, select=18.0ms
[2026-01-28 04:23:02] INFO:   Scan 8000/24022 | Keyframes: 8000 | Avg: load=3.3ms, encode=2.8ms, select=18.4ms
[2026-01-28 04:23:14] INFO:   Scan 8500/24022 | Keyframes: 8500 | Avg: load=2.5ms, encode=2.7ms, select=17.9ms
[2026-01-28 04:23:26] INFO:   Scan 9000/24022 | Keyframes: 9000 | Avg: load=2.6ms, encode=2.9ms, select=18.1ms
[2026-01-28 04:23:37] INFO:   Scan 9500/24022 | Keyframes: 9500 | Avg: load=2.1ms, encode=2.8ms, select=17.7ms
[2026-01-28 04:23:50] INFO:   Scan 10000/24022 | Keyframes: 10000 | Avg: load=4.4ms, encode=3.2ms, select=17.9ms
[2026-01-28 04:24:01] INFO:   Scan 10500/24022 | Keyframes: 10500 | Avg: load=1.7ms, encode=2.6ms, select=18.4ms
[2026-01-28 04:24:14] INFO:   Scan 11000/24022 | Keyframes: 11000 | Avg: load=7.0ms, encode=2.5ms, select=18.1ms
[2026-01-28 04:24:28] INFO:   Scan 11500/24022 | Keyframes: 11500 | Avg: load=9.3ms, encode=2.6ms, select=18.7ms
[2026-01-28 04:24:44] INFO:   Scan 12000/24022 | Keyframes: 12000 | Avg: load=8.4ms, encode=3.0ms, select=19.0ms
[2026-01-28 04:24:58] INFO:   Scan 12500/24022 | Keyframes: 12500 | Avg: load=5.2ms, encode=2.5ms, select=18.2ms
[2026-01-28 04:25:12] INFO:   Scan 13000/24022 | Keyframes: 13000 | Avg: load=9.6ms, encode=2.8ms, select=18.8ms
[2026-01-28 04:25:28] INFO:   Scan 13500/24022 | Keyframes: 13500 | Avg: load=9.8ms, encode=2.9ms, select=19.1ms
[2026-01-28 04:25:43] INFO:   Scan 14000/24022 | Keyframes: 14000 | Avg: load=9.8ms, encode=2.8ms, select=18.6ms
[2026-01-28 04:25:59] INFO:   Scan 14500/24022 | Keyframes: 14500 | Avg: load=9.6ms, encode=2.6ms, select=19.0ms
[2026-01-28 04:26:15] INFO:   Scan 15000/24022 | Keyframes: 15000 | Avg: load=10.9ms, encode=3.1ms, select=19.0ms
[2026-01-28 04:26:29] INFO:   Scan 15500/24022 | Keyframes: 15500 | Avg: load=10.0ms, encode=2.8ms, select=18.7ms
[2026-01-28 04:26:44] INFO:   Scan 16000/24022 | Keyframes: 16000 | Avg: load=5.6ms, encode=2.5ms, select=18.3ms
[2026-01-28 04:26:57] INFO:   Scan 16500/24022 | Keyframes: 16500 | Avg: load=10.0ms, encode=2.6ms, select=18.9ms
[2026-01-28 04:27:12] INFO:   Scan 17000/24022 | Keyframes: 17000 | Avg: load=10.6ms, encode=2.9ms, select=18.9ms
[2026-01-28 04:27:28] INFO:   Scan 17500/24022 | Keyframes: 17500 | Avg: load=11.4ms, encode=3.0ms, select=21.8ms
[2026-01-28 04:27:43] INFO:   Scan 18000/24022 | Keyframes: 18000 | Avg: load=3.4ms, encode=2.7ms, select=18.3ms
[2026-01-28 04:27:54] INFO:   Scan 18500/24022 | Keyframes: 18500 | Avg: load=1.1ms, encode=2.5ms, select=17.9ms
[2026-01-28 04:28:07] INFO:   Scan 19000/24022 | Keyframes: 19000 | Avg: load=4.8ms, encode=2.8ms, select=18.3ms
[2026-01-28 04:28:22] INFO:   Scan 19500/24022 | Keyframes: 19500 | Avg: load=7.9ms, encode=2.9ms, select=19.0ms
[2026-01-28 04:28:35] INFO:   Scan 20000/24022 | Keyframes: 20000 | Avg: load=3.4ms, encode=2.3ms, select=18.2ms
[2026-01-28 04:28:47] INFO:   Scan 20500/24022 | Keyframes: 20500 | Avg: load=6.7ms, encode=2.4ms, select=17.8ms
[2026-01-28 04:29:02] INFO:   Scan 21000/24022 | Keyframes: 21000 | Avg: load=7.3ms, encode=2.8ms, select=18.7ms
[2026-01-28 04:29:16] INFO:   Scan 21500/24022 | Keyframes: 21500 | Avg: load=5.8ms, encode=2.5ms, select=17.6ms
[2026-01-28 04:29:30] INFO:   Scan 22000/24022 | Keyframes: 22000 | Avg: load=8.9ms, encode=2.7ms, select=18.6ms
[2026-01-28 04:29:45] INFO:   Scan 22500/24022 | Keyframes: 22500 | Avg: load=8.2ms, encode=2.8ms, select=18.5ms
[2026-01-28 04:30:00] INFO:   Scan 23000/24022 | Keyframes: 23000 | Avg: load=10.8ms, encode=2.6ms, select=21.4ms
[2026-01-28 04:30:12] INFO:   Scan 23500/24022 | Keyframes: 23500 | Avg: load=11.9ms, encode=2.8ms, select=19.6ms
[2026-01-28 04:30:28] INFO:   Scan 24000/24022 | Keyframes: 24000 | Avg: load=7.3ms, encode=2.6ms, select=15.8ms
[2026-01-28 04:30:29] INFO:   Completed: 24022/24022 keyframes (100.0% selection rate)
[2026-01-28 04:30:29] INFO:     Date 2013-02-23: 24022 keyframes (seq_id=14)
[2026-01-28 04:30:29] INFO: Total training keyframes: 170862 across 15 sequences
[2026-01-28 04:30:29] INFO: 
[2026-01-28 04:30:29] INFO: [3/6] Loading validation dataset...
[2026-01-28 04:30:29] INFO: Processing 1591 scans from kitti_val_09...
[2026-01-28 04:30:29] INFO:   Scan 0/1591 | Keyframes: 0 | Avg: load=0.0ms, encode=0.0ms, select=0.0ms
[2026-01-28 04:30:34] INFO:   Scan 500/1591 | Keyframes: 500 | Avg: load=0.4ms, encode=7.6ms, select=0.1ms
[2026-01-28 04:30:40] INFO:   Scan 1000/1591 | Keyframes: 1000 | Avg: load=0.4ms, encode=7.9ms, select=14.7ms
[2026-01-28 04:30:45] INFO:   Scan 1500/1591 | Keyframes: 1500 | Avg: load=0.4ms, encode=7.7ms, select=0.5ms
[2026-01-28 04:30:47] INFO:   Completed: 1591/1591 keyframes (100.0% selection rate)
[2026-01-28 04:30:47] INFO:   Validation 09: 1591 keyframes
[2026-01-28 04:30:47] INFO: Total validation keyframes: 1591
[2026-01-28 04:30:47] INFO: 
[2026-01-28 04:30:47] INFO: [4/6] Building temporal graphs with edge distances...
[2026-01-28 04:31:02] INFO:   Training graph: 170,862 nodes, 683,442 edges, edge_attr=yes (built in 12.51s)
[2026-01-28 04:31:02] INFO:   Validation graph: 1,591 nodes, 6,358 edges (built in 0.10s)
[2026-01-28 04:31:02] INFO: 
[2026-01-28 04:31:02] INFO: [5/6] Creating GNN model...
[2026-01-28 04:31:02] INFO:   GNN parameters: 8,700
[2026-01-28 04:31:02] INFO:   Architecture: 3 layers, 50 hidden dim, edge_dim=2
Using single GPU for training
[2026-01-28 04:31:02] INFO: 
[2026-01-28 04:31:02] INFO: [6/6] Starting GNN training...
[2026-01-28 04:31:02] INFO: ================================================================================
[2026-01-28 04:31:02] INFO: Training configuration:
[2026-01-28 04:31:02] INFO:   Epochs: 50
[2026-01-28 04:31:02] INFO:   Learning rate: 0.0005
[2026-01-28 04:31:02] INFO:   Margin: 0.1
[2026-01-28 04:31:02] INFO:   Sequences: 15 (per-sequence mining enabled)
[2026-01-28 04:31:02] INFO: 
[2026-01-28 04:31:02] INFO: Starting training for 50 epochs...
[2026-01-28 04:31:02] INFO: Training graph: 170,862 nodes, 683,442 edges
[2026-01-28 04:31:02] INFO: Per-sequence mining enabled: 15 sequences
[2026-01-28 04:31:02] INFO: Mining triplets for epoch 1...
[2026-01-28 04:31:02] INFO: Mining triplets per sequence (15 sequences)...
[2026-01-28 04:31:09] INFO:   Seq 1/15 (id=0): 4,541 keyframes -> 1,706 triplets (7.0s, 242/s)
[2026-01-28 04:31:09] INFO:   Seq 2/15 (id=1): 1,101 keyframes -> 0 triplets (0.0s, 0/s)
[2026-01-28 04:31:11] INFO:   Seq 3/15 (id=2): 4,661 keyframes -> 731 triplets (1.9s, 380/s)
[2026-01-28 04:31:11] INFO:   Seq 4/15 (id=3): 801 keyframes -> 16 triplets (0.0s, 330/s)
[2026-01-28 04:31:11] INFO:   Seq 5/15 (id=4): 271 keyframes -> 0 triplets (0.0s, 0/s)
[2026-01-28 04:31:15] INFO:   Seq 6/15 (id=5): 2,761 keyframes -> 1,069 triplets (3.7s, 293/s)
[2026-01-28 04:31:17] INFO:   Seq 7/15 (id=6): 1,101 keyframes -> 565 triplets (1.7s, 332/s)
[2026-01-28 04:31:17] INFO:   Seq 8/15 (id=7): 1,101 keyframes -> 211 triplets (0.4s, 487/s)
[2026-01-28 04:31:19] INFO:   Seq 9/15 (id=8): 4,071 keyframes -> 679 triplets (1.9s, 357/s)
[2026-01-28 04:36:27] INFO:   Seq 10/15 (id=9): 28,127 keyframes -> 17,079 triplets (307.9s, 55/s)
[2026-01-28 04:40:13] INFO:   Seq 11/15 (id=10): 25,496 keyframes -> 14,367 triplets (226.3s, 63/s)
[2026-01-28 04:43:56] INFO:   Seq 12/15 (id=11): 24,116 keyframes -> 13,512 triplets (223.3s, 61/s)
[2026-01-28 04:48:07] INFO:   Seq 13/15 (id=12): 24,145 keyframes -> 15,537 triplets (250.8s, 62/s)
[2026-01-28 04:51:34] INFO:   Seq 14/15 (id=13): 24,547 keyframes -> 14,150 triplets (206.9s, 68/s)
[2026-01-28 04:55:10] INFO:   Seq 15/15 (id=14): 24,022 keyframes -> 13,512 triplets (216.1s, 63/s)
[2026-01-28 04:55:10] INFO: Mined 93,134 triplets in 1448.06s (64 triplets/sec)
Traceback (most recent call last):
  File "/workspace/Neural-Spectral-Codec/train_multi_dataset.py", line 535, in <module>
    main()
  File "/workspace/Neural-Spectral-Codec/train_multi_dataset.py", line 508, in main
    trainer.train(
  File "/workspace/Neural-Spectral-Codec/src/gnn/trainer.py", line 424, in train
    avg_loss = self.train_epoch(
               ^^^^^^^^^^^^^^^^^
  File "/workspace/Neural-Spectral-Codec/src/gnn/trainer.py", line 204, in train_epoch
    embeddings = self.model(graph)
                 ^^^^^^^^^^^^^^^^^
  File "/opt/conda/lib/python3.11/site-packages/torch/nn/modules/module.py", line 1736, in _wrapped_call_impl
    return self._call_impl(*args, **kwargs)
           ^^^^^^^^^^^^^^^^^^^^^^^^^^^^^^^^
  File "/opt/conda/lib/python3.11/site-packages/torch/nn/modules/module.py", line 1747, in _call_impl
    return forward_call(*args, **kwargs)
           ^^^^^^^^^^^^^^^^^^^^^^^^^^^^^
  File "/workspace/Neural-Spectral-Codec/src/gnn/model.py", line 252, in forward
    return self.gnn(data)
           ^^^^^^^^^^^^^^
  File "/opt/conda/lib/python3.11/site-packages/torch/nn/modules/module.py", line 1736, in _wrapped_call_impl
    return self._call_impl(*args, **kwargs)
           ^^^^^^^^^^^^^^^^^^^^^^^^^^^^^^^^
  File "/opt/conda/lib/python3.11/site-packages/torch/nn/modules/module.py", line 1747, in _call_impl
    return forward_call(*args, **kwargs)
           ^^^^^^^^^^^^^^^^^^^^^^^^^^^^^
  File "/workspace/Neural-Spectral-Codec/src/gnn/model.py", line 140, in forward
    x = conv(x, edge_index, edge_attr=edge_attr)
        ^^^^^^^^^^^^^^^^^^^^^^^^^^^^^^^^^^^^^^^^
  File "/opt/conda/lib/python3.11/site-packages/torch/nn/modules/module.py", line 1736, in _wrapped_call_impl
    return self._call_impl(*args, **kwargs)
           ^^^^^^^^^^^^^^^^^^^^^^^^^^^^^^^^
  File "/opt/conda/lib/python3.11/site-packages/torch/nn/modules/module.py", line 1747, in _call_impl
    return forward_call(*args, **kwargs)
           ^^^^^^^^^^^^^^^^^^^^^^^^^^^^^
  File "/opt/conda/lib/python3.11/site-packages/torch_geometric/nn/conv/gat_conv.py", line 302, in forward
    x_src = x_dst = self.lin(x).view(-1, H, C)
                    ^^^^^^^^^^^
  File "/opt/conda/lib/python3.11/site-packages/torch/nn/modules/module.py", line 1736, in _wrapped_call_impl
    return self._call_impl(*args, **kwargs)
           ^^^^^^^^^^^^^^^^^^^^^^^^^^^^^^^^
  File "/opt/conda/lib/python3.11/site-packages/torch/nn/modules/module.py", line 1747, in _call_impl
    return forward_call(*args, **kwargs)
           ^^^^^^^^^^^^^^^^^^^^^^^^^^^^^
  File "/opt/conda/lib/python3.11/site-packages/torch_geometric/nn/dense/linear.py", line 127, in forward
    return F.linear(x, self.weight, self.bias)
           ^^^^^^^^^^^^^^^^^^^^^^^^^^^^^^^^^^^
RuntimeError: mat1 and mat2 shapes cannot be multiplied (170862x800 and 50x50)
