[2026-01-21 04:45:09] INFO: ================================================================================
[2026-01-21 04:45:09] INFO: NEURAL SPECTRAL CODEC - MULTI-DATASET TRAINING
[2026-01-21 04:45:09] INFO: ================================================================================
[2026-01-21 04:45:09] INFO: Log file: logs/training_20260121_044509.log
[2026-01-21 04:45:09] INFO: Loading configuration...
[2026-01-21 04:45:09] INFO:   n_elevation: 16
[2026-01-21 04:45:09] INFO:   n_azimuth: 360
[2026-01-21 04:45:09] INFO:   n_bins: 50
[2026-01-21 04:45:09] INFO:   distance_threshold: 0.8m
[2026-01-21 04:45:09] INFO:   n_epochs: 50
[2026-01-21 04:45:09] INFO: Using device: cpu
[2026-01-21 04:45:09] INFO: 
[2026-01-21 04:45:09] INFO: [1/6] Creating spectral encoder...
[2026-01-21 04:45:09] INFO:   Encoder created (n_elevation=16, n_bins=50)
[2026-01-21 04:45:09] INFO: 
[2026-01-21 04:45:09] INFO: [2/6] Loading training datasets...
[2026-01-21 04:45:09] INFO:   Loading KITTI from /workspace/data/kitti/dataset
[2026-01-21 04:45:09] INFO: Processing 4541 scans from kitti_00...
[2026-01-21 04:45:09] INFO:   Scan 0/4541 | Keyframes: 0 | Avg: load=0.0ms, encode=0.0ms, select=0.0ms
[2026-01-21 04:45:52] INFO:   Scan 500/4541 | Keyframes: 500 | Avg: load=36.3ms, encode=25.6ms, select=24.7ms
[2026-01-21 04:46:35] INFO:   Scan 1000/4541 | Keyframes: 1000 | Avg: load=36.9ms, encode=26.8ms, select=23.6ms
[2026-01-21 04:47:18] INFO:   Scan 1500/4541 | Keyframes: 1500 | Avg: load=36.6ms, encode=30.1ms, select=12.9ms
[2026-01-21 04:48:00] INFO:   Scan 2000/4541 | Keyframes: 2000 | Avg: load=36.7ms, encode=22.9ms, select=32.0ms
[2026-01-21 04:48:42] INFO:   Scan 2500/4541 | Keyframes: 2500 | Avg: load=36.6ms, encode=27.3ms, select=21.1ms
