[2026-01-28 03:22:45] INFO: ================================================================================
[2026-01-28 03:22:45] INFO: NEURAL SPECTRAL CODEC - MULTI-DATASET TRAINING
[2026-01-28 03:22:45] INFO: ================================================================================
[2026-01-28 03:22:45] INFO: Log file: logs/training_20260128_032245.log
[2026-01-28 03:22:45] INFO: Loading configuration from: configs/training_multi_dataset.yaml
[2026-01-28 03:22:45] INFO:   n_elevation: 16
[2026-01-28 03:22:45] INFO:   n_azimuth: 360
[2026-01-28 03:22:45] INFO:   n_bins: 50
[2026-01-28 03:22:45] INFO:   distance_threshold: 0.8m
[2026-01-28 03:22:45] INFO:   n_epochs: 50
[2026-01-28 03:22:45] INFO: Using device: cpu
[2026-01-28 03:22:45] INFO: 
[2026-01-28 03:22:45] INFO: [1/6] Creating spectral encoder...
[2026-01-28 03:22:45] INFO:   Encoder created (n_elevation=16, n_bins=50)
[2026-01-28 03:22:45] INFO: 
[2026-01-28 03:22:45] INFO: [2/6] Loading training datasets...
[2026-01-28 03:22:45] INFO:   Loading KITTI from /workspace/data/kitti/dataset
[2026-01-28 03:22:45] INFO: Processing 4541 scans from kitti_00...
[2026-01-28 03:22:45] INFO:   Scan 0/4541 | Keyframes: 0 | Avg: load=0.0ms, encode=0.0ms, select=0.0ms
[2026-01-28 03:22:56] INFO:   Scan 500/4541 | Keyframes: 500 | Avg: load=1.0ms, encode=9.9ms, select=11.8ms
[2026-01-28 03:23:06] INFO:   Scan 1000/4541 | Keyframes: 1000 | Avg: load=0.9ms, encode=9.4ms, select=10.5ms
[2026-01-28 03:23:16] INFO:   Scan 1500/4541 | Keyframes: 1500 | Avg: load=0.9ms, encode=9.4ms, select=6.1ms
[2026-01-28 03:23:26] INFO:   Scan 2000/4541 | Keyframes: 2000 | Avg: load=1.0ms, encode=9.9ms, select=15.0ms
[2026-01-28 03:23:36] INFO:   Scan 2500/4541 | Keyframes: 2500 | Avg: load=0.9ms, encode=9.7ms, select=10.4ms
