[2026-01-20 05:52:00] INFO: ================================================================================
[2026-01-20 05:52:00] INFO: NEURAL SPECTRAL CODEC - MULTI-DATASET TRAINING
[2026-01-20 05:52:00] INFO: ================================================================================
[2026-01-20 05:52:00] INFO: Log file: logs/training_20260120_055200.log
[2026-01-20 05:52:00] INFO: Loading configuration...
[2026-01-20 05:52:00] INFO:   n_elevation: 16
[2026-01-20 05:52:00] INFO:   n_azimuth: 360
[2026-01-20 05:52:00] INFO:   n_bins: 50
[2026-01-20 05:52:00] INFO:   distance_threshold: 0.8m
[2026-01-20 05:52:00] INFO:   n_epochs: 50
[2026-01-20 05:52:00] INFO: Using device: cuda
[2026-01-20 05:52:00] INFO:   GPU: NVIDIA RTX 5000 Ada Generation
[2026-01-20 05:52:00] INFO:   VRAM: 33.8 GB
[2026-01-20 05:52:00] INFO: 
[2026-01-20 05:52:00] INFO: [1/6] Creating spectral encoder...
[2026-01-20 05:52:00] INFO:   Encoder created (n_elevation=16, n_bins=50)
[2026-01-20 05:52:00] INFO: 
[2026-01-20 05:52:00] INFO: [2/6] Loading training datasets...
[2026-01-20 05:52:00] INFO:   Loading KITTI from /workspace/data/kitti/dataset
[2026-01-20 05:52:00] INFO: Processing 4541 scans from kitti_00...
[2026-01-20 05:52:00] INFO:   Scan 0/4541 | Keyframes: 0 | Avg: load=0.0ms, encode=0.0ms, select=0.0ms
[2026-01-20 05:52:48] INFO:   Scan 500/4541 | Keyframes: 500 | Avg: load=29.0ms, encode=47.9ms, select=15.0ms
[2026-01-20 05:53:36] INFO:   Scan 1000/4541 | Keyframes: 1000 | Avg: load=28.8ms, encode=40.7ms, select=13.9ms
[2026-01-20 05:54:18] INFO:   Scan 1500/4541 | Keyframes: 1500 | Avg: load=29.0ms, encode=45.9ms, select=7.7ms
[2026-01-20 05:55:05] INFO:   Scan 2000/4541 | Keyframes: 2000 | Avg: load=29.4ms, encode=38.2ms, select=18.5ms
[2026-01-20 05:55:53] INFO:   Scan 2500/4541 | Keyframes: 2500 | Avg: load=29.1ms, encode=52.5ms, select=13.5ms
[2026-01-20 05:56:37] INFO:   Scan 3000/4541 | Keyframes: 3000 | Avg: load=30.0ms, encode=54.8ms, select=9.4ms
[2026-01-20 05:57:23] INFO:   Scan 3500/4541 | Keyframes: 3500 | Avg: load=13.5ms, encode=34.5ms, select=11.7ms
[2026-01-20 05:58:03] INFO:   Scan 4000/4541 | Keyframes: 4000 | Avg: load=12.7ms, encode=54.4ms, select=17.4ms
[2026-01-20 05:58:44] INFO:   Scan 4500/4541 | Keyframes: 4500 | Avg: load=27.9ms, encode=64.1ms, select=15.0ms
[2026-01-20 05:58:47] INFO:   Completed: 4541/4541 keyframes (100.0% selection rate)
[2026-01-20 05:58:47] INFO:     Sequence 00: 4541 keyframes (seq_id=0)
[2026-01-20 05:58:47] INFO: Processing 1101 scans from kitti_01...
[2026-01-20 05:58:47] INFO:   Scan 0/1101 | Keyframes: 0 | Avg: load=0.0ms, encode=0.0ms, select=0.0ms
[2026-01-20 05:59:28] INFO:   Scan 500/1101 | Keyframes: 500 | Avg: load=24.9ms, encode=43.5ms, select=0.1ms
[2026-01-20 06:00:04] INFO:   Scan 1000/1101 | Keyframes: 1000 | Avg: load=24.0ms, encode=39.1ms, select=0.1ms
[2026-01-20 06:00:10] INFO:   Completed: 1101/1101 keyframes (100.0% selection rate)
[2026-01-20 06:00:10] INFO:     Sequence 01: 1101 keyframes (seq_id=1)
[2026-01-20 06:00:10] INFO: Processing 4661 scans from kitti_02...
[2026-01-20 06:00:10] INFO:   Scan 0/4661 | Keyframes: 0 | Avg: load=0.0ms, encode=0.0ms, select=0.0ms
[2026-01-20 06:00:51] INFO:   Scan 500/4661 | Keyframes: 500 | Avg: load=25.7ms, encode=47.5ms, select=1.1ms
[2026-01-20 06:01:35] INFO:   Scan 1000/4661 | Keyframes: 1000 | Avg: load=26.0ms, encode=49.3ms, select=11.0ms
[2026-01-20 06:02:17] INFO:   Scan 1500/4661 | Keyframes: 1500 | Avg: load=24.8ms, encode=39.7ms, select=0.1ms
[2026-01-20 06:02:51] INFO:   Scan 2000/4661 | Keyframes: 2000 | Avg: load=25.2ms, encode=38.1ms, select=4.6ms
[2026-01-20 06:03:09] INFO:   Scan 2500/4661 | Keyframes: 2500 | Avg: load=2.3ms, encode=32.4ms, select=0.1ms
[2026-01-20 06:03:28] INFO:   Scan 3000/4661 | Keyframes: 3000 | Avg: load=3.5ms, encode=31.4ms, select=0.1ms
[2026-01-20 06:03:51] INFO:   Scan 3500/4661 | Keyframes: 3500 | Avg: load=8.6ms, encode=32.3ms, select=5.0ms
[2026-01-20 06:04:10] INFO:   Scan 4000/4661 | Keyframes: 4000 | Avg: load=1.9ms, encode=31.9ms, select=0.1ms
[2026-01-20 06:04:29] INFO:   Scan 4500/4661 | Keyframes: 4500 | Avg: load=2.8ms, encode=32.0ms, select=0.1ms
[2026-01-20 06:04:42] INFO:   Completed: 4661/4661 keyframes (100.0% selection rate)
[2026-01-20 06:04:42] INFO:     Sequence 02: 4661 keyframes (seq_id=2)
[2026-01-20 06:04:42] INFO: Processing 801 scans from kitti_03...
[2026-01-20 06:04:42] INFO:   Scan 0/801 | Keyframes: 0 | Avg: load=0.0ms, encode=0.0ms, select=0.0ms
[2026-01-20 06:05:39] INFO:   Scan 500/801 | Keyframes: 500 | Avg: load=2.7ms, encode=31.2ms, select=3.5ms
[2026-01-20 06:05:54] INFO:   Completed: 801/801 keyframes (100.0% selection rate)
[2026-01-20 06:05:54] INFO:     Sequence 03: 801 keyframes (seq_id=3)
[2026-01-20 06:05:54] INFO: Processing 271 scans from kitti_04...
[2026-01-20 06:05:54] INFO:   Scan 0/271 | Keyframes: 0 | Avg: load=0.0ms, encode=0.0ms, select=0.0ms
[2026-01-20 06:06:04] INFO:   Completed: 271/271 keyframes (100.0% selection rate)
[2026-01-20 06:06:04] INFO:     Sequence 04: 271 keyframes (seq_id=4)
[2026-01-20 06:06:04] INFO: Processing 2761 scans from kitti_05...
[2026-01-20 06:06:04] INFO:   Scan 0/2761 | Keyframes: 0 | Avg: load=0.0ms, encode=0.0ms, select=0.0ms
[2026-01-20 06:06:35] INFO:   Scan 500/2761 | Keyframes: 500 | Avg: load=1.6ms, encode=39.4ms, select=12.7ms
[2026-01-20 06:07:01] INFO:   Scan 1000/2761 | Keyframes: 1000 | Avg: load=2.7ms, encode=47.8ms, select=14.4ms
[2026-01-20 06:07:32] INFO:   Scan 1500/2761 | Keyframes: 1500 | Avg: load=8.1ms, encode=34.7ms, select=0.3ms
[2026-01-20 06:08:01] INFO:   Scan 2000/2761 | Keyframes: 2000 | Avg: load=7.3ms, encode=47.2ms, select=0.1ms
[2026-01-20 06:08:32] INFO:   Scan 2500/2761 | Keyframes: 2500 | Avg: load=1.3ms, encode=56.1ms, select=7.2ms
[2026-01-20 06:09:09] INFO:   Completed: 2761/2761 keyframes (100.0% selection rate)
[2026-01-20 06:09:09] INFO:     Sequence 05: 2761 keyframes (seq_id=5)
[2026-01-20 06:09:09] INFO: Processing 1101 scans from kitti_06...
[2026-01-20 06:09:09] INFO:   Scan 0/1101 | Keyframes: 0 | Avg: load=0.0ms, encode=0.0ms, select=0.0ms
[2026-01-20 06:10:21] INFO:   Scan 500/1101 | Keyframes: 500 | Avg: load=1.4ms, encode=135.5ms, select=5.9ms
[2026-01-20 06:11:23] INFO:   Scan 1000/1101 | Keyframes: 1000 | Avg: load=2.2ms, encode=44.7ms, select=0.1ms
[2026-01-20 06:11:28] INFO:   Completed: 1101/1101 keyframes (100.0% selection rate)
[2026-01-20 06:11:28] INFO:     Sequence 06: 1101 keyframes (seq_id=6)
[2026-01-20 06:11:28] INFO: Processing 1101 scans from kitti_07...
[2026-01-20 06:11:28] INFO:   Scan 0/1101 | Keyframes: 0 | Avg: load=0.0ms, encode=0.0ms, select=0.0ms
[2026-01-20 06:12:25] INFO:   Scan 500/1101 | Keyframes: 500 | Avg: load=12.9ms, encode=146.2ms, select=14.4ms
[2026-01-20 06:13:45] INFO:   Scan 1000/1101 | Keyframes: 1000 | Avg: load=2.2ms, encode=155.0ms, select=20.8ms
[2026-01-20 06:14:04] INFO:   Completed: 1101/1101 keyframes (100.0% selection rate)
[2026-01-20 06:14:04] INFO:     Sequence 07: 1101 keyframes (seq_id=7)
[2026-01-20 06:14:04] INFO: Processing 4071 scans from kitti_08...
[2026-01-20 06:14:04] INFO:   Scan 0/4071 | Keyframes: 0 | Avg: load=0.0ms, encode=0.0ms, select=0.0ms
[2026-01-20 06:15:20] INFO:   Scan 500/4071 | Keyframes: 500 | Avg: load=1.4ms, encode=145.8ms, select=12.2ms
[2026-01-20 06:16:38] INFO:   Scan 1000/4071 | Keyframes: 1000 | Avg: load=15.7ms, encode=142.6ms, select=4.7ms
[2026-01-20 06:18:01] INFO:   Scan 1500/4071 | Keyframes: 1500 | Avg: load=23.3ms, encode=129.8ms, select=14.0ms
[2026-01-20 06:19:11] INFO:   Scan 2000/4071 | Keyframes: 2000 | Avg: load=30.9ms, encode=121.9ms, select=21.4ms
[2026-01-20 06:20:20] INFO:   Scan 2500/4071 | Keyframes: 2500 | Avg: load=15.3ms, encode=107.6ms, select=15.0ms
[2026-01-20 06:21:26] INFO:   Scan 3000/4071 | Keyframes: 3000 | Avg: load=31.1ms, encode=106.8ms, select=14.8ms
[2026-01-20 06:22:28] INFO:   Scan 3500/4071 | Keyframes: 3500 | Avg: load=1.0ms, encode=100.9ms, select=14.5ms
[2026-01-20 06:23:22] INFO:   Scan 4000/4071 | Keyframes: 4000 | Avg: load=1.0ms, encode=101.1ms, select=9.2ms
[2026-01-20 06:23:31] INFO:   Completed: 4071/4071 keyframes (100.0% selection rate)
[2026-01-20 06:23:31] INFO:     Sequence 08: 4071 keyframes (seq_id=8)
[2026-01-20 06:23:31] INFO:   Loading NCLT from /workspace/data/nclt
Loaded 28127 matched poses (from 835468 ground truth)
[2026-01-20 06:24:18] INFO: Processing 28127 scans from nclt_2012-01-08...
[2026-01-20 06:24:18] INFO:   Scan 0/28127 | Keyframes: 0 | Avg: load=0.0ms, encode=0.0ms, select=0.0ms
[2026-01-20 06:25:14] INFO:   Scan 500/28127 | Keyframes: 500 | Avg: load=1.4ms, encode=88.1ms, select=19.4ms
[2026-01-20 06:26:13] INFO:   Scan 1000/28127 | Keyframes: 1000 | Avg: load=1.9ms, encode=92.9ms, select=19.3ms
[2026-01-20 06:26:54] INFO:   Scan 1500/28127 | Keyframes: 1500 | Avg: load=7.6ms, encode=24.8ms, select=18.9ms
[2026-01-20 06:27:26] INFO:   Scan 2000/28127 | Keyframes: 2000 | Avg: load=22.4ms, encode=25.3ms, select=20.0ms
[2026-01-20 06:27:56] INFO:   Scan 2500/28127 | Keyframes: 2500 | Avg: load=13.3ms, encode=23.8ms, select=18.6ms
[2026-01-20 06:28:27] INFO:   Scan 3000/28127 | Keyframes: 3000 | Avg: load=18.1ms, encode=25.7ms, select=19.3ms
[2026-01-20 06:29:19] INFO:   Scan 3500/28127 | Keyframes: 3500 | Avg: load=15.2ms, encode=49.3ms, select=18.5ms
[2026-01-20 06:29:58] INFO:   Scan 4000/28127 | Keyframes: 4000 | Avg: load=15.4ms, encode=28.2ms, select=18.0ms
[2026-01-20 06:30:32] INFO:   Scan 4500/28127 | Keyframes: 4500 | Avg: load=14.1ms, encode=28.4ms, select=18.2ms
[2026-01-20 06:31:05] INFO:   Scan 5000/28127 | Keyframes: 5000 | Avg: load=11.4ms, encode=44.2ms, select=17.3ms
[2026-01-20 06:31:46] INFO:   Scan 5500/28127 | Keyframes: 5500 | Avg: load=17.4ms, encode=52.1ms, select=18.8ms
[2026-01-20 06:32:18] INFO:   Scan 6000/28127 | Keyframes: 6000 | Avg: load=13.3ms, encode=27.7ms, select=18.5ms
[2026-01-20 06:32:54] INFO:   Scan 6500/28127 | Keyframes: 6500 | Avg: load=13.5ms, encode=41.1ms, select=17.8ms
[2026-01-20 06:33:33] INFO:   Scan 7000/28127 | Keyframes: 7000 | Avg: load=13.5ms, encode=35.5ms, select=17.8ms
[2026-01-20 06:34:09] INFO:   Scan 7500/28127 | Keyframes: 7500 | Avg: load=12.8ms, encode=49.9ms, select=18.1ms
[2026-01-20 06:34:44] INFO:   Scan 8000/28127 | Keyframes: 8000 | Avg: load=14.7ms, encode=46.1ms, select=17.7ms
[2026-01-20 06:35:20] INFO:   Scan 8500/28127 | Keyframes: 8500 | Avg: load=15.6ms, encode=32.0ms, select=19.0ms
[2026-01-20 06:35:56] INFO:   Scan 9000/28127 | Keyframes: 9000 | Avg: load=14.1ms, encode=26.8ms, select=19.0ms
[2026-01-20 06:36:33] INFO:   Scan 9500/28127 | Keyframes: 9500 | Avg: load=15.7ms, encode=46.3ms, select=19.0ms
[2026-01-20 06:37:11] INFO:   Scan 10000/28127 | Keyframes: 10000 | Avg: load=16.8ms, encode=46.8ms, select=19.4ms
[2026-01-20 06:37:51] INFO:   Scan 10500/28127 | Keyframes: 10500 | Avg: load=17.0ms, encode=41.1ms, select=19.5ms
[2026-01-20 06:38:26] INFO:   Scan 11000/28127 | Keyframes: 11000 | Avg: load=14.9ms, encode=39.3ms, select=18.4ms
[2026-01-20 06:39:01] INFO:   Scan 11500/28127 | Keyframes: 11500 | Avg: load=13.3ms, encode=27.1ms, select=18.6ms
[2026-01-20 06:39:40] INFO:   Scan 12000/28127 | Keyframes: 12000 | Avg: load=13.5ms, encode=49.5ms, select=18.1ms
[2026-01-20 06:40:17] INFO:   Scan 12500/28127 | Keyframes: 12500 | Avg: load=16.6ms, encode=46.4ms, select=17.5ms
[2026-01-20 06:40:55] INFO:   Scan 13000/28127 | Keyframes: 13000 | Avg: load=13.6ms, encode=52.9ms, select=18.8ms
[2026-01-20 06:41:26] INFO:   Scan 13500/28127 | Keyframes: 13500 | Avg: load=14.6ms, encode=29.8ms, select=18.2ms
[2026-01-20 06:41:59] INFO:   Scan 14000/28127 | Keyframes: 14000 | Avg: load=14.2ms, encode=27.3ms, select=17.8ms
[2026-01-20 06:42:28] INFO:   Scan 14500/28127 | Keyframes: 14500 | Avg: load=19.1ms, encode=25.1ms, select=18.5ms
[2026-01-20 06:42:57] INFO:   Scan 15000/28127 | Keyframes: 15000 | Avg: load=14.9ms, encode=24.6ms, select=17.4ms
[2026-01-20 06:43:26] INFO:   Scan 15500/28127 | Keyframes: 15500 | Avg: load=11.3ms, encode=24.3ms, select=16.4ms
[2026-01-20 06:43:54] INFO:   Scan 16000/28127 | Keyframes: 16000 | Avg: load=12.8ms, encode=23.9ms, select=18.3ms
[2026-01-20 06:44:22] INFO:   Scan 16500/28127 | Keyframes: 16500 | Avg: load=13.4ms, encode=24.2ms, select=18.1ms
[2026-01-20 06:45:11] INFO:   Scan 17000/28127 | Keyframes: 17000 | Avg: load=19.3ms, encode=24.6ms, select=18.6ms
[2026-01-20 06:45:39] INFO:   Scan 17500/28127 | Keyframes: 17500 | Avg: load=17.0ms, encode=24.9ms, select=16.9ms
[2026-01-20 06:46:10] INFO:   Scan 18000/28127 | Keyframes: 18000 | Avg: load=13.4ms, encode=25.1ms, select=19.1ms
[2026-01-20 06:46:40] INFO:   Scan 18500/28127 | Keyframes: 18500 | Avg: load=16.2ms, encode=26.2ms, select=16.6ms
[2026-01-20 06:47:17] INFO:   Scan 19000/28127 | Keyframes: 19000 | Avg: load=18.0ms, encode=47.6ms, select=18.2ms
[2026-01-20 06:47:54] INFO:   Scan 19500/28127 | Keyframes: 19500 | Avg: load=16.3ms, encode=42.9ms, select=18.5ms
[2026-01-20 06:48:31] INFO:   Scan 20000/28127 | Keyframes: 20000 | Avg: load=16.4ms, encode=38.5ms, select=18.2ms
[2026-01-20 06:49:11] INFO:   Scan 20500/28127 | Keyframes: 20500 | Avg: load=11.5ms, encode=56.2ms, select=19.6ms
[2026-01-20 06:49:47] INFO:   Scan 21000/28127 | Keyframes: 21000 | Avg: load=11.7ms, encode=30.9ms, select=18.8ms
[2026-01-20 06:50:18] INFO:   Scan 21500/28127 | Keyframes: 21500 | Avg: load=10.9ms, encode=23.6ms, select=18.1ms
[2026-01-20 06:50:42] INFO:   Scan 22000/28127 | Keyframes: 22000 | Avg: load=5.4ms, encode=23.4ms, select=18.2ms
[2026-01-20 06:51:06] INFO:   Scan 22500/28127 | Keyframes: 22500 | Avg: load=2.3ms, encode=25.0ms, select=18.6ms
[2026-01-20 06:51:30] INFO:   Scan 23000/28127 | Keyframes: 23000 | Avg: load=7.4ms, encode=23.8ms, select=17.9ms
[2026-01-20 06:51:55] INFO:   Scan 23500/28127 | Keyframes: 23500 | Avg: load=2.3ms, encode=44.5ms, select=18.0ms
[2026-01-20 06:52:32] INFO:   Scan 24000/28127 | Keyframes: 24000 | Avg: load=2.5ms, encode=38.1ms, select=18.7ms
[2026-01-20 06:52:59] INFO:   Scan 24500/28127 | Keyframes: 24500 | Avg: load=2.5ms, encode=25.1ms, select=18.2ms
[2026-01-20 06:53:24] INFO:   Scan 25000/28127 | Keyframes: 25000 | Avg: load=4.8ms, encode=28.7ms, select=18.3ms
[2026-01-20 06:53:54] INFO:   Scan 25500/28127 | Keyframes: 25500 | Avg: load=5.5ms, encode=29.3ms, select=18.6ms
[2026-01-20 06:54:21] INFO:   Scan 26000/28127 | Keyframes: 26000 | Avg: load=6.5ms, encode=24.1ms, select=17.6ms
[2026-01-20 06:54:51] INFO:   Scan 26500/28127 | Keyframes: 26500 | Avg: load=6.9ms, encode=53.0ms, select=19.7ms
[2026-01-20 06:55:22] INFO:   Scan 27000/28127 | Keyframes: 27000 | Avg: load=5.7ms, encode=44.8ms, select=18.6ms
[2026-01-20 06:55:51] INFO:   Scan 27500/28127 | Keyframes: 27500 | Avg: load=8.4ms, encode=37.0ms, select=15.5ms
[2026-01-20 06:56:24] INFO:   Scan 28000/28127 | Keyframes: 28000 | Avg: load=9.9ms, encode=48.9ms, select=17.5ms
[2026-01-20 06:56:30] INFO:   Completed: 28127/28127 keyframes (100.0% selection rate)
[2026-01-20 06:56:30] INFO:     Date 2012-01-08: 28127 keyframes (seq_id=9)
Loaded 25496 matched poses (from 753954 ground truth)
[2026-01-20 06:56:59] INFO: Processing 25496 scans from nclt_2012-05-11...
[2026-01-20 06:56:59] INFO:   Scan 0/25496 | Keyframes: 0 | Avg: load=0.0ms, encode=0.0ms, select=0.0ms
[2026-01-20 06:57:33] INFO:   Scan 500/25496 | Keyframes: 500 | Avg: load=3.1ms, encode=57.5ms, select=19.5ms
[2026-01-20 06:58:04] INFO:   Scan 1000/25496 | Keyframes: 1000 | Avg: load=2.9ms, encode=25.3ms, select=19.6ms
[2026-01-20 06:58:30] INFO:   Scan 1500/25496 | Keyframes: 1500 | Avg: load=3.5ms, encode=28.3ms, select=19.5ms
[2026-01-20 06:58:55] INFO:   Scan 2000/25496 | Keyframes: 2000 | Avg: load=2.6ms, encode=24.3ms, select=18.7ms
[2026-01-20 06:59:21] INFO:   Scan 2500/25496 | Keyframes: 2500 | Avg: load=7.1ms, encode=32.3ms, select=18.2ms
[2026-01-20 06:59:51] INFO:   Scan 3000/25496 | Keyframes: 3000 | Avg: load=8.8ms, encode=32.0ms, select=17.6ms
[2026-01-20 07:00:22] INFO:   Scan 3500/25496 | Keyframes: 3500 | Avg: load=2.5ms, encode=35.8ms, select=19.8ms
[2026-01-20 07:00:52] INFO:   Scan 4000/25496 | Keyframes: 4000 | Avg: load=8.8ms, encode=28.1ms, select=18.7ms
[2026-01-20 07:01:24] INFO:   Scan 4500/25496 | Keyframes: 4500 | Avg: load=10.1ms, encode=25.0ms, select=18.3ms
[2026-01-20 07:02:00] INFO:   Scan 5000/25496 | Keyframes: 5000 | Avg: load=11.4ms, encode=29.2ms, select=19.0ms
[2026-01-20 07:02:31] INFO:   Scan 5500/25496 | Keyframes: 5500 | Avg: load=4.0ms, encode=30.8ms, select=19.2ms
[2026-01-20 07:03:01] INFO:   Scan 6000/25496 | Keyframes: 6000 | Avg: load=2.7ms, encode=34.6ms, select=19.5ms
[2026-01-20 07:03:32] INFO:   Scan 6500/25496 | Keyframes: 6500 | Avg: load=3.6ms, encode=47.5ms, select=20.5ms
[2026-01-20 07:04:00] INFO:   Scan 7000/25496 | Keyframes: 7000 | Avg: load=2.5ms, encode=36.8ms, select=19.5ms
[2026-01-20 07:04:30] INFO:   Scan 7500/25496 | Keyframes: 7500 | Avg: load=3.1ms, encode=32.4ms, select=21.5ms
[2026-01-20 07:05:01] INFO:   Scan 8000/25496 | Keyframes: 8000 | Avg: load=3.5ms, encode=40.5ms, select=21.2ms
[2026-01-20 07:05:31] INFO:   Scan 8500/25496 | Keyframes: 8500 | Avg: load=2.4ms, encode=33.6ms, select=19.0ms
[2026-01-20 07:06:01] INFO:   Scan 9000/25496 | Keyframes: 9000 | Avg: load=2.4ms, encode=43.5ms, select=19.1ms
[2026-01-20 07:06:30] INFO:   Scan 9500/25496 | Keyframes: 9500 | Avg: load=9.3ms, encode=34.4ms, select=17.0ms
[2026-01-20 07:07:01] INFO:   Scan 10000/25496 | Keyframes: 10000 | Avg: load=7.7ms, encode=33.8ms, select=19.6ms
[2026-01-20 07:07:31] INFO:   Scan 10500/25496 | Keyframes: 10500 | Avg: load=8.3ms, encode=31.9ms, select=18.7ms
[2026-01-20 07:08:01] INFO:   Scan 11000/25496 | Keyframes: 11000 | Avg: load=2.8ms, encode=30.7ms, select=19.2ms
[2026-01-20 07:08:28] INFO:   Scan 11500/25496 | Keyframes: 11500 | Avg: load=2.9ms, encode=25.2ms, select=19.5ms
[2026-01-20 07:08:54] INFO:   Scan 12000/25496 | Keyframes: 12000 | Avg: load=3.0ms, encode=34.6ms, select=19.3ms
[2026-01-20 07:09:25] INFO:   Scan 12500/25496 | Keyframes: 12500 | Avg: load=4.9ms, encode=32.4ms, select=19.7ms
[2026-01-20 07:09:54] INFO:   Scan 13000/25496 | Keyframes: 13000 | Avg: load=2.2ms, encode=25.9ms, select=19.1ms
[2026-01-20 07:10:22] INFO:   Scan 13500/25496 | Keyframes: 13500 | Avg: load=3.4ms, encode=35.4ms, select=17.9ms
[2026-01-20 07:10:51] INFO:   Scan 14000/25496 | Keyframes: 14000 | Avg: load=3.8ms, encode=39.6ms, select=18.1ms
[2026-01-20 07:11:19] INFO:   Scan 14500/25496 | Keyframes: 14500 | Avg: load=4.0ms, encode=24.0ms, select=19.3ms
[2026-01-20 07:11:41] INFO:   Scan 15000/25496 | Keyframes: 15000 | Avg: load=2.3ms, encode=24.2ms, select=18.7ms
[2026-01-20 07:12:04] INFO:   Scan 15500/25496 | Keyframes: 15500 | Avg: load=2.5ms, encode=23.6ms, select=18.4ms
[2026-01-20 07:12:26] INFO:   Scan 16000/25496 | Keyframes: 16000 | Avg: load=2.3ms, encode=23.8ms, select=18.5ms
[2026-01-20 07:12:49] INFO:   Scan 16500/25496 | Keyframes: 16500 | Avg: load=2.4ms, encode=23.7ms, select=18.7ms
[2026-01-20 07:13:12] INFO:   Scan 17000/25496 | Keyframes: 17000 | Avg: load=3.2ms, encode=23.9ms, select=19.4ms
[2026-01-20 07:13:34] INFO:   Scan 17500/25496 | Keyframes: 17500 | Avg: load=2.6ms, encode=23.6ms, select=17.9ms
[2026-01-20 07:13:58] INFO:   Scan 18000/25496 | Keyframes: 18000 | Avg: load=2.7ms, encode=24.3ms, select=19.0ms
[2026-01-20 07:14:21] INFO:   Scan 18500/25496 | Keyframes: 18500 | Avg: load=2.0ms, encode=23.5ms, select=18.6ms
[2026-01-20 07:15:04] INFO:   Scan 19000/25496 | Keyframes: 19000 | Avg: load=4.3ms, encode=177.5ms, select=19.1ms
[2026-01-20 07:15:43] INFO:   Scan 19500/25496 | Keyframes: 19500 | Avg: load=3.4ms, encode=41.1ms, select=17.1ms
[2026-01-20 07:16:12] INFO:   Scan 20000/25496 | Keyframes: 20000 | Avg: load=3.7ms, encode=27.5ms, select=16.9ms
[2026-01-20 07:16:41] INFO:   Scan 20500/25496 | Keyframes: 20500 | Avg: load=6.1ms, encode=35.5ms, select=18.3ms
[2026-01-20 07:17:15] INFO:   Scan 21000/25496 | Keyframes: 21000 | Avg: load=6.9ms, encode=51.0ms, select=19.5ms
[2026-01-20 07:17:46] INFO:   Scan 21500/25496 | Keyframes: 21500 | Avg: load=9.3ms, encode=50.0ms, select=19.5ms
[2026-01-20 07:18:20] INFO:   Scan 22000/25496 | Keyframes: 22000 | Avg: load=10.0ms, encode=47.5ms, select=18.9ms
[2026-01-20 07:18:53] INFO:   Scan 22500/25496 | Keyframes: 22500 | Avg: load=7.0ms, encode=51.2ms, select=18.8ms
[2026-01-20 07:19:27] INFO:   Scan 23000/25496 | Keyframes: 23000 | Avg: load=11.3ms, encode=43.6ms, select=17.2ms
[2026-01-20 07:19:56] INFO:   Scan 23500/25496 | Keyframes: 23500 | Avg: load=10.8ms, encode=29.6ms, select=19.3ms
[2026-01-20 07:20:25] INFO:   Scan 24000/25496 | Keyframes: 24000 | Avg: load=7.7ms, encode=40.3ms, select=19.4ms
[2026-01-20 07:20:52] INFO:   Scan 24500/25496 | Keyframes: 24500 | Avg: load=8.6ms, encode=30.0ms, select=18.9ms
[2026-01-20 07:21:23] INFO:   Scan 25000/25496 | Keyframes: 25000 | Avg: load=16.2ms, encode=35.6ms, select=15.0ms
[2026-01-20 07:21:54] INFO:   Completed: 25496/25496 keyframes (100.0% selection rate)
[2026-01-20 07:21:54] INFO:     Date 2012-05-11: 25496 keyframes (seq_id=10)
Loaded 24116 matched poses (from 709396 ground truth)
[2026-01-20 07:22:18] INFO: Processing 24116 scans from nclt_2012-08-04...
[2026-01-20 07:22:18] INFO:   Scan 0/24116 | Keyframes: 0 | Avg: load=0.0ms, encode=0.0ms, select=0.0ms
[2026-01-20 07:22:55] INFO:   Scan 500/24116 | Keyframes: 500 | Avg: load=10.7ms, encode=41.2ms, select=19.1ms
[2026-01-20 07:23:30] INFO:   Scan 1000/24116 | Keyframes: 1000 | Avg: load=8.3ms, encode=40.0ms, select=20.0ms
[2026-01-20 07:24:04] INFO:   Scan 1500/24116 | Keyframes: 1500 | Avg: load=4.0ms, encode=43.0ms, select=19.5ms
[2026-01-20 07:24:37] INFO:   Scan 2000/24116 | Keyframes: 2000 | Avg: load=4.8ms, encode=29.6ms, select=21.1ms
[2026-01-20 07:25:08] INFO:   Scan 2500/24116 | Keyframes: 2500 | Avg: load=5.5ms, encode=32.0ms, select=19.1ms
[2026-01-20 07:25:43] INFO:   Scan 3000/24116 | Keyframes: 3000 | Avg: load=3.2ms, encode=33.7ms, select=21.1ms
[2026-01-20 07:26:15] INFO:   Scan 3500/24116 | Keyframes: 3500 | Avg: load=3.0ms, encode=41.4ms, select=20.3ms
[2026-01-20 07:26:48] INFO:   Scan 4000/24116 | Keyframes: 4000 | Avg: load=4.5ms, encode=29.6ms, select=20.4ms
[2026-01-20 07:27:18] INFO:   Scan 4500/24116 | Keyframes: 4500 | Avg: load=2.2ms, encode=32.2ms, select=19.8ms
[2026-01-20 07:27:50] INFO:   Scan 5000/24116 | Keyframes: 5000 | Avg: load=4.2ms, encode=50.9ms, select=20.7ms
[2026-01-20 07:28:21] INFO:   Scan 5500/24116 | Keyframes: 5500 | Avg: load=2.9ms, encode=29.6ms, select=20.2ms
[2026-01-20 07:28:47] INFO:   Scan 6000/24116 | Keyframes: 6000 | Avg: load=3.8ms, encode=30.5ms, select=20.4ms
[2026-01-20 07:29:17] INFO:   Scan 6500/24116 | Keyframes: 6500 | Avg: load=2.9ms, encode=33.1ms, select=19.9ms
[2026-01-20 07:29:48] INFO:   Scan 7000/24116 | Keyframes: 7000 | Avg: load=2.6ms, encode=33.4ms, select=19.4ms
[2026-01-20 07:30:19] INFO:   Scan 7500/24116 | Keyframes: 7500 | Avg: load=7.0ms, encode=35.7ms, select=20.1ms
[2026-01-20 07:30:51] INFO:   Scan 8000/24116 | Keyframes: 8000 | Avg: load=2.8ms, encode=42.5ms, select=20.1ms
[2026-01-20 07:31:22] INFO:   Scan 8500/24116 | Keyframes: 8500 | Avg: load=3.0ms, encode=26.7ms, select=20.1ms
[2026-01-20 07:31:52] INFO:   Scan 9000/24116 | Keyframes: 9000 | Avg: load=3.4ms, encode=48.0ms, select=20.1ms
[2026-01-20 07:32:23] INFO:   Scan 9500/24116 | Keyframes: 9500 | Avg: load=3.2ms, encode=35.4ms, select=20.1ms
[2026-01-20 07:32:54] INFO:   Scan 10000/24116 | Keyframes: 10000 | Avg: load=2.6ms, encode=36.3ms, select=20.0ms
[2026-01-20 07:33:26] INFO:   Scan 10500/24116 | Keyframes: 10500 | Avg: load=2.6ms, encode=37.2ms, select=20.2ms
[2026-01-20 07:33:57] INFO:   Scan 11000/24116 | Keyframes: 11000 | Avg: load=3.8ms, encode=31.0ms, select=20.6ms
[2026-01-20 07:34:28] INFO:   Scan 11500/24116 | Keyframes: 11500 | Avg: load=2.7ms, encode=38.3ms, select=20.4ms
[2026-01-20 07:34:59] INFO:   Scan 12000/24116 | Keyframes: 12000 | Avg: load=2.3ms, encode=47.3ms, select=19.4ms
[2026-01-20 07:35:27] INFO:   Scan 12500/24116 | Keyframes: 12500 | Avg: load=2.2ms, encode=27.4ms, select=19.4ms
[2026-01-20 07:35:56] INFO:   Scan 13000/24116 | Keyframes: 13000 | Avg: load=2.4ms, encode=32.6ms, select=19.0ms
[2026-01-20 07:36:25] INFO:   Scan 13500/24116 | Keyframes: 13500 | Avg: load=2.6ms, encode=39.2ms, select=19.0ms
[2026-01-20 07:36:54] INFO:   Scan 14000/24116 | Keyframes: 14000 | Avg: load=2.6ms, encode=44.6ms, select=19.2ms
[2026-01-20 07:37:21] INFO:   Scan 14500/24116 | Keyframes: 14500 | Avg: load=2.7ms, encode=26.4ms, select=20.5ms
[2026-01-20 07:37:46] INFO:   Scan 15000/24116 | Keyframes: 15000 | Avg: load=2.6ms, encode=24.1ms, select=18.6ms
[2026-01-20 07:38:09] INFO:   Scan 15500/24116 | Keyframes: 15500 | Avg: load=3.7ms, encode=25.0ms, select=19.8ms
[2026-01-20 07:38:32] INFO:   Scan 16000/24116 | Keyframes: 16000 | Avg: load=3.4ms, encode=23.7ms, select=17.0ms
[2026-01-20 07:38:55] INFO:   Scan 16500/24116 | Keyframes: 16500 | Avg: load=3.1ms, encode=23.5ms, select=17.9ms
[2026-01-20 07:39:42] INFO:   Scan 17000/24116 | Keyframes: 17000 | Avg: load=4.8ms, encode=56.8ms, select=17.7ms
[2026-01-20 07:40:11] INFO:   Scan 17500/24116 | Keyframes: 17500 | Avg: load=2.2ms, encode=23.7ms, select=18.8ms
[2026-01-20 07:40:38] INFO:   Scan 18000/24116 | Keyframes: 18000 | Avg: load=4.6ms, encode=39.6ms, select=20.0ms
[2026-01-20 07:41:06] INFO:   Scan 18500/24116 | Keyframes: 18500 | Avg: load=2.7ms, encode=29.4ms, select=19.5ms
[2026-01-20 07:41:32] INFO:   Scan 19000/24116 | Keyframes: 19000 | Avg: load=4.5ms, encode=24.4ms, select=19.8ms
[2026-01-20 07:41:55] INFO:   Scan 19500/24116 | Keyframes: 19500 | Avg: load=3.4ms, encode=24.6ms, select=17.4ms
[2026-01-20 07:42:19] INFO:   Scan 20000/24116 | Keyframes: 20000 | Avg: load=2.9ms, encode=24.5ms, select=18.7ms
[2026-01-20 07:42:42] INFO:   Scan 20500/24116 | Keyframes: 20500 | Avg: load=2.6ms, encode=24.1ms, select=16.7ms
[2026-01-20 07:43:05] INFO:   Scan 21000/24116 | Keyframes: 21000 | Avg: load=2.6ms, encode=23.6ms, select=18.3ms
[2026-01-20 07:43:28] INFO:   Scan 21500/24116 | Keyframes: 21500 | Avg: load=2.9ms, encode=24.1ms, select=19.4ms
[2026-01-20 07:43:51] INFO:   Scan 22000/24116 | Keyframes: 22000 | Avg: load=4.1ms, encode=24.8ms, select=18.4ms
[2026-01-20 07:44:34] INFO:   Scan 22500/24116 | Keyframes: 22500 | Avg: load=3.2ms, encode=25.0ms, select=19.6ms
[2026-01-20 07:45:03] INFO:   Scan 23000/24116 | Keyframes: 23000 | Avg: load=4.3ms, encode=32.0ms, select=18.1ms
[2026-01-20 07:45:31] INFO:   Scan 23500/24116 | Keyframes: 23500 | Avg: load=2.5ms, encode=39.4ms, select=18.1ms
[2026-01-20 07:45:55] INFO:   Scan 24000/24116 | Keyframes: 24000 | Avg: load=3.1ms, encode=24.4ms, select=16.6ms
[2026-01-20 07:46:01] INFO:   Completed: 24116/24116 keyframes (100.0% selection rate)
[2026-01-20 07:46:01] INFO:     Date 2012-08-04: 24116 keyframes (seq_id=11)
Loaded 24145 matched poses (from 707691 ground truth)
[2026-01-20 07:46:27] INFO: Processing 24145 scans from nclt_2012-11-04...
[2026-01-20 07:46:27] INFO:   Scan 0/24145 | Keyframes: 0 | Avg: load=0.0ms, encode=0.0ms, select=0.0ms
[2026-01-20 07:46:56] INFO:   Scan 500/24145 | Keyframes: 500 | Avg: load=2.0ms, encode=40.7ms, select=18.5ms
[2026-01-20 07:47:29] INFO:   Scan 1000/24145 | Keyframes: 1000 | Avg: load=3.6ms, encode=66.4ms, select=20.7ms
[2026-01-20 07:48:01] INFO:   Scan 1500/24145 | Keyframes: 1500 | Avg: load=5.8ms, encode=38.3ms, select=20.0ms
[2026-01-20 07:48:30] INFO:   Scan 2000/24145 | Keyframes: 2000 | Avg: load=7.3ms, encode=33.0ms, select=19.3ms
[2026-01-20 07:48:59] INFO:   Scan 2500/24145 | Keyframes: 2500 | Avg: load=8.2ms, encode=27.3ms, select=20.7ms
[2026-01-20 07:49:34] INFO:   Scan 3000/24145 | Keyframes: 3000 | Avg: load=9.3ms, encode=50.6ms, select=20.5ms
[2026-01-20 07:50:08] INFO:   Scan 3500/24145 | Keyframes: 3500 | Avg: load=11.3ms, encode=48.6ms, select=16.1ms
[2026-01-20 07:50:42] INFO:   Scan 4000/24145 | Keyframes: 4000 | Avg: load=8.5ms, encode=44.4ms, select=19.4ms
[2026-01-20 07:51:11] INFO:   Scan 4500/24145 | Keyframes: 4500 | Avg: load=6.6ms, encode=39.8ms, select=20.3ms
[2026-01-20 07:51:46] INFO:   Scan 5000/24145 | Keyframes: 5000 | Avg: load=8.4ms, encode=51.4ms, select=20.2ms
[2026-01-20 07:52:21] INFO:   Scan 5500/24145 | Keyframes: 5500 | Avg: load=8.8ms, encode=67.6ms, select=19.3ms
[2026-01-20 07:52:54] INFO:   Scan 6000/24145 | Keyframes: 6000 | Avg: load=7.9ms, encode=38.6ms, select=19.6ms
[2026-01-20 07:53:32] INFO:   Scan 6500/24145 | Keyframes: 6500 | Avg: load=10.2ms, encode=33.3ms, select=19.6ms
[2026-01-20 07:54:09] INFO:   Scan 7000/24145 | Keyframes: 7000 | Avg: load=7.9ms, encode=50.4ms, select=20.1ms
[2026-01-20 07:54:47] INFO:   Scan 7500/24145 | Keyframes: 7500 | Avg: load=8.2ms, encode=58.3ms, select=20.4ms
[2026-01-20 07:55:25] INFO:   Scan 8000/24145 | Keyframes: 8000 | Avg: load=8.3ms, encode=33.5ms, select=19.4ms
[2026-01-20 07:56:02] INFO:   Scan 8500/24145 | Keyframes: 8500 | Avg: load=8.6ms, encode=49.4ms, select=19.1ms
[2026-01-20 07:56:36] INFO:   Scan 9000/24145 | Keyframes: 9000 | Avg: load=12.5ms, encode=47.6ms, select=20.1ms
[2026-01-20 07:57:10] INFO:   Scan 9500/24145 | Keyframes: 9500 | Avg: load=9.3ms, encode=50.6ms, select=20.0ms
[2026-01-20 07:57:45] INFO:   Scan 10000/24145 | Keyframes: 10000 | Avg: load=2.5ms, encode=22.9ms, select=15.9ms
[2026-01-20 07:58:17] INFO:   Scan 10500/24145 | Keyframes: 10500 | Avg: load=9.5ms, encode=47.3ms, select=19.2ms
[2026-01-20 07:58:52] INFO:   Scan 11000/24145 | Keyframes: 11000 | Avg: load=8.7ms, encode=42.8ms, select=20.7ms
[2026-01-20 07:59:28] INFO:   Scan 11500/24145 | Keyframes: 11500 | Avg: load=8.1ms, encode=33.0ms, select=19.8ms
[2026-01-20 07:59:58] INFO:   Scan 12000/24145 | Keyframes: 12000 | Avg: load=6.4ms, encode=25.6ms, select=16.4ms
[2026-01-20 08:00:32] INFO:   Scan 12500/24145 | Keyframes: 12500 | Avg: load=8.5ms, encode=35.6ms, select=17.5ms
[2026-01-20 08:01:04] INFO:   Scan 13000/24145 | Keyframes: 13000 | Avg: load=8.3ms, encode=29.7ms, select=19.5ms
[2026-01-20 08:01:34] INFO:   Scan 13500/24145 | Keyframes: 13500 | Avg: load=10.1ms, encode=22.3ms, select=18.5ms
[2026-01-20 08:01:59] INFO:   Scan 14000/24145 | Keyframes: 14000 | Avg: load=8.9ms, encode=24.7ms, select=18.7ms
[2026-01-20 08:02:24] INFO:   Scan 14500/24145 | Keyframes: 14500 | Avg: load=7.4ms, encode=24.6ms, select=18.2ms
[2026-01-20 08:02:50] INFO:   Scan 15000/24145 | Keyframes: 15000 | Avg: load=9.1ms, encode=23.9ms, select=18.7ms
[2026-01-20 08:03:36] INFO:   Scan 15500/24145 | Keyframes: 15500 | Avg: load=7.2ms, encode=233.8ms, select=18.7ms
[2026-01-20 08:04:07] INFO:   Scan 16000/24145 | Keyframes: 16000 | Avg: load=5.7ms, encode=29.3ms, select=18.5ms
[2026-01-20 08:04:34] INFO:   Scan 16500/24145 | Keyframes: 16500 | Avg: load=7.1ms, encode=27.9ms, select=19.2ms
[2026-01-20 08:05:04] INFO:   Scan 17000/24145 | Keyframes: 17000 | Avg: load=9.7ms, encode=33.4ms, select=17.6ms
[2026-01-20 08:05:33] INFO:   Scan 17500/24145 | Keyframes: 17500 | Avg: load=9.2ms, encode=28.9ms, select=18.6ms
[2026-01-20 08:06:01] INFO:   Scan 18000/24145 | Keyframes: 18000 | Avg: load=4.5ms, encode=32.5ms, select=15.6ms
[2026-01-20 08:06:32] INFO:   Scan 18500/24145 | Keyframes: 18500 | Avg: load=6.3ms, encode=36.4ms, select=19.3ms
[2026-01-20 08:07:03] INFO:   Scan 19000/24145 | Keyframes: 19000 | Avg: load=4.5ms, encode=49.6ms, select=17.7ms
[2026-01-20 08:07:33] INFO:   Scan 19500/24145 | Keyframes: 19500 | Avg: load=6.6ms, encode=46.1ms, select=19.1ms
[2026-01-20 08:08:04] INFO:   Scan 20000/24145 | Keyframes: 20000 | Avg: load=5.4ms, encode=48.6ms, select=19.2ms
[2026-01-20 08:08:33] INFO:   Scan 20500/24145 | Keyframes: 20500 | Avg: load=7.1ms, encode=35.1ms, select=18.6ms
[2026-01-20 08:09:02] INFO:   Scan 21000/24145 | Keyframes: 21000 | Avg: load=3.3ms, encode=42.7ms, select=18.7ms
[2026-01-20 08:09:34] INFO:   Scan 21500/24145 | Keyframes: 21500 | Avg: load=2.6ms, encode=25.6ms, select=19.3ms
[2026-01-20 08:10:01] INFO:   Scan 22000/24145 | Keyframes: 22000 | Avg: load=2.5ms, encode=26.5ms, select=18.7ms
[2026-01-20 08:10:28] INFO:   Scan 22500/24145 | Keyframes: 22500 | Avg: load=2.2ms, encode=39.4ms, select=19.3ms
[2026-01-20 08:10:54] INFO:   Scan 23000/24145 | Keyframes: 23000 | Avg: load=1.7ms, encode=30.3ms, select=18.0ms
[2026-01-20 08:11:15] INFO:   Scan 23500/24145 | Keyframes: 23500 | Avg: load=1.4ms, encode=23.8ms, select=14.4ms
[2026-01-20 08:11:36] INFO:   Scan 24000/24145 | Keyframes: 24000 | Avg: load=2.3ms, encode=24.2ms, select=16.6ms
[2026-01-20 08:11:43] INFO:   Completed: 24145/24145 keyframes (100.0% selection rate)
[2026-01-20 08:11:43] INFO:     Date 2012-11-04: 24145 keyframes (seq_id=12)
Loaded 24547 matched poses (from 717967 ground truth)
[2026-01-20 08:12:10] INFO: Processing 24547 scans from nclt_2012-11-16...
[2026-01-20 08:12:10] INFO:   Scan 0/24547 | Keyframes: 0 | Avg: load=0.0ms, encode=0.0ms, select=0.0ms
[2026-01-20 08:12:33] INFO:   Scan 500/24547 | Keyframes: 500 | Avg: load=2.7ms, encode=23.8ms, select=18.0ms
[2026-01-20 08:12:55] INFO:   Scan 1000/24547 | Keyframes: 1000 | Avg: load=1.6ms, encode=23.9ms, select=19.2ms
[2026-01-20 08:13:18] INFO:   Scan 1500/24547 | Keyframes: 1500 | Avg: load=2.2ms, encode=24.5ms, select=20.1ms
[2026-01-20 08:14:19] INFO:   Scan 2000/24547 | Keyframes: 2000 | Avg: load=2.0ms, encode=240.6ms, select=19.3ms
[2026-01-20 08:14:50] INFO:   Scan 2500/24547 | Keyframes: 2500 | Avg: load=2.1ms, encode=47.2ms, select=20.0ms
[2026-01-20 08:15:21] INFO:   Scan 3000/24547 | Keyframes: 3000 | Avg: load=1.6ms, encode=34.7ms, select=19.7ms
[2026-01-20 08:15:47] INFO:   Scan 3500/24547 | Keyframes: 3500 | Avg: load=2.2ms, encode=30.5ms, select=20.2ms
[2026-01-20 08:16:16] INFO:   Scan 4000/24547 | Keyframes: 4000 | Avg: load=2.3ms, encode=29.2ms, select=19.4ms
[2026-01-20 08:16:45] INFO:   Scan 4500/24547 | Keyframes: 4500 | Avg: load=1.5ms, encode=32.6ms, select=19.3ms
[2026-01-20 08:17:10] INFO:   Scan 5000/24547 | Keyframes: 5000 | Avg: load=1.8ms, encode=28.2ms, select=19.2ms
[2026-01-20 08:17:37] INFO:   Scan 5500/24547 | Keyframes: 5500 | Avg: load=1.2ms, encode=29.6ms, select=17.1ms
[2026-01-20 08:18:07] INFO:   Scan 6000/24547 | Keyframes: 6000 | Avg: load=2.4ms, encode=30.2ms, select=19.4ms
[2026-01-20 08:18:37] INFO:   Scan 6500/24547 | Keyframes: 6500 | Avg: load=2.1ms, encode=47.6ms, select=20.1ms
[2026-01-20 08:19:05] INFO:   Scan 7000/24547 | Keyframes: 7000 | Avg: load=2.3ms, encode=36.3ms, select=19.9ms
[2026-01-20 08:19:34] INFO:   Scan 7500/24547 | Keyframes: 7500 | Avg: load=3.4ms, encode=32.0ms, select=20.0ms
[2026-01-20 08:20:05] INFO:   Scan 8000/24547 | Keyframes: 8000 | Avg: load=7.9ms, encode=27.2ms, select=19.0ms
[2026-01-20 08:20:36] INFO:   Scan 8500/24547 | Keyframes: 8500 | Avg: load=2.5ms, encode=27.1ms, select=19.6ms
[2026-01-20 08:21:03] INFO:   Scan 9000/24547 | Keyframes: 9000 | Avg: load=2.6ms, encode=34.0ms, select=18.8ms
[2026-01-20 08:21:32] INFO:   Scan 9500/24547 | Keyframes: 9500 | Avg: load=7.6ms, encode=46.4ms, select=18.6ms
[2026-01-20 08:22:02] INFO:   Scan 10000/24547 | Keyframes: 10000 | Avg: load=4.8ms, encode=43.0ms, select=17.8ms
[2026-01-20 08:22:31] INFO:   Scan 10500/24547 | Keyframes: 10500 | Avg: load=9.9ms, encode=29.7ms, select=18.7ms
[2026-01-20 08:23:01] INFO:   Scan 11000/24547 | Keyframes: 11000 | Avg: load=7.9ms, encode=27.9ms, select=18.9ms
[2026-01-20 08:23:30] INFO:   Scan 11500/24547 | Keyframes: 11500 | Avg: load=6.2ms, encode=25.8ms, select=19.0ms
[2026-01-20 08:23:58] INFO:   Scan 12000/24547 | Keyframes: 12000 | Avg: load=9.7ms, encode=32.4ms, select=18.0ms
[2026-01-20 08:24:39] INFO:   Scan 12500/24547 | Keyframes: 12500 | Avg: load=12.2ms, encode=44.3ms, select=20.1ms
[2026-01-20 08:25:07] INFO:   Scan 13000/24547 | Keyframes: 13000 | Avg: load=1.5ms, encode=28.0ms, select=17.5ms
[2026-01-20 08:25:34] INFO:   Scan 13500/24547 | Keyframes: 13500 | Avg: load=7.2ms, encode=27.2ms, select=18.3ms
[2026-01-20 08:26:00] INFO:   Scan 14000/24547 | Keyframes: 14000 | Avg: load=10.0ms, encode=25.2ms, select=19.0ms
[2026-01-20 08:26:24] INFO:   Scan 14500/24547 | Keyframes: 14500 | Avg: load=10.9ms, encode=24.9ms, select=17.8ms
[2026-01-20 08:27:08] INFO:   Scan 15000/24547 | Keyframes: 15000 | Avg: load=11.7ms, encode=51.6ms, select=18.9ms
[2026-01-20 08:27:52] INFO:   Scan 15500/24547 | Keyframes: 15500 | Avg: load=21.5ms, encode=43.8ms, select=20.9ms
[2026-01-20 08:28:27] INFO:   Scan 16000/24547 | Keyframes: 16000 | Avg: load=16.8ms, encode=29.8ms, select=20.0ms
[2026-01-20 08:29:08] INFO:   Scan 16500/24547 | Keyframes: 16500 | Avg: load=19.4ms, encode=49.1ms, select=20.4ms
[2026-01-20 08:29:45] INFO:   Scan 17000/24547 | Keyframes: 17000 | Avg: load=17.6ms, encode=27.3ms, select=20.0ms
[2026-01-20 08:30:22] INFO:   Scan 17500/24547 | Keyframes: 17500 | Avg: load=16.8ms, encode=26.5ms, select=18.9ms
[2026-01-20 08:31:03] INFO:   Scan 18000/24547 | Keyframes: 18000 | Avg: load=9.2ms, encode=95.0ms, select=19.9ms
[2026-01-20 08:32:02] INFO:   Scan 18500/24547 | Keyframes: 18500 | Avg: load=6.5ms, encode=95.4ms, select=19.3ms
[2026-01-20 08:33:16] INFO:   Scan 19000/24547 | Keyframes: 19000 | Avg: load=8.6ms, encode=134.6ms, select=19.9ms
[2026-01-20 08:34:36] INFO:   Scan 19500/24547 | Keyframes: 19500 | Avg: load=6.6ms, encode=134.3ms, select=19.7ms
[2026-01-20 08:36:03] INFO:   Scan 20000/24547 | Keyframes: 20000 | Avg: load=8.9ms, encode=140.8ms, select=19.4ms
[2026-01-20 08:37:30] INFO:   Scan 20500/24547 | Keyframes: 20500 | Avg: load=7.9ms, encode=142.4ms, select=20.1ms
[2026-01-20 08:38:55] INFO:   Scan 21000/24547 | Keyframes: 21000 | Avg: load=10.5ms, encode=136.0ms, select=20.0ms
[2026-01-20 08:40:19] INFO:   Scan 21500/24547 | Keyframes: 21500 | Avg: load=8.5ms, encode=139.3ms, select=19.2ms
[2026-01-20 08:42:18] INFO:   Scan 22000/24547 | Keyframes: 22000 | Avg: load=12.3ms, encode=152.7ms, select=19.9ms
[2026-01-20 08:43:36] INFO:   Scan 22500/24547 | Keyframes: 22500 | Avg: load=9.3ms, encode=89.9ms, select=16.6ms
[2026-01-20 08:44:43] INFO:   Scan 23000/24547 | Keyframes: 23000 | Avg: load=10.1ms, encode=96.3ms, select=20.0ms
[2026-01-20 08:45:46] INFO:   Scan 23500/24547 | Keyframes: 23500 | Avg: load=8.1ms, encode=108.9ms, select=18.9ms
[2026-01-20 08:46:22] INFO:   Scan 24000/24547 | Keyframes: 24000 | Avg: load=9.4ms, encode=25.1ms, select=15.2ms
[2026-01-20 08:46:59] INFO:   Scan 24500/24547 | Keyframes: 24500 | Avg: load=9.9ms, encode=69.9ms, select=17.2ms
[2026-01-20 08:47:02] INFO:   Completed: 24547/24547 keyframes (100.0% selection rate)
[2026-01-20 08:47:02] INFO:     Date 2012-11-16: 24547 keyframes (seq_id=13)
Loaded 24022 matched poses (from 704193 ground truth)
[2026-01-20 08:47:27] INFO: Processing 24022 scans from nclt_2013-02-23...
[2026-01-20 08:47:27] INFO:   Scan 0/24022 | Keyframes: 0 | Avg: load=0.0ms, encode=0.0ms, select=0.0ms
[2026-01-20 08:47:56] INFO:   Scan 500/24022 | Keyframes: 500 | Avg: load=1.4ms, encode=33.2ms, select=19.2ms
[2026-01-20 08:48:28] INFO:   Scan 1000/24022 | Keyframes: 1000 | Avg: load=8.3ms, encode=46.5ms, select=20.6ms
[2026-01-20 08:48:59] INFO:   Scan 1500/24022 | Keyframes: 1500 | Avg: load=2.6ms, encode=48.8ms, select=21.5ms
[2026-01-20 08:49:31] INFO:   Scan 2000/24022 | Keyframes: 2000 | Avg: load=9.1ms, encode=40.5ms, select=22.2ms
[2026-01-20 08:50:06] INFO:   Scan 2500/24022 | Keyframes: 2500 | Avg: load=8.2ms, encode=49.6ms, select=22.4ms
[2026-01-20 08:50:34] INFO:   Scan 3000/24022 | Keyframes: 3000 | Avg: load=10.2ms, encode=28.6ms, select=22.0ms
[2026-01-20 08:51:01] INFO:   Scan 3500/24022 | Keyframes: 3500 | Avg: load=7.7ms, encode=24.2ms, select=21.5ms
[2026-01-20 08:51:30] INFO:   Scan 4000/24022 | Keyframes: 4000 | Avg: load=8.5ms, encode=24.6ms, select=23.4ms
[2026-01-20 08:51:56] INFO:   Scan 4500/24022 | Keyframes: 4500 | Avg: load=8.5ms, encode=24.0ms, select=19.5ms
[2026-01-20 08:52:21] INFO:   Scan 5000/24022 | Keyframes: 5000 | Avg: load=4.6ms, encode=24.3ms, select=20.2ms
[2026-01-20 08:52:47] INFO:   Scan 5500/24022 | Keyframes: 5500 | Avg: load=6.1ms, encode=24.3ms, select=20.7ms
[2026-01-20 08:53:57] INFO:   Scan 6000/24022 | Keyframes: 6000 | Avg: load=7.4ms, encode=240.9ms, select=18.7ms
[2026-01-20 08:54:51] INFO:   Scan 6500/24022 | Keyframes: 6500 | Avg: load=10.0ms, encode=38.8ms, select=19.2ms
[2026-01-20 08:55:20] INFO:   Scan 7000/24022 | Keyframes: 7000 | Avg: load=6.4ms, encode=36.0ms, select=21.9ms
[2026-01-20 08:55:55] INFO:   Scan 7500/24022 | Keyframes: 7500 | Avg: load=8.1ms, encode=49.2ms, select=21.1ms
[2026-01-20 08:56:28] INFO:   Scan 8000/24022 | Keyframes: 8000 | Avg: load=7.8ms, encode=44.4ms, select=21.0ms
[2026-01-20 08:57:04] INFO:   Scan 8500/24022 | Keyframes: 8500 | Avg: load=8.1ms, encode=40.3ms, select=19.2ms
[2026-01-20 08:57:37] INFO:   Scan 9000/24022 | Keyframes: 9000 | Avg: load=8.1ms, encode=25.8ms, select=19.6ms
[2026-01-20 08:58:08] INFO:   Scan 9500/24022 | Keyframes: 9500 | Avg: load=8.1ms, encode=35.0ms, select=20.8ms
[2026-01-20 08:58:37] INFO:   Scan 10000/24022 | Keyframes: 10000 | Avg: load=6.9ms, encode=30.7ms, select=19.0ms
[2026-01-20 08:59:02] INFO:   Scan 10500/24022 | Keyframes: 10500 | Avg: load=7.5ms, encode=20.7ms, select=21.2ms
[2026-01-20 08:59:28] INFO:   Scan 11000/24022 | Keyframes: 11000 | Avg: load=7.3ms, encode=24.5ms, select=19.6ms
[2026-01-20 08:59:53] INFO:   Scan 11500/24022 | Keyframes: 11500 | Avg: load=9.2ms, encode=23.2ms, select=19.2ms
[2026-01-20 09:00:20] INFO:   Scan 12000/24022 | Keyframes: 12000 | Avg: load=7.5ms, encode=25.1ms, select=21.2ms
[2026-01-20 09:00:45] INFO:   Scan 12500/24022 | Keyframes: 12500 | Avg: load=5.9ms, encode=22.7ms, select=20.1ms
[2026-01-20 09:01:15] INFO:   Scan 13000/24022 | Keyframes: 13000 | Avg: load=6.9ms, encode=41.5ms, select=19.8ms
[2026-01-20 09:01:48] INFO:   Scan 13500/24022 | Keyframes: 13500 | Avg: load=7.6ms, encode=31.6ms, select=19.6ms
[2026-01-20 09:02:17] INFO:   Scan 14000/24022 | Keyframes: 14000 | Avg: load=7.6ms, encode=31.2ms, select=19.6ms
[2026-01-20 09:02:53] INFO:   Scan 14500/24022 | Keyframes: 14500 | Avg: load=8.5ms, encode=34.4ms, select=20.4ms
[2026-01-20 09:03:23] INFO:   Scan 15000/24022 | Keyframes: 15000 | Avg: load=8.4ms, encode=38.8ms, select=20.8ms
[2026-01-20 09:03:57] INFO:   Scan 15500/24022 | Keyframes: 15500 | Avg: load=8.4ms, encode=28.9ms, select=20.7ms
[2026-01-20 09:04:26] INFO:   Scan 16000/24022 | Keyframes: 16000 | Avg: load=5.0ms, encode=24.1ms, select=20.2ms
[2026-01-20 09:04:53] INFO:   Scan 16500/24022 | Keyframes: 16500 | Avg: load=8.2ms, encode=40.1ms, select=19.6ms
[2026-01-20 09:05:25] INFO:   Scan 17000/24022 | Keyframes: 17000 | Avg: load=10.2ms, encode=24.2ms, select=19.9ms
[2026-01-20 09:05:54] INFO:   Scan 17500/24022 | Keyframes: 17500 | Avg: load=8.2ms, encode=27.9ms, select=19.5ms
[2026-01-20 09:06:25] INFO:   Scan 18000/24022 | Keyframes: 18000 | Avg: load=7.7ms, encode=29.5ms, select=20.8ms
[2026-01-20 09:06:53] INFO:   Scan 18500/24022 | Keyframes: 18500 | Avg: load=5.1ms, encode=25.1ms, select=20.0ms
[2026-01-20 09:07:23] INFO:   Scan 19000/24022 | Keyframes: 19000 | Avg: load=7.0ms, encode=42.5ms, select=20.4ms
[2026-01-20 09:07:55] INFO:   Scan 19500/24022 | Keyframes: 19500 | Avg: load=7.7ms, encode=29.2ms, select=20.8ms
[2026-01-20 09:08:19] INFO:   Scan 20000/24022 | Keyframes: 20000 | Avg: load=2.0ms, encode=29.5ms, select=18.8ms
[2026-01-20 09:08:52] INFO:   Scan 20500/24022 | Keyframes: 20500 | Avg: load=1.9ms, encode=62.2ms, select=18.6ms
[2026-01-20 09:09:25] INFO:   Scan 21000/24022 | Keyframes: 21000 | Avg: load=7.9ms, encode=42.0ms, select=19.4ms
[2026-01-20 09:09:54] INFO:   Scan 21500/24022 | Keyframes: 21500 | Avg: load=5.2ms, encode=32.3ms, select=21.2ms
[2026-01-20 09:10:23] INFO:   Scan 22000/24022 | Keyframes: 22000 | Avg: load=10.2ms, encode=37.3ms, select=19.0ms
[2026-01-20 09:11:00] INFO:   Scan 22500/24022 | Keyframes: 22500 | Avg: load=7.9ms, encode=38.2ms, select=20.3ms
[2026-01-20 09:11:34] INFO:   Scan 23000/24022 | Keyframes: 23000 | Avg: load=10.8ms, encode=43.5ms, select=19.2ms
[2026-01-20 09:12:04] INFO:   Scan 23500/24022 | Keyframes: 23500 | Avg: load=10.6ms, encode=35.0ms, select=17.0ms
[2026-01-20 09:12:35] INFO:   Scan 24000/24022 | Keyframes: 24000 | Avg: load=6.9ms, encode=39.5ms, select=17.0ms
[2026-01-20 09:12:37] INFO:   Completed: 24022/24022 keyframes (100.0% selection rate)
[2026-01-20 09:12:37] INFO:     Date 2013-02-23: 24022 keyframes (seq_id=14)
[2026-01-20 09:12:37] INFO: Total training keyframes: 170862 across 15 sequences
[2026-01-20 09:12:37] INFO: 
[2026-01-20 09:12:37] INFO: [3/6] Loading validation dataset...
[2026-01-20 09:12:37] INFO: Processing 1591 scans from kitti_val_09...
[2026-01-20 09:12:37] INFO:   Scan 0/1591 | Keyframes: 0 | Avg: load=0.0ms, encode=0.0ms, select=0.0ms
[2026-01-20 09:13:30] INFO:   Scan 500/1591 | Keyframes: 500 | Avg: load=32.0ms, encode=75.8ms, select=0.2ms
