[2026-01-28 02:58:27] INFO: ================================================================================
[2026-01-28 02:58:27] INFO: NEURAL SPECTRAL CODEC - MULTI-DATASET TRAINING
[2026-01-28 02:58:27] INFO: ================================================================================
[2026-01-28 02:58:27] INFO: Log file: logs/training_20260128_025827.log
[2026-01-28 02:58:27] INFO: Loading configuration from: configs/training_multi_dataset.yaml
[2026-01-28 02:58:27] INFO:   n_elevation: 16
[2026-01-28 02:58:27] INFO:   n_azimuth: 360
[2026-01-28 02:58:27] INFO:   n_bins: 50
[2026-01-28 02:58:27] INFO:   distance_threshold: 0.8m
[2026-01-28 02:58:27] INFO:   n_epochs: 50
[2026-01-28 02:58:27] INFO: Using device: cpu
[2026-01-28 02:58:27] INFO: 
[2026-01-28 02:58:27] INFO: [1/6] Creating spectral encoder...
[2026-01-28 02:58:27] INFO:   Encoder created (n_elevation=16, n_bins=50)
[2026-01-28 02:58:27] INFO: 
[2026-01-28 02:58:27] INFO: [2/6] Loading training datasets...
[2026-01-28 02:58:27] INFO:   Loading KITTI from /workspace/data/kitti/dataset
[2026-01-28 02:58:27] INFO: Processing 4541 scans from kitti_00...
[2026-01-28 02:58:27] INFO:   Scan 0/4541 | Keyframes: 0 | Avg: load=0.0ms, encode=0.0ms, select=0.0ms
[2026-01-28 02:58:38] INFO:   Scan 500/4541 | Keyframes: 500 | Avg: load=1.0ms, encode=10.2ms, select=11.9ms
[2026-01-28 02:58:49] INFO:   Scan 1000/4541 | Keyframes: 1000 | Avg: load=0.9ms, encode=10.2ms, select=11.1ms
[2026-01-28 02:58:59] INFO:   Scan 1500/4541 | Keyframes: 1500 | Avg: load=0.9ms, encode=9.8ms, select=6.2ms
[2026-01-28 02:59:09] INFO:   Scan 2000/4541 | Keyframes: 2000 | Avg: load=0.9ms, encode=10.1ms, select=15.0ms
[2026-01-28 02:59:19] INFO:   Scan 2500/4541 | Keyframes: 2500 | Avg: load=0.9ms, encode=10.1ms, select=10.6ms
[2026-01-28 02:59:28] INFO:   Scan 3000/4541 | Keyframes: 3000 | Avg: load=0.9ms, encode=10.2ms, select=6.9ms
[2026-01-28 02:59:38] INFO:   Scan 3500/4541 | Keyframes: 3500 | Avg: load=0.9ms, encode=10.1ms, select=11.4ms
[2026-01-28 02:59:47] INFO:   Scan 4000/4541 | Keyframes: 4000 | Avg: load=0.9ms, encode=9.8ms, select=16.3ms
[2026-01-28 02:59:54] INFO:   Scan 4500/4541 | Keyframes: 4500 | Avg: load=0.9ms, encode=10.0ms, select=12.2ms
[2026-01-28 02:59:55] INFO:   Completed: 4541/4541 keyframes (100.0% selection rate)
[2026-01-28 02:59:55] INFO:     Sequence 00: 4541 keyframes (seq_id=0)
[2026-01-28 02:59:55] INFO: Processing 1101 scans from kitti_01...
[2026-01-28 02:59:55] INFO:   Scan 0/1101 | Keyframes: 0 | Avg: load=0.0ms, encode=0.0ms, select=0.0ms
[2026-01-28 02:59:59] INFO:   Scan 500/1101 | Keyframes: 500 | Avg: load=0.6ms, encode=6.8ms, select=0.1ms
[2026-01-28 03:00:04] INFO:   Scan 1000/1101 | Keyframes: 1000 | Avg: load=0.9ms, encode=8.6ms, select=0.1ms
[2026-01-28 03:00:05] INFO:   Completed: 1101/1101 keyframes (100.0% selection rate)
[2026-01-28 03:00:05] INFO:     Sequence 01: 1101 keyframes (seq_id=1)
[2026-01-28 03:00:05] INFO: Processing 4661 scans from kitti_02...
[2026-01-28 03:00:05] INFO:   Scan 0/4661 | Keyframes: 0 | Avg: load=0.0ms, encode=0.0ms, select=0.0ms
[2026-01-28 03:00:11] INFO:   Scan 500/4661 | Keyframes: 500 | Avg: load=1.0ms, encode=11.3ms, select=0.7ms
[2026-01-28 03:00:18] INFO:   Scan 1000/4661 | Keyframes: 1000 | Avg: load=1.0ms, encode=11.5ms, select=9.5ms
[2026-01-28 03:00:29] INFO:   Scan 1500/4661 | Keyframes: 1500 | Avg: load=1.0ms, encode=11.4ms, select=0.1ms
[2026-01-28 03:00:36] INFO:   Scan 2000/4661 | Keyframes: 2000 | Avg: load=0.9ms, encode=11.0ms, select=3.6ms
[2026-01-28 03:00:43] INFO:   Scan 2500/4661 | Keyframes: 2500 | Avg: load=1.0ms, encode=11.4ms, select=0.1ms
[2026-01-28 03:00:51] INFO:   Scan 3000/4661 | Keyframes: 3000 | Avg: load=0.9ms, encode=10.1ms, select=0.1ms
[2026-01-28 03:00:58] INFO:   Scan 3500/4661 | Keyframes: 3500 | Avg: load=1.0ms, encode=10.3ms, select=4.9ms
[2026-01-28 03:01:04] INFO:   Scan 4000/4661 | Keyframes: 4000 | Avg: load=1.0ms, encode=10.8ms, select=0.1ms
[2026-01-28 03:01:12] INFO:   Scan 4500/4661 | Keyframes: 4500 | Avg: load=1.0ms, encode=10.7ms, select=0.1ms
[2026-01-28 03:01:13] INFO:   Completed: 4661/4661 keyframes (100.0% selection rate)
[2026-01-28 03:01:13] INFO:     Sequence 02: 4661 keyframes (seq_id=2)
[2026-01-28 03:01:13] INFO: Processing 801 scans from kitti_03...
[2026-01-28 03:01:13] INFO:   Scan 0/801 | Keyframes: 0 | Avg: load=0.0ms, encode=0.0ms, select=0.0ms
[2026-01-28 03:01:25] INFO:   Scan 500/801 | Keyframes: 500 | Avg: load=1.0ms, encode=10.6ms, select=3.4ms
[2026-01-28 03:01:32] INFO:   Completed: 801/801 keyframes (100.0% selection rate)
[2026-01-28 03:01:32] INFO:     Sequence 03: 801 keyframes (seq_id=3)
[2026-01-28 03:01:32] INFO: Processing 271 scans from kitti_04...
[2026-01-28 03:01:32] INFO:   Scan 0/271 | Keyframes: 0 | Avg: load=0.0ms, encode=0.0ms, select=0.0ms
[2026-01-28 03:01:36] INFO:   Completed: 271/271 keyframes (100.0% selection rate)
[2026-01-28 03:01:36] INFO:     Sequence 04: 271 keyframes (seq_id=4)
[2026-01-28 03:01:36] INFO: Processing 2761 scans from kitti_05...
[2026-01-28 03:01:36] INFO:   Scan 0/2761 | Keyframes: 0 | Avg: load=0.0ms, encode=0.0ms, select=0.0ms
[2026-01-28 03:01:48] INFO:   Scan 500/2761 | Keyframes: 500 | Avg: load=1.0ms, encode=11.1ms, select=12.5ms
[2026-01-28 03:02:00] INFO:   Scan 1000/2761 | Keyframes: 1000 | Avg: load=1.0ms, encode=11.3ms, select=14.3ms
[2026-01-28 03:02:10] INFO:   Scan 1500/2761 | Keyframes: 1500 | Avg: load=0.9ms, encode=11.6ms, select=0.3ms
[2026-01-28 03:02:20] INFO:   Scan 2000/2761 | Keyframes: 2000 | Avg: load=0.9ms, encode=11.0ms, select=0.1ms
[2026-01-28 03:02:31] INFO:   Scan 2500/2761 | Keyframes: 2500 | Avg: load=0.9ms, encode=11.4ms, select=7.0ms
[2026-01-28 03:02:34] INFO:   Completed: 2761/2761 keyframes (100.0% selection rate)
[2026-01-28 03:02:34] INFO:     Sequence 05: 2761 keyframes (seq_id=5)
[2026-01-28 03:02:34] INFO: Processing 1101 scans from kitti_06...
[2026-01-28 03:02:34] INFO:   Scan 0/1101 | Keyframes: 0 | Avg: load=0.0ms, encode=0.0ms, select=0.0ms
[2026-01-28 03:02:43] INFO:   Scan 500/1101 | Keyframes: 500 | Avg: load=0.9ms, encode=11.4ms, select=5.9ms
[2026-01-28 03:02:50] INFO:   Scan 1000/1101 | Keyframes: 1000 | Avg: load=0.9ms, encode=11.2ms, select=0.1ms
[2026-01-28 03:02:52] INFO:   Completed: 1101/1101 keyframes (100.0% selection rate)
[2026-01-28 03:02:52] INFO:     Sequence 06: 1101 keyframes (seq_id=6)
[2026-01-28 03:02:52] INFO: Processing 1101 scans from kitti_07...
[2026-01-28 03:02:52] INFO:   Scan 0/1101 | Keyframes: 0 | Avg: load=0.0ms, encode=0.0ms, select=0.0ms
[2026-01-28 03:03:05] INFO:   Scan 500/1101 | Keyframes: 500 | Avg: load=1.0ms, encode=11.6ms, select=13.9ms
[2026-01-28 03:03:17] INFO:   Scan 1000/1101 | Keyframes: 1000 | Avg: load=0.9ms, encode=11.1ms, select=20.8ms
[2026-01-28 03:03:20] INFO:   Completed: 1101/1101 keyframes (100.0% selection rate)
[2026-01-28 03:03:20] INFO:     Sequence 07: 1101 keyframes (seq_id=7)
[2026-01-28 03:03:20] INFO: Processing 4071 scans from kitti_08...
[2026-01-28 03:03:20] INFO:   Scan 0/4071 | Keyframes: 0 | Avg: load=0.0ms, encode=0.0ms, select=0.0ms
[2026-01-28 03:03:29] INFO:   Scan 500/4071 | Keyframes: 500 | Avg: load=1.0ms, encode=11.5ms, select=11.7ms
[2026-01-28 03:03:39] INFO:   Scan 1000/4071 | Keyframes: 1000 | Avg: load=0.9ms, encode=11.1ms, select=4.3ms
[2026-01-28 03:03:50] INFO:   Scan 1500/4071 | Keyframes: 1500 | Avg: load=0.9ms, encode=11.1ms, select=12.8ms
[2026-01-28 03:04:02] INFO:   Scan 2000/4071 | Keyframes: 2000 | Avg: load=1.0ms, encode=11.1ms, select=20.4ms
[2026-01-28 03:04:17] INFO:   Scan 2500/4071 | Keyframes: 2500 | Avg: load=0.9ms, encode=10.9ms, select=14.6ms
[2026-01-28 03:04:26] INFO:   Scan 3000/4071 | Keyframes: 3000 | Avg: load=0.9ms, encode=10.5ms, select=13.9ms
[2026-01-28 03:04:35] INFO:   Scan 3500/4071 | Keyframes: 3500 | Avg: load=1.0ms, encode=11.6ms, select=14.4ms
[2026-01-28 03:04:43] INFO:   Scan 4000/4071 | Keyframes: 4000 | Avg: load=0.9ms, encode=11.0ms, select=8.9ms
[2026-01-28 03:04:46] INFO:   Completed: 4071/4071 keyframes (100.0% selection rate)
[2026-01-28 03:04:46] INFO:     Sequence 08: 4071 keyframes (seq_id=8)
[2026-01-28 03:04:46] INFO:   Loading NCLT from /workspace/data/nclt
[2026-01-28 03:04:52] INFO: Processing 28127 scans from nclt_2012-01-08...
[2026-01-28 03:04:52] INFO:   Scan 0/28127 | Keyframes: 0 | Avg: load=0.0ms, encode=0.0ms, select=0.0ms
[2026-01-28 03:05:03] INFO:   Scan 500/28127 | Keyframes: 500 | Avg: load=1.3ms, encode=2.6ms, select=17.6ms
[2026-01-28 03:05:15] INFO:   Scan 1000/28127 | Keyframes: 1000 | Avg: load=1.8ms, encode=3.0ms, select=18.1ms
[2026-01-28 03:05:26] INFO:   Scan 1500/28127 | Keyframes: 1500 | Avg: load=2.1ms, encode=3.3ms, select=18.4ms
[2026-01-28 03:05:38] INFO:   Scan 2000/28127 | Keyframes: 2000 | Avg: load=2.8ms, encode=4.2ms, select=19.6ms
[2026-01-28 03:05:50] INFO:   Scan 2500/28127 | Keyframes: 2500 | Avg: load=1.8ms, encode=3.0ms, select=18.7ms
[2026-01-28 03:06:02] INFO:   Scan 3000/28127 | Keyframes: 3000 | Avg: load=2.3ms, encode=3.7ms, select=18.6ms
[2026-01-28 03:06:14] INFO:   Scan 3500/28127 | Keyframes: 3500 | Avg: load=1.9ms, encode=3.1ms, select=18.0ms
[2026-01-28 03:06:26] INFO:   Scan 4000/28127 | Keyframes: 4000 | Avg: load=1.4ms, encode=2.8ms, select=17.8ms
[2026-01-28 03:06:37] INFO:   Scan 4500/28127 | Keyframes: 4500 | Avg: load=1.5ms, encode=2.8ms, select=17.9ms
[2026-01-28 03:06:48] INFO:   Scan 5000/28127 | Keyframes: 5000 | Avg: load=1.4ms, encode=2.7ms, select=16.7ms
[2026-01-28 03:06:59] INFO:   Scan 5500/28127 | Keyframes: 5500 | Avg: load=2.1ms, encode=3.5ms, select=18.2ms
[2026-01-28 03:07:11] INFO:   Scan 6000/28127 | Keyframes: 6000 | Avg: load=1.7ms, encode=3.1ms, select=18.4ms
[2026-01-28 03:07:22] INFO:   Scan 6500/28127 | Keyframes: 6500 | Avg: load=1.3ms, encode=2.7ms, select=17.1ms
[2026-01-28 03:07:33] INFO:   Scan 7000/28127 | Keyframes: 7000 | Avg: load=1.5ms, encode=2.7ms, select=17.2ms
[2026-01-28 03:07:43] INFO:   Scan 7500/28127 | Keyframes: 7500 | Avg: load=1.5ms, encode=2.7ms, select=17.6ms
[2026-01-28 03:07:54] INFO:   Scan 8000/28127 | Keyframes: 8000 | Avg: load=1.9ms, encode=3.3ms, select=17.1ms
[2026-01-28 03:08:05] INFO:   Scan 8500/28127 | Keyframes: 8500 | Avg: load=2.2ms, encode=3.4ms, select=18.5ms
[2026-01-28 03:08:18] INFO:   Scan 9000/28127 | Keyframes: 9000 | Avg: load=2.2ms, encode=3.5ms, select=19.8ms
[2026-01-28 03:08:30] INFO:   Scan 9500/28127 | Keyframes: 9500 | Avg: load=2.1ms, encode=3.5ms, select=18.4ms
[2026-01-28 03:08:42] INFO:   Scan 10000/28127 | Keyframes: 10000 | Avg: load=2.2ms, encode=3.6ms, select=18.7ms
[2026-01-28 03:08:54] INFO:   Scan 10500/28127 | Keyframes: 10500 | Avg: load=2.4ms, encode=3.9ms, select=19.3ms
[2026-01-28 03:09:06] INFO:   Scan 11000/28127 | Keyframes: 11000 | Avg: load=1.8ms, encode=3.1ms, select=18.0ms
[2026-01-28 03:09:17] INFO:   Scan 11500/28127 | Keyframes: 11500 | Avg: load=1.6ms, encode=2.8ms, select=17.9ms
[2026-01-28 03:09:28] INFO:   Scan 12000/28127 | Keyframes: 12000 | Avg: load=1.6ms, encode=2.6ms, select=17.2ms
[2026-01-28 03:09:40] INFO:   Scan 12500/28127 | Keyframes: 12500 | Avg: load=9.5ms, encode=2.4ms, select=16.8ms
[2026-01-28 03:09:54] INFO:   Scan 13000/28127 | Keyframes: 13000 | Avg: load=7.3ms, encode=3.0ms, select=18.2ms
[2026-01-28 03:10:07] INFO:   Scan 13500/28127 | Keyframes: 13500 | Avg: load=6.0ms, encode=2.8ms, select=17.6ms
[2026-01-28 03:10:21] INFO:   Scan 14000/28127 | Keyframes: 14000 | Avg: load=7.8ms, encode=2.7ms, select=17.4ms
[2026-01-28 03:10:36] INFO:   Scan 14500/28127 | Keyframes: 14500 | Avg: load=13.1ms, encode=4.6ms, select=19.1ms
[2026-01-28 03:10:53] INFO:   Scan 15000/28127 | Keyframes: 15000 | Avg: load=9.2ms, encode=3.6ms, select=17.3ms
[2026-01-28 03:11:08] INFO:   Scan 15500/28127 | Keyframes: 15500 | Avg: load=8.2ms, encode=3.1ms, select=15.9ms
[2026-01-28 03:11:22] INFO:   Scan 16000/28127 | Keyframes: 16000 | Avg: load=6.3ms, encode=2.7ms, select=17.5ms
[2026-01-28 03:11:36] INFO:   Scan 16500/28127 | Keyframes: 16500 | Avg: load=7.0ms, encode=3.4ms, select=17.5ms
[2026-01-28 03:11:52] INFO:   Scan 17000/28127 | Keyframes: 17000 | Avg: load=11.6ms, encode=3.4ms, select=17.9ms
[2026-01-28 03:12:05] INFO:   Scan 17500/28127 | Keyframes: 17500 | Avg: load=9.3ms, encode=2.3ms, select=16.3ms
[2026-01-28 03:12:19] INFO:   Scan 18000/28127 | Keyframes: 18000 | Avg: load=6.2ms, encode=3.0ms, select=17.9ms
[2026-01-28 03:12:32] INFO:   Scan 18500/28127 | Keyframes: 18500 | Avg: load=9.3ms, encode=2.3ms, select=15.8ms
[2026-01-28 03:12:48] INFO:   Scan 19000/28127 | Keyframes: 19000 | Avg: load=10.3ms, encode=3.7ms, select=18.9ms
[2026-01-28 03:13:03] INFO:   Scan 19500/28127 | Keyframes: 19500 | Avg: load=8.6ms, encode=3.3ms, select=17.1ms
[2026-01-28 03:13:17] INFO:   Scan 20000/28127 | Keyframes: 20000 | Avg: load=7.9ms, encode=3.0ms, select=16.9ms
[2026-01-28 03:13:33] INFO:   Scan 20500/28127 | Keyframes: 20500 | Avg: load=9.9ms, encode=4.0ms, select=18.3ms
[2026-01-28 03:13:48] INFO:   Scan 21000/28127 | Keyframes: 21000 | Avg: load=6.4ms, encode=2.9ms, select=17.4ms
[2026-01-28 03:14:02] INFO:   Scan 21500/28127 | Keyframes: 21500 | Avg: load=9.8ms, encode=2.5ms, select=17.3ms
[2026-01-28 03:14:14] INFO:   Scan 22000/28127 | Keyframes: 22000 | Avg: load=4.7ms, encode=2.6ms, select=17.5ms
[2026-01-28 03:14:26] INFO:   Scan 22500/28127 | Keyframes: 22500 | Avg: load=1.9ms, encode=2.5ms, select=17.2ms
[2026-01-28 03:14:39] INFO:   Scan 23000/28127 | Keyframes: 23000 | Avg: load=7.1ms, encode=2.2ms, select=17.0ms
[2026-01-28 03:14:50] INFO:   Scan 23500/28127 | Keyframes: 23500 | Avg: load=1.9ms, encode=2.5ms, select=17.2ms
[2026-01-28 03:15:01] INFO:   Scan 24000/28127 | Keyframes: 24000 | Avg: load=2.1ms, encode=2.6ms, select=17.6ms
[2026-01-28 03:15:12] INFO:   Scan 24500/28127 | Keyframes: 24500 | Avg: load=2.1ms, encode=2.6ms, select=17.4ms
[2026-01-28 03:15:24] INFO:   Scan 25000/28127 | Keyframes: 25000 | Avg: load=2.9ms, encode=3.4ms, select=17.3ms
[2026-01-28 03:15:36] INFO:   Scan 25500/28127 | Keyframes: 25500 | Avg: load=2.7ms, encode=2.7ms, select=18.2ms
[2026-01-28 03:15:48] INFO:   Scan 26000/28127 | Keyframes: 26000 | Avg: load=3.3ms, encode=2.9ms, select=17.3ms
[2026-01-28 03:16:00] INFO:   Scan 26500/28127 | Keyframes: 26500 | Avg: load=2.7ms, encode=3.1ms, select=18.1ms
[2026-01-28 03:16:12] INFO:   Scan 27000/28127 | Keyframes: 27000 | Avg: load=2.2ms, encode=2.7ms, select=17.3ms
[2026-01-28 03:16:24] INFO:   Scan 27500/28127 | Keyframes: 27500 | Avg: load=6.5ms, encode=2.3ms, select=15.0ms
[2026-01-28 03:16:36] INFO:   Scan 28000/28127 | Keyframes: 28000 | Avg: load=3.7ms, encode=3.2ms, select=16.2ms
[2026-01-28 03:16:39] INFO:   Completed: 28127/28127 keyframes (100.0% selection rate)
[2026-01-28 03:16:39] INFO:     Date 2012-01-08: 28127 keyframes (seq_id=9)
[2026-01-28 03:16:40] INFO: Processing 25496 scans from nclt_2012-05-11...
[2026-01-28 03:16:40] INFO:   Scan 0/25496 | Keyframes: 0 | Avg: load=0.0ms, encode=0.0ms, select=0.0ms
[2026-01-28 03:16:50] INFO:   Scan 500/25496 | Keyframes: 500 | Avg: load=1.5ms, encode=2.6ms, select=17.4ms
[2026-01-28 03:17:01] INFO:   Scan 1000/25496 | Keyframes: 1000 | Avg: load=1.8ms, encode=3.0ms, select=18.4ms
[2026-01-28 03:17:13] INFO:   Scan 1500/25496 | Keyframes: 1500 | Avg: load=1.8ms, encode=2.9ms, select=18.4ms
[2026-01-28 03:17:24] INFO:   Scan 2000/25496 | Keyframes: 2000 | Avg: load=1.4ms, encode=2.5ms, select=17.6ms
[2026-01-28 03:17:35] INFO:   Scan 2500/25496 | Keyframes: 2500 | Avg: load=1.2ms, encode=2.3ms, select=17.2ms
[2026-01-28 03:17:45] INFO:   Scan 3000/25496 | Keyframes: 3000 | Avg: load=1.1ms, encode=2.1ms, select=16.7ms
[2026-01-28 03:17:56] INFO:   Scan 3500/25496 | Keyframes: 3500 | Avg: load=1.5ms, encode=2.6ms, select=17.8ms
[2026-01-28 03:18:06] INFO:   Scan 4000/25496 | Keyframes: 4000 | Avg: load=1.2ms, encode=2.3ms, select=17.3ms
[2026-01-28 03:18:17] INFO:   Scan 4500/25496 | Keyframes: 4500 | Avg: load=9.0ms, encode=2.1ms, select=16.5ms
[2026-01-28 03:18:29] INFO:   Scan 5000/25496 | Keyframes: 5000 | Avg: load=2.0ms, encode=2.6ms, select=17.6ms
[2026-01-28 03:18:40] INFO:   Scan 5500/25496 | Keyframes: 5500 | Avg: load=1.9ms, encode=2.4ms, select=17.4ms
[2026-01-28 03:18:51] INFO:   Scan 6000/25496 | Keyframes: 6000 | Avg: load=2.1ms, encode=2.6ms, select=17.9ms
[2026-01-28 03:19:03] INFO:   Scan 6500/25496 | Keyframes: 6500 | Avg: load=3.0ms, encode=3.5ms, select=18.6ms
[2026-01-28 03:19:14] INFO:   Scan 7000/25496 | Keyframes: 7000 | Avg: load=2.0ms, encode=2.4ms, select=19.1ms
[2026-01-28 03:19:26] INFO:   Scan 7500/25496 | Keyframes: 7500 | Avg: load=2.5ms, encode=2.9ms, select=18.2ms
[2026-01-28 03:19:38] INFO:   Scan 8000/25496 | Keyframes: 8000 | Avg: load=2.7ms, encode=2.9ms, select=17.8ms
[2026-01-28 03:19:49] INFO:   Scan 8500/25496 | Keyframes: 8500 | Avg: load=2.0ms, encode=2.5ms, select=17.4ms
[2026-01-28 03:20:00] INFO:   Scan 9000/25496 | Keyframes: 9000 | Avg: load=2.1ms, encode=2.5ms, select=17.4ms
[2026-01-28 03:20:12] INFO:   Scan 9500/25496 | Keyframes: 9500 | Avg: load=8.4ms, encode=2.0ms, select=15.7ms
[2026-01-28 03:20:23] INFO:   Scan 10000/25496 | Keyframes: 10000 | Avg: load=2.4ms, encode=2.7ms, select=17.8ms
[2026-01-28 03:20:34] INFO:   Scan 10500/25496 | Keyframes: 10500 | Avg: load=2.3ms, encode=2.7ms, select=17.4ms
[2026-01-28 03:20:46] INFO:   Scan 11000/25496 | Keyframes: 11000 | Avg: load=2.4ms, encode=2.8ms, select=17.9ms
[2026-01-28 03:20:58] INFO:   Scan 11500/25496 | Keyframes: 11500 | Avg: load=2.6ms, encode=2.9ms, select=18.2ms
[2026-01-28 03:21:09] INFO:   Scan 12000/25496 | Keyframes: 12000 | Avg: load=2.4ms, encode=2.8ms, select=18.1ms
[2026-01-28 03:21:21] INFO:   Scan 12500/25496 | Keyframes: 12500 | Avg: load=4.0ms, encode=3.1ms, select=18.2ms
