[2026-01-28 07:50:24] INFO: ================================================================================
[2026-01-28 07:50:24] INFO: NEURAL SPECTRAL CODEC - MULTI-DATASET TRAINING
[2026-01-28 07:50:24] INFO: ================================================================================
[2026-01-28 07:50:24] INFO: Log file: logs/training_20260128_075024.log
[2026-01-28 07:50:24] INFO: Loading configuration from: configs/training_multi_dataset.yaml
[2026-01-28 07:50:24] INFO:   n_elevation: 16
[2026-01-28 07:50:24] INFO:   n_azimuth: 360
[2026-01-28 07:50:24] INFO:   n_bins: 50
[2026-01-28 07:50:24] INFO:   distance_threshold: 0.8m
[2026-01-28 07:50:24] INFO:   n_epochs: 50
[2026-01-28 07:50:24] INFO: Using device: cuda
[2026-01-28 07:50:24] INFO:   GPU: NVIDIA RTX 5000 Ada Generation
[2026-01-28 07:50:24] INFO:   VRAM: 33.8 GB
[2026-01-28 07:50:24] INFO: 
[2026-01-28 07:50:24] INFO: [1/6] Creating spectral encoder...
[2026-01-28 07:50:24] INFO:   Encoder created (n_elevation=16, n_bins=50)
[2026-01-28 07:50:24] INFO: 
[2026-01-28 07:50:24] INFO: [2/6] Loading training datasets...
[2026-01-28 07:50:24] INFO:   Loading KITTI from /workspace/data/kitti/dataset
[2026-01-28 07:50:24] INFO: Processing 4541 scans from kitti_00...
[2026-01-28 07:50:24] INFO:   Scan 0/4541 | Keyframes: 0 | Avg: load=0.0ms, encode=0.0ms, select=0.0ms
[2026-01-28 07:50:36] INFO:   Scan 500/4541 | Keyframes: 500 | Avg: load=1.0ms, encode=10.7ms, select=11.9ms
[2026-01-28 07:50:47] INFO:   Scan 1000/4541 | Keyframes: 1000 | Avg: load=0.9ms, encode=10.5ms, select=11.1ms
[2026-01-28 07:50:57] INFO:   Scan 1500/4541 | Keyframes: 1500 | Avg: load=0.9ms, encode=9.8ms, select=6.1ms
[2026-01-28 07:51:07] INFO:   Scan 2000/4541 | Keyframes: 2000 | Avg: load=0.9ms, encode=10.3ms, select=15.0ms
[2026-01-28 07:51:17] INFO:   Scan 2500/4541 | Keyframes: 2500 | Avg: load=0.9ms, encode=10.2ms, select=10.5ms
[2026-01-28 07:51:26] INFO:   Scan 3000/4541 | Keyframes: 3000 | Avg: load=0.9ms, encode=10.2ms, select=6.8ms
[2026-01-28 07:51:36] INFO:   Scan 3500/4541 | Keyframes: 3500 | Avg: load=0.9ms, encode=9.9ms, select=11.0ms
[2026-01-28 07:51:45] INFO:   Scan 4000/4541 | Keyframes: 4000 | Avg: load=0.9ms, encode=9.7ms, select=15.6ms
[2026-01-28 07:51:52] INFO:   Scan 4500/4541 | Keyframes: 4500 | Avg: load=0.9ms, encode=10.2ms, select=12.0ms
[2026-01-28 07:51:53] INFO:   Completed: 4541/4541 keyframes (100.0% selection rate)
[2026-01-28 07:51:53] INFO:     Sequence 00: 4541 keyframes (seq_id=0)
[2026-01-28 07:51:53] INFO: Processing 1101 scans from kitti_01...
[2026-01-28 07:51:53] INFO:   Scan 0/1101 | Keyframes: 0 | Avg: load=0.0ms, encode=0.0ms, select=0.0ms
[2026-01-28 07:51:58] INFO:   Scan 500/1101 | Keyframes: 500 | Avg: load=0.6ms, encode=7.3ms, select=0.1ms
[2026-01-28 07:52:02] INFO:   Scan 1000/1101 | Keyframes: 1000 | Avg: load=0.7ms, encode=8.9ms, select=0.1ms
[2026-01-28 07:52:03] INFO:   Completed: 1101/1101 keyframes (100.0% selection rate)
[2026-01-28 07:52:03] INFO:     Sequence 01: 1101 keyframes (seq_id=1)
[2026-01-28 07:52:03] INFO: Processing 4661 scans from kitti_02...
[2026-01-28 07:52:03] INFO:   Scan 0/4661 | Keyframes: 0 | Avg: load=0.0ms, encode=0.0ms, select=0.0ms
[2026-01-28 07:52:09] INFO:   Scan 500/4661 | Keyframes: 500 | Avg: load=0.9ms, encode=10.6ms, select=0.7ms
[2026-01-28 07:52:16] INFO:   Scan 1000/4661 | Keyframes: 1000 | Avg: load=0.9ms, encode=10.5ms, select=9.3ms
[2026-01-28 07:52:26] INFO:   Scan 1500/4661 | Keyframes: 1500 | Avg: load=0.9ms, encode=10.7ms, select=0.1ms
[2026-01-28 07:52:33] INFO:   Scan 2000/4661 | Keyframes: 2000 | Avg: load=0.9ms, encode=10.6ms, select=3.6ms
[2026-01-28 07:52:40] INFO:   Scan 2500/4661 | Keyframes: 2500 | Avg: load=0.8ms, encode=10.3ms, select=0.1ms
[2026-01-28 07:52:47] INFO:   Scan 3000/4661 | Keyframes: 3000 | Avg: load=0.8ms, encode=9.8ms, select=0.1ms
[2026-01-28 07:52:54] INFO:   Scan 3500/4661 | Keyframes: 3500 | Avg: load=0.9ms, encode=10.2ms, select=4.7ms
[2026-01-28 07:53:00] INFO:   Scan 4000/4661 | Keyframes: 4000 | Avg: load=0.8ms, encode=10.4ms, select=0.1ms
[2026-01-28 07:53:07] INFO:   Scan 4500/4661 | Keyframes: 4500 | Avg: load=0.9ms, encode=10.6ms, select=0.1ms
[2026-01-28 07:53:09] INFO:   Completed: 4661/4661 keyframes (100.0% selection rate)
[2026-01-28 07:53:09] INFO:     Sequence 02: 4661 keyframes (seq_id=2)
[2026-01-28 07:53:09] INFO: Processing 801 scans from kitti_03...
[2026-01-28 07:53:09] INFO:   Scan 0/801 | Keyframes: 0 | Avg: load=0.0ms, encode=0.0ms, select=0.0ms
[2026-01-28 07:53:20] INFO:   Scan 500/801 | Keyframes: 500 | Avg: load=0.8ms, encode=10.1ms, select=3.4ms
[2026-01-28 07:53:27] INFO:   Completed: 801/801 keyframes (100.0% selection rate)
[2026-01-28 07:53:27] INFO:     Sequence 03: 801 keyframes (seq_id=3)
[2026-01-28 07:53:27] INFO: Processing 271 scans from kitti_04...
[2026-01-28 07:53:27] INFO:   Scan 0/271 | Keyframes: 0 | Avg: load=0.0ms, encode=0.0ms, select=0.0ms
[2026-01-28 07:53:30] INFO:   Completed: 271/271 keyframes (100.0% selection rate)
[2026-01-28 07:53:30] INFO:     Sequence 04: 271 keyframes (seq_id=4)
[2026-01-28 07:53:30] INFO: Processing 2761 scans from kitti_05...
[2026-01-28 07:53:30] INFO:   Scan 0/2761 | Keyframes: 0 | Avg: load=0.0ms, encode=0.0ms, select=0.0ms
[2026-01-28 07:53:42] INFO:   Scan 500/2761 | Keyframes: 500 | Avg: load=0.9ms, encode=10.0ms, select=12.2ms
[2026-01-28 07:53:52] INFO:   Scan 1000/2761 | Keyframes: 1000 | Avg: load=0.9ms, encode=10.1ms, select=13.8ms
[2026-01-28 07:54:02] INFO:   Scan 1500/2761 | Keyframes: 1500 | Avg: load=0.9ms, encode=10.5ms, select=0.3ms
[2026-01-28 07:54:11] INFO:   Scan 2000/2761 | Keyframes: 2000 | Avg: load=0.8ms, encode=10.0ms, select=0.1ms
[2026-01-28 07:54:21] INFO:   Scan 2500/2761 | Keyframes: 2500 | Avg: load=0.9ms, encode=10.2ms, select=6.7ms
[2026-01-28 07:54:24] INFO:   Completed: 2761/2761 keyframes (100.0% selection rate)
[2026-01-28 07:54:24] INFO:     Sequence 05: 2761 keyframes (seq_id=5)
[2026-01-28 07:54:24] INFO: Processing 1101 scans from kitti_06...
[2026-01-28 07:54:24] INFO:   Scan 0/1101 | Keyframes: 0 | Avg: load=0.0ms, encode=0.0ms, select=0.0ms
[2026-01-28 07:54:32] INFO:   Scan 500/1101 | Keyframes: 500 | Avg: load=0.8ms, encode=9.9ms, select=5.6ms
[2026-01-28 07:54:38] INFO:   Scan 1000/1101 | Keyframes: 1000 | Avg: load=0.8ms, encode=9.0ms, select=0.1ms
[2026-01-28 07:54:39] INFO:   Completed: 1101/1101 keyframes (100.0% selection rate)
[2026-01-28 07:54:39] INFO:     Sequence 06: 1101 keyframes (seq_id=6)
[2026-01-28 07:54:39] INFO: Processing 1101 scans from kitti_07...
[2026-01-28 07:54:39] INFO:   Scan 0/1101 | Keyframes: 0 | Avg: load=0.0ms, encode=0.0ms, select=0.0ms
[2026-01-28 07:54:51] INFO:   Scan 500/1101 | Keyframes: 500 | Avg: load=0.9ms, encode=9.4ms, select=12.7ms
[2026-01-28 07:55:01] INFO:   Scan 1000/1101 | Keyframes: 1000 | Avg: load=0.9ms, encode=9.5ms, select=19.0ms
[2026-01-28 07:55:04] INFO:   Completed: 1101/1101 keyframes (100.0% selection rate)
[2026-01-28 07:55:04] INFO:     Sequence 07: 1101 keyframes (seq_id=7)
[2026-01-28 07:55:04] INFO: Processing 4071 scans from kitti_08...
[2026-01-28 07:55:04] INFO:   Scan 0/4071 | Keyframes: 0 | Avg: load=0.0ms, encode=0.0ms, select=0.0ms
[2026-01-28 07:55:12] INFO:   Scan 500/4071 | Keyframes: 500 | Avg: load=0.9ms, encode=9.6ms, select=10.6ms
[2026-01-28 07:55:21] INFO:   Scan 1000/4071 | Keyframes: 1000 | Avg: load=0.8ms, encode=9.6ms, select=4.0ms
[2026-01-28 07:55:31] INFO:   Scan 1500/4071 | Keyframes: 1500 | Avg: load=0.9ms, encode=9.9ms, select=12.2ms
[2026-01-28 07:55:42] INFO:   Scan 2000/4071 | Keyframes: 2000 | Avg: load=0.9ms, encode=9.5ms, select=18.9ms
[2026-01-28 07:55:55] INFO:   Scan 2500/4071 | Keyframes: 2500 | Avg: load=0.8ms, encode=9.6ms, select=13.8ms
[2026-01-28 07:56:04] INFO:   Scan 3000/4071 | Keyframes: 3000 | Avg: load=0.8ms, encode=9.0ms, select=12.7ms
[2026-01-28 07:56:11] INFO:   Scan 3500/4071 | Keyframes: 3500 | Avg: load=0.9ms, encode=9.7ms, select=13.4ms
[2026-01-28 07:56:19] INFO:   Scan 4000/4071 | Keyframes: 4000 | Avg: load=0.9ms, encode=9.7ms, select=8.4ms
[2026-01-28 07:56:21] INFO:   Completed: 4071/4071 keyframes (100.0% selection rate)
[2026-01-28 07:56:21] INFO:     Sequence 08: 4071 keyframes (seq_id=8)
[2026-01-28 07:56:21] INFO:   Loading NCLT from /workspace/data/nclt
[2026-01-28 07:56:26] INFO: Processing 28127 scans from nclt_2012-01-08...
[2026-01-28 07:56:26] INFO:   Scan 0/28127 | Keyframes: 0 | Avg: load=0.0ms, encode=0.0ms, select=0.0ms
[2026-01-28 07:56:37] INFO:   Scan 500/28127 | Keyframes: 500 | Avg: load=1.3ms, encode=2.6ms, select=17.4ms
[2026-01-28 07:56:48] INFO:   Scan 1000/28127 | Keyframes: 1000 | Avg: load=1.7ms, encode=3.0ms, select=18.1ms
[2026-01-28 07:57:00] INFO:   Scan 1500/28127 | Keyframes: 1500 | Avg: load=1.9ms, encode=3.3ms, select=18.2ms
[2026-01-28 07:57:12] INFO:   Scan 2000/28127 | Keyframes: 2000 | Avg: load=2.4ms, encode=3.9ms, select=18.9ms
[2026-01-28 07:57:23] INFO:   Scan 2500/28127 | Keyframes: 2500 | Avg: load=1.7ms, encode=2.9ms, select=18.3ms
[2026-01-28 07:57:35] INFO:   Scan 3000/28127 | Keyframes: 3000 | Avg: load=2.1ms, encode=3.6ms, select=18.5ms
[2026-01-28 07:57:47] INFO:   Scan 3500/28127 | Keyframes: 3500 | Avg: load=1.7ms, encode=3.1ms, select=18.0ms
[2026-01-28 07:57:58] INFO:   Scan 4000/28127 | Keyframes: 4000 | Avg: load=1.5ms, encode=2.7ms, select=17.5ms
[2026-01-28 07:58:09] INFO:   Scan 4500/28127 | Keyframes: 4500 | Avg: load=1.4ms, encode=2.8ms, select=17.6ms
[2026-01-28 07:58:20] INFO:   Scan 5000/28127 | Keyframes: 5000 | Avg: load=1.4ms, encode=2.7ms, select=16.8ms
[2026-01-28 07:58:32] INFO:   Scan 5500/28127 | Keyframes: 5500 | Avg: load=1.9ms, encode=3.4ms, select=18.1ms
[2026-01-28 07:58:43] INFO:   Scan 6000/28127 | Keyframes: 6000 | Avg: load=1.6ms, encode=2.9ms, select=17.9ms
[2026-01-28 07:58:54] INFO:   Scan 6500/28127 | Keyframes: 6500 | Avg: load=1.4ms, encode=2.7ms, select=17.1ms
[2026-01-28 07:59:04] INFO:   Scan 7000/28127 | Keyframes: 7000 | Avg: load=1.5ms, encode=2.7ms, select=17.2ms
[2026-01-28 07:59:15] INFO:   Scan 7500/28127 | Keyframes: 7500 | Avg: load=1.5ms, encode=2.7ms, select=17.5ms
[2026-01-28 07:59:26] INFO:   Scan 8000/28127 | Keyframes: 8000 | Avg: load=1.7ms, encode=3.1ms, select=17.1ms
[2026-01-28 07:59:37] INFO:   Scan 8500/28127 | Keyframes: 8500 | Avg: load=1.9ms, encode=3.3ms, select=18.5ms
[2026-01-28 07:59:49] INFO:   Scan 9000/28127 | Keyframes: 9000 | Avg: load=2.0ms, encode=3.4ms, select=19.6ms
[2026-01-28 08:00:01] INFO:   Scan 9500/28127 | Keyframes: 9500 | Avg: load=1.9ms, encode=3.4ms, select=18.5ms
[2026-01-28 08:00:13] INFO:   Scan 10000/28127 | Keyframes: 10000 | Avg: load=2.0ms, encode=3.5ms, select=18.7ms
[2026-01-28 08:00:25] INFO:   Scan 10500/28127 | Keyframes: 10500 | Avg: load=2.1ms, encode=3.6ms, select=18.7ms
[2026-01-28 08:00:36] INFO:   Scan 11000/28127 | Keyframes: 11000 | Avg: load=1.7ms, encode=3.0ms, select=17.8ms
[2026-01-28 08:00:47] INFO:   Scan 11500/28127 | Keyframes: 11500 | Avg: load=1.7ms, encode=3.0ms, select=18.1ms
[2026-01-28 08:00:58] INFO:   Scan 12000/28127 | Keyframes: 12000 | Avg: load=1.5ms, encode=2.8ms, select=17.4ms
[2026-01-28 08:01:09] INFO:   Scan 12500/28127 | Keyframes: 12500 | Avg: load=1.1ms, encode=2.5ms, select=16.9ms
[2026-01-28 08:01:20] INFO:   Scan 13000/28127 | Keyframes: 13000 | Avg: load=1.6ms, encode=3.0ms, select=18.0ms
[2026-01-28 08:01:31] INFO:   Scan 13500/28127 | Keyframes: 13500 | Avg: load=1.3ms, encode=2.6ms, select=17.6ms
[2026-01-28 08:01:42] INFO:   Scan 14000/28127 | Keyframes: 14000 | Avg: load=1.3ms, encode=2.6ms, select=17.2ms
[2026-01-28 08:01:53] INFO:   Scan 14500/28127 | Keyframes: 14500 | Avg: load=2.6ms, encode=4.1ms, select=17.8ms
[2026-01-28 08:02:04] INFO:   Scan 15000/28127 | Keyframes: 15000 | Avg: load=2.0ms, encode=3.4ms, select=17.0ms
[2026-01-28 08:02:15] INFO:   Scan 15500/28127 | Keyframes: 15500 | Avg: load=1.8ms, encode=3.2ms, select=15.9ms
[2026-01-28 08:02:26] INFO:   Scan 16000/28127 | Keyframes: 16000 | Avg: load=1.6ms, encode=2.9ms, select=17.8ms
[2026-01-28 08:02:37] INFO:   Scan 16500/28127 | Keyframes: 16500 | Avg: load=2.0ms, encode=3.5ms, select=17.6ms
[2026-01-28 08:02:49] INFO:   Scan 17000/28127 | Keyframes: 17000 | Avg: load=2.0ms, encode=3.4ms, select=17.3ms
[2026-01-28 08:03:00] INFO:   Scan 17500/28127 | Keyframes: 17500 | Avg: load=1.2ms, encode=2.4ms, select=16.4ms
[2026-01-28 08:03:10] INFO:   Scan 18000/28127 | Keyframes: 18000 | Avg: load=1.8ms, encode=3.2ms, select=18.0ms
[2026-01-28 08:03:21] INFO:   Scan 18500/28127 | Keyframes: 18500 | Avg: load=1.2ms, encode=2.4ms, select=15.8ms
[2026-01-28 08:03:33] INFO:   Scan 19000/28127 | Keyframes: 19000 | Avg: load=2.4ms, encode=3.8ms, select=18.4ms
[2026-01-28 08:03:44] INFO:   Scan 19500/28127 | Keyframes: 19500 | Avg: load=2.0ms, encode=3.5ms, select=17.3ms
[2026-01-28 08:03:56] INFO:   Scan 20000/28127 | Keyframes: 20000 | Avg: load=1.8ms, encode=3.2ms, select=17.0ms
[2026-01-28 08:04:08] INFO:   Scan 20500/28127 | Keyframes: 20500 | Avg: load=2.6ms, encode=4.1ms, select=18.3ms
[2026-01-28 08:04:19] INFO:   Scan 21000/28127 | Keyframes: 21000 | Avg: load=1.7ms, encode=3.1ms, select=17.5ms
[2026-01-28 08:04:31] INFO:   Scan 21500/28127 | Keyframes: 21500 | Avg: load=1.4ms, encode=2.7ms, select=17.4ms
[2026-01-28 08:04:42] INFO:   Scan 22000/28127 | Keyframes: 22000 | Avg: load=1.5ms, encode=2.8ms, select=17.6ms
[2026-01-28 08:04:52] INFO:   Scan 22500/28127 | Keyframes: 22500 | Avg: load=1.4ms, encode=2.7ms, select=17.4ms
[2026-01-28 08:05:03] INFO:   Scan 23000/28127 | Keyframes: 23000 | Avg: load=1.2ms, encode=2.5ms, select=17.1ms
[2026-01-28 08:05:13] INFO:   Scan 23500/28127 | Keyframes: 23500 | Avg: load=1.4ms, encode=2.7ms, select=17.4ms
[2026-01-28 08:05:24] INFO:   Scan 24000/28127 | Keyframes: 24000 | Avg: load=1.6ms, encode=2.9ms, select=17.8ms
[2026-01-28 08:05:35] INFO:   Scan 24500/28127 | Keyframes: 24500 | Avg: load=1.6ms, encode=2.8ms, select=17.6ms
[2026-01-28 08:05:46] INFO:   Scan 25000/28127 | Keyframes: 25000 | Avg: load=2.2ms, encode=3.6ms, select=17.5ms
[2026-01-28 08:05:58] INFO:   Scan 25500/28127 | Keyframes: 25500 | Avg: load=1.6ms, encode=2.9ms, select=17.8ms
[2026-01-28 08:06:08] INFO:   Scan 26000/28127 | Keyframes: 26000 | Avg: load=1.7ms, encode=3.0ms, select=17.0ms
[2026-01-28 08:06:20] INFO:   Scan 26500/28127 | Keyframes: 26500 | Avg: load=1.8ms, encode=3.3ms, select=18.3ms
[2026-01-28 08:06:31] INFO:   Scan 27000/28127 | Keyframes: 27000 | Avg: load=1.6ms, encode=2.9ms, select=17.5ms
[2026-01-28 08:06:41] INFO:   Scan 27500/28127 | Keyframes: 27500 | Avg: load=1.2ms, encode=2.5ms, select=14.8ms
[2026-01-28 08:06:51] INFO:   Scan 28000/28127 | Keyframes: 28000 | Avg: load=1.9ms, encode=3.4ms, select=16.3ms
[2026-01-28 08:06:53] INFO:   Completed: 28127/28127 keyframes (100.0% selection rate)
[2026-01-28 08:06:53] INFO:     Date 2012-01-08: 28127 keyframes (seq_id=9)
[2026-01-28 08:06:55] INFO: Processing 25496 scans from nclt_2012-05-11...
[2026-01-28 08:06:55] INFO:   Scan 0/25496 | Keyframes: 0 | Avg: load=0.0ms, encode=0.0ms, select=0.0ms
[2026-01-28 08:07:05] INFO:   Scan 500/25496 | Keyframes: 500 | Avg: load=1.5ms, encode=2.8ms, select=17.6ms
[2026-01-28 08:07:16] INFO:   Scan 1000/25496 | Keyframes: 1000 | Avg: load=1.8ms, encode=3.2ms, select=18.6ms
[2026-01-28 08:07:28] INFO:   Scan 1500/25496 | Keyframes: 1500 | Avg: load=1.7ms, encode=3.1ms, select=18.6ms
[2026-01-28 08:07:39] INFO:   Scan 2000/25496 | Keyframes: 2000 | Avg: load=1.5ms, encode=2.8ms, select=17.6ms
[2026-01-28 08:07:50] INFO:   Scan 2500/25496 | Keyframes: 2500 | Avg: load=1.2ms, encode=2.6ms, select=17.3ms
[2026-01-28 08:08:01] INFO:   Scan 3000/25496 | Keyframes: 3000 | Avg: load=1.1ms, encode=2.3ms, select=16.8ms
[2026-01-28 08:08:11] INFO:   Scan 3500/25496 | Keyframes: 3500 | Avg: load=1.5ms, encode=2.7ms, select=17.9ms
[2026-01-28 08:08:22] INFO:   Scan 4000/25496 | Keyframes: 4000 | Avg: load=1.3ms, encode=2.5ms, select=17.5ms
[2026-01-28 08:08:33] INFO:   Scan 4500/25496 | Keyframes: 4500 | Avg: load=1.1ms, encode=2.3ms, select=16.7ms
[2026-01-28 08:08:44] INFO:   Scan 5000/25496 | Keyframes: 5000 | Avg: load=1.5ms, encode=2.8ms, select=17.8ms
[2026-01-28 08:08:55] INFO:   Scan 5500/25496 | Keyframes: 5500 | Avg: load=1.4ms, encode=2.7ms, select=17.6ms
[2026-01-28 08:09:06] INFO:   Scan 6000/25496 | Keyframes: 6000 | Avg: load=1.5ms, encode=2.8ms, select=18.0ms
[2026-01-28 08:09:17] INFO:   Scan 6500/25496 | Keyframes: 6500 | Avg: load=2.2ms, encode=3.7ms, select=18.7ms
[2026-01-28 08:09:29] INFO:   Scan 7000/25496 | Keyframes: 7000 | Avg: load=1.3ms, encode=2.6ms, select=17.9ms
[2026-01-28 08:09:40] INFO:   Scan 7500/25496 | Keyframes: 7500 | Avg: load=1.8ms, encode=3.1ms, select=18.4ms
[2026-01-28 08:09:52] INFO:   Scan 8000/25496 | Keyframes: 8000 | Avg: load=1.7ms, encode=3.0ms, select=17.9ms
[2026-01-28 08:10:03] INFO:   Scan 8500/25496 | Keyframes: 8500 | Avg: load=1.4ms, encode=2.7ms, select=17.5ms
[2026-01-28 08:10:13] INFO:   Scan 9000/25496 | Keyframes: 9000 | Avg: load=1.4ms, encode=2.7ms, select=17.5ms
[2026-01-28 08:10:24] INFO:   Scan 9500/25496 | Keyframes: 9500 | Avg: load=0.9ms, encode=2.2ms, select=15.7ms
[2026-01-28 08:10:35] INFO:   Scan 10000/25496 | Keyframes: 10000 | Avg: load=1.6ms, encode=2.9ms, select=17.9ms
[2026-01-28 08:10:46] INFO:   Scan 10500/25496 | Keyframes: 10500 | Avg: load=1.6ms, encode=2.8ms, select=17.6ms
[2026-01-28 08:10:57] INFO:   Scan 11000/25496 | Keyframes: 11000 | Avg: load=1.7ms, encode=3.0ms, select=18.1ms
[2026-01-28 08:11:09] INFO:   Scan 11500/25496 | Keyframes: 11500 | Avg: load=1.7ms, encode=3.1ms, select=18.4ms
[2026-01-28 08:11:20] INFO:   Scan 12000/25496 | Keyframes: 12000 | Avg: load=1.7ms, encode=3.0ms, select=18.2ms
[2026-01-28 08:11:31] INFO:   Scan 12500/25496 | Keyframes: 12500 | Avg: load=2.0ms, encode=3.3ms, select=18.4ms
[2026-01-28 08:11:44] INFO:   Scan 13000/25496 | Keyframes: 13000 | Avg: load=2.0ms, encode=2.8ms, select=18.0ms
[2026-01-28 08:11:55] INFO:   Scan 13500/25496 | Keyframes: 13500 | Avg: load=2.8ms, encode=3.4ms, select=16.9ms
[2026-01-28 08:12:07] INFO:   Scan 14000/25496 | Keyframes: 14000 | Avg: load=3.1ms, encode=3.4ms, select=17.3ms
[2026-01-28 08:12:19] INFO:   Scan 14500/25496 | Keyframes: 14500 | Avg: load=4.0ms, encode=2.5ms, select=17.6ms
[2026-01-28 08:12:30] INFO:   Scan 15000/25496 | Keyframes: 15000 | Avg: load=1.6ms, encode=2.7ms, select=17.7ms
[2026-01-28 08:12:41] INFO:   Scan 15500/25496 | Keyframes: 15500 | Avg: load=2.0ms, encode=2.6ms, select=17.6ms
[2026-01-28 08:12:51] INFO:   Scan 16000/25496 | Keyframes: 16000 | Avg: load=2.2ms, encode=2.7ms, select=17.6ms
[2026-01-28 08:13:03] INFO:   Scan 16500/25496 | Keyframes: 16500 | Avg: load=2.0ms, encode=2.6ms, select=17.7ms
[2026-01-28 08:13:15] INFO:   Scan 17000/25496 | Keyframes: 17000 | Avg: load=2.9ms, encode=3.4ms, select=18.6ms
[2026-01-28 08:13:26] INFO:   Scan 17500/25496 | Keyframes: 17500 | Avg: load=1.7ms, encode=2.5ms, select=17.2ms
[2026-01-28 08:13:38] INFO:   Scan 18000/25496 | Keyframes: 18000 | Avg: load=2.3ms, encode=3.0ms, select=18.2ms
[2026-01-28 08:13:49] INFO:   Scan 18500/25496 | Keyframes: 18500 | Avg: load=1.9ms, encode=2.6ms, select=17.9ms
[2026-01-28 08:14:01] INFO:   Scan 19000/25496 | Keyframes: 19000 | Avg: load=2.5ms, encode=3.1ms, select=18.2ms
[2026-01-28 08:14:13] INFO:   Scan 19500/25496 | Keyframes: 19500 | Avg: load=2.6ms, encode=3.1ms, select=16.3ms
[2026-01-28 08:14:23] INFO:   Scan 20000/25496 | Keyframes: 20000 | Avg: load=1.7ms, encode=2.8ms, select=16.2ms
[2026-01-28 08:14:35] INFO:   Scan 20500/25496 | Keyframes: 20500 | Avg: load=1.9ms, encode=2.7ms, select=17.4ms
[2026-01-28 08:14:46] INFO:   Scan 21000/25496 | Keyframes: 21000 | Avg: load=2.7ms, encode=2.9ms, select=18.0ms
[2026-01-28 08:14:58] INFO:   Scan 21500/25496 | Keyframes: 21500 | Avg: load=3.2ms, encode=3.3ms, select=18.2ms
[2026-01-28 08:15:10] INFO:   Scan 22000/25496 | Keyframes: 22000 | Avg: load=2.6ms, encode=3.6ms, select=17.7ms
[2026-01-28 08:15:21] INFO:   Scan 22500/25496 | Keyframes: 22500 | Avg: load=2.0ms, encode=2.6ms, select=17.2ms
[2026-01-28 08:15:32] INFO:   Scan 23000/25496 | Keyframes: 23000 | Avg: load=4.3ms, encode=2.7ms, select=16.2ms
[2026-01-28 08:15:43] INFO:   Scan 23500/25496 | Keyframes: 23500 | Avg: load=1.9ms, encode=3.3ms, select=18.3ms
[2026-01-28 08:15:54] INFO:   Scan 24000/25496 | Keyframes: 24000 | Avg: load=2.5ms, encode=2.8ms, select=17.6ms
[2026-01-28 08:16:06] INFO:   Scan 24500/25496 | Keyframes: 24500 | Avg: load=1.5ms, encode=2.5ms, select=17.3ms
[2026-01-28 08:16:15] INFO:   Scan 25000/25496 | Keyframes: 25000 | Avg: load=0.9ms, encode=2.1ms, select=14.2ms
[2026-01-28 08:16:25] INFO:   Completed: 25496/25496 keyframes (100.0% selection rate)
[2026-01-28 08:16:25] INFO:     Date 2012-05-11: 25496 keyframes (seq_id=10)
[2026-01-28 08:16:26] INFO: Processing 24116 scans from nclt_2012-08-04...
[2026-01-28 08:16:26] INFO:   Scan 0/24116 | Keyframes: 0 | Avg: load=0.0ms, encode=0.0ms, select=0.0ms
[2026-01-28 08:16:35] INFO:   Scan 500/24116 | Keyframes: 500 | Avg: load=1.3ms, encode=2.3ms, select=17.1ms
[2026-01-28 08:16:47] INFO:   Scan 1000/24116 | Keyframes: 1000 | Avg: load=2.0ms, encode=3.0ms, select=18.1ms
[2026-01-28 08:16:58] INFO:   Scan 1500/24116 | Keyframes: 1500 | Avg: load=1.4ms, encode=2.5ms, select=17.4ms
[2026-01-28 08:17:09] INFO:   Scan 2000/24116 | Keyframes: 2000 | Avg: load=1.9ms, encode=3.2ms, select=18.4ms
[2026-01-28 08:17:20] INFO:   Scan 2500/24116 | Keyframes: 2500 | Avg: load=1.7ms, encode=2.7ms, select=16.9ms
[2026-01-28 08:17:32] INFO:   Scan 3000/24116 | Keyframes: 3000 | Avg: load=1.7ms, encode=3.1ms, select=18.5ms
[2026-01-28 08:17:43] INFO:   Scan 3500/24116 | Keyframes: 3500 | Avg: load=1.5ms, encode=2.7ms, select=17.9ms
[2026-01-28 08:17:55] INFO:   Scan 4000/24116 | Keyframes: 4000 | Avg: load=1.9ms, encode=3.3ms, select=18.3ms
[2026-01-28 08:18:06] INFO:   Scan 4500/24116 | Keyframes: 4500 | Avg: load=1.5ms, encode=2.7ms, select=18.0ms
[2026-01-28 08:18:18] INFO:   Scan 5000/24116 | Keyframes: 5000 | Avg: load=2.2ms, encode=3.7ms, select=18.6ms
[2026-01-28 08:18:29] INFO:   Scan 5500/24116 | Keyframes: 5500 | Avg: load=1.4ms, encode=2.7ms, select=18.2ms
[2026-01-28 08:18:40] INFO:   Scan 6000/24116 | Keyframes: 6000 | Avg: load=1.9ms, encode=3.2ms, select=18.3ms
[2026-01-28 08:18:52] INFO:   Scan 6500/24116 | Keyframes: 6500 | Avg: load=1.6ms, encode=2.8ms, select=17.8ms
[2026-01-28 08:19:03] INFO:   Scan 7000/24116 | Keyframes: 7000 | Avg: load=1.5ms, encode=2.5ms, select=17.6ms
[2026-01-28 08:19:14] INFO:   Scan 7500/24116 | Keyframes: 7500 | Avg: load=1.5ms, encode=2.8ms, select=17.9ms
[2026-01-28 08:19:25] INFO:   Scan 8000/24116 | Keyframes: 8000 | Avg: load=1.8ms, encode=3.0ms, select=17.9ms
[2026-01-28 08:19:37] INFO:   Scan 8500/24116 | Keyframes: 8500 | Avg: load=1.5ms, encode=2.8ms, select=18.0ms
[2026-01-28 08:19:48] INFO:   Scan 9000/24116 | Keyframes: 9000 | Avg: load=1.9ms, encode=3.2ms, select=18.1ms
[2026-01-28 08:20:00] INFO:   Scan 9500/24116 | Keyframes: 9500 | Avg: load=1.9ms, encode=3.1ms, select=18.1ms
[2026-01-28 08:20:11] INFO:   Scan 10000/24116 | Keyframes: 10000 | Avg: load=1.6ms, encode=2.9ms, select=17.9ms
[2026-01-28 08:20:23] INFO:   Scan 10500/24116 | Keyframes: 10500 | Avg: load=1.8ms, encode=2.9ms, select=18.1ms
[2026-01-28 08:20:34] INFO:   Scan 11000/24116 | Keyframes: 11000 | Avg: load=1.8ms, encode=3.2ms, select=18.4ms
[2026-01-28 08:20:46] INFO:   Scan 11500/24116 | Keyframes: 11500 | Avg: load=1.6ms, encode=3.0ms, select=18.2ms
[2026-01-28 08:20:57] INFO:   Scan 12000/24116 | Keyframes: 12000 | Avg: load=1.5ms, encode=2.7ms, select=19.6ms
[2026-01-28 08:21:08] INFO:   Scan 12500/24116 | Keyframes: 12500 | Avg: load=1.6ms, encode=2.8ms, select=18.0ms
[2026-01-28 08:21:18] INFO:   Scan 13000/24116 | Keyframes: 13000 | Avg: load=1.3ms, encode=2.5ms, select=17.4ms
[2026-01-28 08:21:29] INFO:   Scan 13500/24116 | Keyframes: 13500 | Avg: load=1.4ms, encode=2.6ms, select=17.6ms
[2026-01-28 08:21:40] INFO:   Scan 14000/24116 | Keyframes: 14000 | Avg: load=1.5ms, encode=2.8ms, select=17.7ms
[2026-01-28 08:21:50] INFO:   Scan 14500/24116 | Keyframes: 14500 | Avg: load=1.2ms, encode=2.5ms, select=17.2ms
[2026-01-28 08:22:01] INFO:   Scan 15000/24116 | Keyframes: 15000 | Avg: load=1.3ms, encode=2.5ms, select=17.5ms
[2026-01-28 08:22:12] INFO:   Scan 15500/24116 | Keyframes: 15500 | Avg: load=1.9ms, encode=3.4ms, select=18.2ms
[2026-01-28 08:22:23] INFO:   Scan 16000/24116 | Keyframes: 16000 | Avg: load=1.4ms, encode=2.7ms, select=15.9ms
[2026-01-28 08:22:34] INFO:   Scan 16500/24116 | Keyframes: 16500 | Avg: load=1.7ms, encode=3.1ms, select=16.8ms
[2026-01-28 08:22:44] INFO:   Scan 17000/24116 | Keyframes: 17000 | Avg: load=1.2ms, encode=2.5ms, select=16.3ms
[2026-01-28 08:22:55] INFO:   Scan 17500/24116 | Keyframes: 17500 | Avg: load=1.4ms, encode=2.6ms, select=17.6ms
[2026-01-28 08:23:06] INFO:   Scan 18000/24116 | Keyframes: 18000 | Avg: load=2.0ms, encode=3.3ms, select=18.5ms
[2026-01-28 08:23:17] INFO:   Scan 18500/24116 | Keyframes: 18500 | Avg: load=1.7ms, encode=2.8ms, select=17.9ms
[2026-01-28 08:23:28] INFO:   Scan 19000/24116 | Keyframes: 19000 | Avg: load=2.1ms, encode=3.5ms, select=17.8ms
[2026-01-28 08:23:39] INFO:   Scan 19500/24116 | Keyframes: 19500 | Avg: load=2.0ms, encode=3.4ms, select=16.5ms
[2026-01-28 08:23:50] INFO:   Scan 20000/24116 | Keyframes: 20000 | Avg: load=1.7ms, encode=3.2ms, select=17.5ms
[2026-01-28 08:24:02] INFO:   Scan 20500/24116 | Keyframes: 20500 | Avg: load=1.4ms, encode=2.7ms, select=15.6ms
[2026-01-28 08:24:13] INFO:   Scan 21000/24116 | Keyframes: 21000 | Avg: load=1.5ms, encode=2.8ms, select=17.2ms
[2026-01-28 08:24:24] INFO:   Scan 21500/24116 | Keyframes: 21500 | Avg: load=1.8ms, encode=3.2ms, select=18.3ms
[2026-01-28 08:24:35] INFO:   Scan 22000/24116 | Keyframes: 22000 | Avg: load=2.2ms, encode=3.7ms, select=17.0ms
[2026-01-28 08:24:46] INFO:   Scan 22500/24116 | Keyframes: 22500 | Avg: load=1.9ms, encode=3.3ms, select=18.4ms
[2026-01-28 08:24:57] INFO:   Scan 23000/24116 | Keyframes: 23000 | Avg: load=1.2ms, encode=2.5ms, select=17.2ms
[2026-01-28 08:25:08] INFO:   Scan 23500/24116 | Keyframes: 23500 | Avg: load=1.5ms, encode=2.9ms, select=17.1ms
[2026-01-28 08:25:17] INFO:   Scan 24000/24116 | Keyframes: 24000 | Avg: load=1.6ms, encode=2.9ms, select=15.5ms
[2026-01-28 08:25:19] INFO:   Completed: 24116/24116 keyframes (100.0% selection rate)
[2026-01-28 08:25:19] INFO:     Date 2012-08-04: 24116 keyframes (seq_id=11)
[2026-01-28 08:25:21] INFO: Processing 24145 scans from nclt_2012-11-04...
[2026-01-28 08:25:21] INFO:   Scan 0/24145 | Keyframes: 0 | Avg: load=0.0ms, encode=0.0ms, select=0.0ms
[2026-01-28 08:25:30] INFO:   Scan 500/24145 | Keyframes: 500 | Avg: load=1.3ms, encode=2.4ms, select=17.2ms
[2026-01-28 08:25:41] INFO:   Scan 1000/24145 | Keyframes: 1000 | Avg: load=1.6ms, encode=2.9ms, select=18.2ms
[2026-01-28 08:25:53] INFO:   Scan 1500/24145 | Keyframes: 1500 | Avg: load=1.3ms, encode=2.6ms, select=17.4ms
[2026-01-28 08:26:03] INFO:   Scan 2000/24145 | Keyframes: 2000 | Avg: load=1.5ms, encode=2.7ms, select=17.4ms
[2026-01-28 08:26:14] INFO:   Scan 2500/24145 | Keyframes: 2500 | Avg: load=1.7ms, encode=3.0ms, select=18.5ms
[2026-01-28 08:26:26] INFO:   Scan 3000/24145 | Keyframes: 3000 | Avg: load=2.0ms, encode=3.6ms, select=18.5ms
[2026-01-28 08:26:37] INFO:   Scan 3500/24145 | Keyframes: 3500 | Avg: load=1.4ms, encode=2.7ms, select=14.7ms
[2026-01-28 08:26:48] INFO:   Scan 4000/24145 | Keyframes: 4000 | Avg: load=1.3ms, encode=2.6ms, select=17.5ms
[2026-01-28 08:26:59] INFO:   Scan 4500/24145 | Keyframes: 4500 | Avg: load=1.7ms, encode=3.1ms, select=18.2ms
[2026-01-28 08:27:11] INFO:   Scan 5000/24145 | Keyframes: 5000 | Avg: load=1.9ms, encode=3.3ms, select=18.8ms
[2026-01-28 08:27:21] INFO:   Scan 5500/24145 | Keyframes: 5500 | Avg: load=1.6ms, encode=2.8ms, select=17.7ms
[2026-01-28 08:27:32] INFO:   Scan 6000/24145 | Keyframes: 6000 | Avg: load=1.4ms, encode=2.6ms, select=17.4ms
[2026-01-28 08:27:44] INFO:   Scan 6500/24145 | Keyframes: 6500 | Avg: load=2.0ms, encode=3.2ms, select=18.0ms
[2026-01-28 08:27:55] INFO:   Scan 7000/24145 | Keyframes: 7000 | Avg: load=1.6ms, encode=2.9ms, select=18.3ms
[2026-01-28 08:28:07] INFO:   Scan 7500/24145 | Keyframes: 7500 | Avg: load=2.0ms, encode=3.4ms, select=18.7ms
[2026-01-28 08:28:19] INFO:   Scan 8000/24145 | Keyframes: 8000 | Avg: load=2.3ms, encode=3.8ms, select=18.0ms
[2026-01-28 08:28:31] INFO:   Scan 8500/24145 | Keyframes: 8500 | Avg: load=2.2ms, encode=3.7ms, select=17.5ms
[2026-01-28 08:28:41] INFO:   Scan 9000/24145 | Keyframes: 9000 | Avg: load=2.0ms, encode=3.4ms, select=17.9ms
[2026-01-28 08:28:53] INFO:   Scan 9500/24145 | Keyframes: 9500 | Avg: load=2.0ms, encode=3.4ms, select=18.5ms
[2026-01-28 08:29:04] INFO:   Scan 10000/24145 | Keyframes: 10000 | Avg: load=1.1ms, encode=2.3ms, select=15.2ms
[2026-01-28 08:29:14] INFO:   Scan 10500/24145 | Keyframes: 10500 | Avg: load=2.4ms, encode=3.2ms, select=17.8ms
[2026-01-28 08:29:26] INFO:   Scan 11000/24145 | Keyframes: 11000 | Avg: load=2.3ms, encode=3.7ms, select=19.0ms
[2026-01-28 08:29:38] INFO:   Scan 11500/24145 | Keyframes: 11500 | Avg: load=1.7ms, encode=3.0ms, select=18.3ms
[2026-01-28 08:29:49] INFO:   Scan 12000/24145 | Keyframes: 12000 | Avg: load=1.3ms, encode=2.6ms, select=15.6ms
[2026-01-28 08:30:01] INFO:   Scan 12500/24145 | Keyframes: 12500 | Avg: load=2.5ms, encode=4.0ms, select=16.5ms
[2026-01-28 08:30:13] INFO:   Scan 13000/24145 | Keyframes: 13000 | Avg: load=1.7ms, encode=3.0ms, select=18.1ms
[2026-01-28 08:30:23] INFO:   Scan 13500/24145 | Keyframes: 13500 | Avg: load=1.1ms, encode=2.3ms, select=16.5ms
[2026-01-28 08:30:34] INFO:   Scan 14000/24145 | Keyframes: 14000 | Avg: load=1.4ms, encode=2.6ms, select=17.3ms
[2026-01-28 08:30:44] INFO:   Scan 14500/24145 | Keyframes: 14500 | Avg: load=1.4ms, encode=2.6ms, select=17.3ms
[2026-01-28 08:30:55] INFO:   Scan 15000/24145 | Keyframes: 15000 | Avg: load=1.7ms, encode=3.0ms, select=17.7ms
[2026-01-28 08:31:06] INFO:   Scan 15500/24145 | Keyframes: 15500 | Avg: load=1.5ms, encode=2.8ms, select=17.7ms
[2026-01-28 08:31:17] INFO:   Scan 16000/24145 | Keyframes: 16000 | Avg: load=1.5ms, encode=2.6ms, select=17.4ms
[2026-01-28 08:31:28] INFO:   Scan 16500/24145 | Keyframes: 16500 | Avg: load=2.4ms, encode=3.1ms, select=18.0ms
[2026-01-28 08:31:40] INFO:   Scan 17000/24145 | Keyframes: 17000 | Avg: load=1.8ms, encode=3.2ms, select=16.6ms
[2026-01-28 08:31:51] INFO:   Scan 17500/24145 | Keyframes: 17500 | Avg: load=2.3ms, encode=3.7ms, select=17.7ms
[2026-01-28 08:32:01] INFO:   Scan 18000/24145 | Keyframes: 18000 | Avg: load=1.2ms, encode=2.4ms, select=14.9ms
[2026-01-28 08:32:13] INFO:   Scan 18500/24145 | Keyframes: 18500 | Avg: load=2.0ms, encode=3.4ms, select=18.2ms
[2026-01-28 08:32:24] INFO:   Scan 19000/24145 | Keyframes: 19000 | Avg: load=1.5ms, encode=2.8ms, select=16.6ms
[2026-01-28 08:32:35] INFO:   Scan 19500/24145 | Keyframes: 19500 | Avg: load=1.6ms, encode=2.9ms, select=18.0ms
[2026-01-28 08:32:46] INFO:   Scan 20000/24145 | Keyframes: 20000 | Avg: load=1.9ms, encode=3.1ms, select=18.2ms
[2026-01-28 08:32:57] INFO:   Scan 20500/24145 | Keyframes: 20500 | Avg: load=1.4ms, encode=2.7ms, select=17.7ms
[2026-01-28 08:33:08] INFO:   Scan 21000/24145 | Keyframes: 21000 | Avg: load=1.9ms, encode=3.3ms, select=17.8ms
[2026-01-28 08:33:20] INFO:   Scan 21500/24145 | Keyframes: 21500 | Avg: load=2.4ms, encode=3.5ms, select=18.3ms
[2026-01-28 08:33:32] INFO:   Scan 22000/24145 | Keyframes: 22000 | Avg: load=1.5ms, encode=2.7ms, select=17.8ms
[2026-01-28 08:33:43] INFO:   Scan 22500/24145 | Keyframes: 22500 | Avg: load=1.8ms, encode=3.1ms, select=18.2ms
[2026-01-28 08:33:54] INFO:   Scan 23000/24145 | Keyframes: 23000 | Avg: load=1.3ms, encode=2.6ms, select=17.2ms
[2026-01-28 08:34:04] INFO:   Scan 23500/24145 | Keyframes: 23500 | Avg: load=1.1ms, encode=2.3ms, select=13.8ms
[2026-01-28 08:34:14] INFO:   Scan 24000/24145 | Keyframes: 24000 | Avg: load=1.9ms, encode=3.4ms, select=16.0ms
[2026-01-28 08:34:17] INFO:   Completed: 24145/24145 keyframes (100.0% selection rate)
[2026-01-28 08:34:17] INFO:     Date 2012-11-04: 24145 keyframes (seq_id=12)
[2026-01-28 08:34:18] INFO: Processing 24547 scans from nclt_2012-11-16...
[2026-01-28 08:34:18] INFO:   Scan 0/24547 | Keyframes: 0 | Avg: load=0.0ms, encode=0.0ms, select=0.0ms
[2026-01-28 08:34:28] INFO:   Scan 500/24547 | Keyframes: 500 | Avg: load=1.1ms, encode=2.3ms, select=17.0ms
[2026-01-28 08:34:39] INFO:   Scan 1000/24547 | Keyframes: 1000 | Avg: load=1.2ms, encode=2.5ms, select=18.0ms
[2026-01-28 08:34:51] INFO:   Scan 1500/24547 | Keyframes: 1500 | Avg: load=2.1ms, encode=3.6ms, select=18.7ms
[2026-01-28 08:35:01] INFO:   Scan 2000/24547 | Keyframes: 2000 | Avg: load=1.3ms, encode=2.5ms, select=17.6ms
[2026-01-28 08:35:13] INFO:   Scan 2500/24547 | Keyframes: 2500 | Avg: load=1.7ms, encode=3.0ms, select=18.3ms
[2026-01-28 08:35:24] INFO:   Scan 3000/24547 | Keyframes: 3000 | Avg: load=1.4ms, encode=2.6ms, select=18.2ms
[2026-01-28 08:35:36] INFO:   Scan 3500/24547 | Keyframes: 3500 | Avg: load=2.0ms, encode=3.5ms, select=18.8ms
[2026-01-28 08:35:48] INFO:   Scan 4000/24547 | Keyframes: 4000 | Avg: load=2.0ms, encode=3.3ms, select=18.0ms
[2026-01-28 08:35:59] INFO:   Scan 4500/24547 | Keyframes: 4500 | Avg: load=1.3ms, encode=2.6ms, select=17.8ms
[2026-01-28 08:36:10] INFO:   Scan 5000/24547 | Keyframes: 5000 | Avg: load=1.6ms, encode=2.9ms, select=17.9ms
[2026-01-28 08:36:20] INFO:   Scan 5500/24547 | Keyframes: 5500 | Avg: load=0.9ms, encode=2.1ms, select=16.0ms
[2026-01-28 08:36:32] INFO:   Scan 6000/24547 | Keyframes: 6000 | Avg: load=2.2ms, encode=3.7ms, select=18.2ms
[2026-01-28 08:36:44] INFO:   Scan 6500/24547 | Keyframes: 6500 | Avg: load=1.9ms, encode=3.3ms, select=18.7ms
[2026-01-28 08:36:55] INFO:   Scan 7000/24547 | Keyframes: 7000 | Avg: load=2.0ms, encode=3.4ms, select=18.5ms
[2026-01-28 08:37:07] INFO:   Scan 7500/24547 | Keyframes: 7500 | Avg: load=1.9ms, encode=3.4ms, select=18.9ms
[2026-01-28 08:37:18] INFO:   Scan 8000/24547 | Keyframes: 8000 | Avg: load=1.4ms, encode=2.7ms, select=17.8ms
[2026-01-28 08:37:30] INFO:   Scan 8500/24547 | Keyframes: 8500 | Avg: load=1.6ms, encode=3.0ms, select=18.2ms
[2026-01-28 08:37:41] INFO:   Scan 9000/24547 | Keyframes: 9000 | Avg: load=1.7ms, encode=3.0ms, select=17.6ms
[2026-01-28 08:37:52] INFO:   Scan 9500/24547 | Keyframes: 9500 | Avg: load=1.3ms, encode=2.5ms, select=17.1ms
[2026-01-28 08:38:02] INFO:   Scan 10000/24547 | Keyframes: 10000 | Avg: load=1.5ms, encode=2.7ms, select=16.6ms
[2026-01-28 08:38:13] INFO:   Scan 10500/24547 | Keyframes: 10500 | Avg: load=1.5ms, encode=2.7ms, select=17.4ms
[2026-01-28 08:38:24] INFO:   Scan 11000/24547 | Keyframes: 11000 | Avg: load=1.5ms, encode=2.9ms, select=17.0ms
[2026-01-28 08:38:34] INFO:   Scan 11500/24547 | Keyframes: 11500 | Avg: load=1.5ms, encode=2.7ms, select=17.5ms
[2026-01-28 08:38:46] INFO:   Scan 12000/24547 | Keyframes: 12000 | Avg: load=1.8ms, encode=3.1ms, select=16.6ms
[2026-01-28 08:38:56] INFO:   Scan 12500/24547 | Keyframes: 12500 | Avg: load=2.2ms, encode=3.5ms, select=17.9ms
[2026-01-28 08:39:07] INFO:   Scan 13000/24547 | Keyframes: 13000 | Avg: load=1.1ms, encode=2.3ms, select=16.5ms
[2026-01-28 08:39:18] INFO:   Scan 13500/24547 | Keyframes: 13500 | Avg: load=1.2ms, encode=2.4ms, select=19.9ms
[2026-01-28 08:39:29] INFO:   Scan 14000/24547 | Keyframes: 14000 | Avg: load=2.3ms, encode=3.7ms, select=17.5ms
[2026-01-28 08:39:40] INFO:   Scan 14500/24547 | Keyframes: 14500 | Avg: load=2.2ms, encode=3.4ms, select=16.7ms
[2026-01-28 08:39:51] INFO:   Scan 15000/24547 | Keyframes: 15000 | Avg: load=1.3ms, encode=2.5ms, select=17.4ms
[2026-01-28 08:40:03] INFO:   Scan 15500/24547 | Keyframes: 15500 | Avg: load=2.0ms, encode=3.6ms, select=18.9ms
[2026-01-28 08:40:14] INFO:   Scan 16000/24547 | Keyframes: 16000 | Avg: load=2.4ms, encode=3.9ms, select=18.2ms
[2026-01-28 08:40:25] INFO:   Scan 16500/24547 | Keyframes: 16500 | Avg: load=2.0ms, encode=3.4ms, select=18.2ms
[2026-01-28 08:40:37] INFO:   Scan 17000/24547 | Keyframes: 17000 | Avg: load=1.9ms, encode=3.1ms, select=18.2ms
[2026-01-28 08:40:48] INFO:   Scan 17500/24547 | Keyframes: 17500 | Avg: load=1.3ms, encode=2.6ms, select=17.1ms
[2026-01-28 08:40:59] INFO:   Scan 18000/24547 | Keyframes: 18000 | Avg: load=1.5ms, encode=2.8ms, select=17.8ms
[2026-01-28 08:41:09] INFO:   Scan 18500/24547 | Keyframes: 18500 | Avg: load=1.4ms, encode=2.7ms, select=17.3ms
[2026-01-28 08:41:20] INFO:   Scan 19000/24547 | Keyframes: 19000 | Avg: load=1.6ms, encode=2.8ms, select=17.4ms
[2026-01-28 08:41:31] INFO:   Scan 19500/24547 | Keyframes: 19500 | Avg: load=1.2ms, encode=2.3ms, select=16.7ms
[2026-01-28 08:41:42] INFO:   Scan 20000/24547 | Keyframes: 20000 | Avg: load=1.2ms, encode=2.4ms, select=16.9ms
[2026-01-28 08:41:53] INFO:   Scan 20500/24547 | Keyframes: 20500 | Avg: load=1.4ms, encode=2.7ms, select=17.3ms
[2026-01-28 08:42:03] INFO:   Scan 21000/24547 | Keyframes: 21000 | Avg: load=1.6ms, encode=2.7ms, select=17.2ms
[2026-01-28 08:42:14] INFO:   Scan 21500/24547 | Keyframes: 21500 | Avg: load=1.4ms, encode=2.7ms, select=16.8ms
[2026-01-28 08:42:25] INFO:   Scan 22000/24547 | Keyframes: 22000 | Avg: load=1.7ms, encode=3.0ms, select=17.4ms
[2026-01-28 08:42:35] INFO:   Scan 22500/24547 | Keyframes: 22500 | Avg: load=1.0ms, encode=2.2ms, select=14.4ms
[2026-01-28 08:42:47] INFO:   Scan 23000/24547 | Keyframes: 23000 | Avg: load=1.5ms, encode=2.8ms, select=17.9ms
[2026-01-28 08:42:57] INFO:   Scan 23500/24547 | Keyframes: 23500 | Avg: load=1.4ms, encode=2.5ms, select=17.0ms
[2026-01-28 08:43:06] INFO:   Scan 24000/24547 | Keyframes: 24000 | Avg: load=1.1ms, encode=2.3ms, select=14.3ms
[2026-01-28 08:43:16] INFO:   Scan 24500/24547 | Keyframes: 24500 | Avg: load=1.8ms, encode=3.0ms, select=15.5ms
[2026-01-28 08:43:17] INFO:   Completed: 24547/24547 keyframes (100.0% selection rate)
[2026-01-28 08:43:17] INFO:     Date 2012-11-16: 24547 keyframes (seq_id=13)
[2026-01-28 08:43:18] INFO: Processing 24022 scans from nclt_2013-02-23...
[2026-01-28 08:43:18] INFO:   Scan 0/24022 | Keyframes: 0 | Avg: load=0.0ms, encode=0.0ms, select=0.0ms
[2026-01-28 08:43:28] INFO:   Scan 500/24022 | Keyframes: 500 | Avg: load=1.0ms, encode=2.2ms, select=17.8ms
[2026-01-28 08:43:39] INFO:   Scan 1000/24022 | Keyframes: 1000 | Avg: load=1.6ms, encode=3.0ms, select=18.4ms
[2026-01-28 08:43:50] INFO:   Scan 1500/24022 | Keyframes: 1500 | Avg: load=1.1ms, encode=2.3ms, select=17.8ms
[2026-01-28 08:44:01] INFO:   Scan 2000/24022 | Keyframes: 2000 | Avg: load=1.4ms, encode=2.7ms, select=18.4ms
[2026-01-28 08:44:12] INFO:   Scan 2500/24022 | Keyframes: 2500 | Avg: load=1.4ms, encode=2.6ms, select=18.2ms
[2026-01-28 08:44:24] INFO:   Scan 3000/24022 | Keyframes: 3000 | Avg: load=1.8ms, encode=3.1ms, select=17.8ms
[2026-01-28 08:44:35] INFO:   Scan 3500/24022 | Keyframes: 3500 | Avg: load=1.6ms, encode=3.0ms, select=18.7ms
[2026-01-28 08:44:47] INFO:   Scan 4000/24022 | Keyframes: 4000 | Avg: load=2.7ms, encode=2.7ms, select=18.3ms
[2026-01-28 08:44:58] INFO:   Scan 4500/24022 | Keyframes: 4500 | Avg: load=1.6ms, encode=2.4ms, select=17.8ms
[2026-01-28 08:45:09] INFO:   Scan 5000/24022 | Keyframes: 5000 | Avg: load=1.4ms, encode=2.3ms, select=17.4ms
[2026-01-28 08:45:20] INFO:   Scan 5500/24022 | Keyframes: 5500 | Avg: load=1.8ms, encode=2.5ms, select=17.7ms
[2026-01-28 08:45:31] INFO:   Scan 6000/24022 | Keyframes: 6000 | Avg: load=1.4ms, encode=2.5ms, select=16.7ms
[2026-01-28 08:45:42] INFO:   Scan 6500/24022 | Keyframes: 6500 | Avg: load=2.0ms, encode=3.1ms, select=16.4ms
[2026-01-28 08:45:53] INFO:   Scan 7000/24022 | Keyframes: 7000 | Avg: load=2.1ms, encode=3.1ms, select=18.9ms
[2026-01-28 08:46:05] INFO:   Scan 7500/24022 | Keyframes: 7500 | Avg: load=3.5ms, encode=2.8ms, select=17.9ms
[2026-01-28 08:46:17] INFO:   Scan 8000/24022 | Keyframes: 8000 | Avg: load=2.4ms, encode=2.8ms, select=18.3ms
[2026-01-28 08:46:29] INFO:   Scan 8500/24022 | Keyframes: 8500 | Avg: load=2.3ms, encode=2.7ms, select=17.9ms
[2026-01-28 08:46:40] INFO:   Scan 9000/24022 | Keyframes: 9000 | Avg: load=2.3ms, encode=2.9ms, select=18.0ms
[2026-01-28 08:46:51] INFO:   Scan 9500/24022 | Keyframes: 9500 | Avg: load=2.0ms, encode=2.8ms, select=17.6ms
[2026-01-28 08:47:03] INFO:   Scan 10000/24022 | Keyframes: 10000 | Avg: load=3.3ms, encode=2.8ms, select=17.2ms
[2026-01-28 08:47:14] INFO:   Scan 10500/24022 | Keyframes: 10500 | Avg: load=1.3ms, encode=2.5ms, select=18.3ms
[2026-01-28 08:47:25] INFO:   Scan 11000/24022 | Keyframes: 11000 | Avg: load=1.2ms, encode=2.4ms, select=17.7ms
[2026-01-28 08:47:36] INFO:   Scan 11500/24022 | Keyframes: 11500 | Avg: load=1.2ms, encode=2.5ms, select=17.9ms
[2026-01-28 08:47:47] INFO:   Scan 12000/24022 | Keyframes: 12000 | Avg: load=1.5ms, encode=2.9ms, select=18.6ms
[2026-01-28 08:47:58] INFO:   Scan 12500/24022 | Keyframes: 12500 | Avg: load=1.1ms, encode=2.4ms, select=17.9ms
[2026-01-28 08:48:09] INFO:   Scan 13000/24022 | Keyframes: 13000 | Avg: load=1.3ms, encode=2.6ms, select=17.9ms
[2026-01-28 08:48:20] INFO:   Scan 13500/24022 | Keyframes: 13500 | Avg: load=1.4ms, encode=2.7ms, select=18.1ms
[2026-01-28 08:48:31] INFO:   Scan 14000/24022 | Keyframes: 14000 | Avg: load=1.4ms, encode=2.7ms, select=17.8ms
[2026-01-28 08:48:42] INFO:   Scan 14500/24022 | Keyframes: 14500 | Avg: load=1.2ms, encode=2.5ms, select=17.8ms
[2026-01-28 08:48:53] INFO:   Scan 15000/24022 | Keyframes: 15000 | Avg: load=1.6ms, encode=2.9ms, select=18.0ms
[2026-01-28 08:49:04] INFO:   Scan 15500/24022 | Keyframes: 15500 | Avg: load=1.4ms, encode=2.6ms, select=17.9ms
[2026-01-28 08:49:15] INFO:   Scan 16000/24022 | Keyframes: 16000 | Avg: load=1.2ms, encode=2.4ms, select=18.0ms
[2026-01-28 08:49:25] INFO:   Scan 16500/24022 | Keyframes: 16500 | Avg: load=1.3ms, encode=2.5ms, select=18.0ms
[2026-01-28 08:49:37] INFO:   Scan 17000/24022 | Keyframes: 17000 | Avg: load=1.5ms, encode=2.8ms, select=18.2ms
[2026-01-28 08:49:48] INFO:   Scan 17500/24022 | Keyframes: 17500 | Avg: load=1.6ms, encode=2.9ms, select=18.1ms
[2026-01-28 08:49:59] INFO:   Scan 18000/24022 | Keyframes: 18000 | Avg: load=1.4ms, encode=2.6ms, select=18.1ms
[2026-01-28 08:50:10] INFO:   Scan 18500/24022 | Keyframes: 18500 | Avg: load=1.1ms, encode=2.4ms, select=17.8ms
[2026-01-28 08:50:21] INFO:   Scan 19000/24022 | Keyframes: 19000 | Avg: load=1.6ms, encode=2.7ms, select=18.0ms
[2026-01-28 08:50:32] INFO:   Scan 19500/24022 | Keyframes: 19500 | Avg: load=1.6ms, encode=2.8ms, select=18.2ms
[2026-01-28 08:50:42] INFO:   Scan 20000/24022 | Keyframes: 20000 | Avg: load=1.2ms, encode=2.2ms, select=17.7ms
[2026-01-28 08:50:53] INFO:   Scan 20500/24022 | Keyframes: 20500 | Avg: load=1.6ms, encode=2.3ms, select=17.5ms
[2026-01-28 08:51:04] INFO:   Scan 21000/24022 | Keyframes: 21000 | Avg: load=1.9ms, encode=2.6ms, select=17.8ms
[2026-01-28 08:51:15] INFO:   Scan 21500/24022 | Keyframes: 21500 | Avg: load=1.3ms, encode=2.5ms, select=17.1ms
[2026-01-28 08:51:26] INFO:   Scan 22000/24022 | Keyframes: 22000 | Avg: load=1.8ms, encode=2.6ms, select=17.8ms
[2026-01-28 08:51:37] INFO:   Scan 22500/24022 | Keyframes: 22500 | Avg: load=2.0ms, encode=2.8ms, select=17.8ms
[2026-01-28 08:51:48] INFO:   Scan 23000/24022 | Keyframes: 23000 | Avg: load=0.9ms, encode=2.1ms, select=17.1ms
[2026-01-28 08:51:58] INFO:   Scan 23500/24022 | Keyframes: 23500 | Avg: load=1.1ms, encode=2.2ms, select=15.2ms
[2026-01-28 08:52:07] INFO:   Scan 24000/24022 | Keyframes: 24000 | Avg: load=1.9ms, encode=2.5ms, select=15.2ms
[2026-01-28 08:52:07] INFO:   Completed: 24022/24022 keyframes (100.0% selection rate)
[2026-01-28 08:52:07] INFO:     Date 2013-02-23: 24022 keyframes (seq_id=14)
[2026-01-28 08:52:07] INFO: Total training keyframes: 170862 across 15 sequences
[2026-01-28 08:52:07] INFO: 
[2026-01-28 08:52:07] INFO: [3/6] Loading validation dataset...
[2026-01-28 08:52:07] INFO: Processing 1591 scans from kitti_val_09...
[2026-01-28 08:52:07] INFO:   Scan 0/1591 | Keyframes: 0 | Avg: load=0.0ms, encode=0.0ms, select=0.0ms
[2026-01-28 08:52:15] INFO:   Scan 500/1591 | Keyframes: 500 | Avg: load=1.4ms, encode=7.5ms, select=0.1ms
[2026-01-28 08:52:21] INFO:   Scan 1000/1591 | Keyframes: 1000 | Avg: load=0.7ms, encode=7.8ms, select=14.5ms
[2026-01-28 08:52:26] INFO:   Scan 1500/1591 | Keyframes: 1500 | Avg: load=0.4ms, encode=7.6ms, select=0.5ms
[2026-01-28 08:52:29] INFO:   Completed: 1591/1591 keyframes (100.0% selection rate)
[2026-01-28 08:52:29] INFO:   Validation 09: 1591 keyframes
[2026-01-28 08:52:29] INFO: Total validation keyframes: 1591
[2026-01-28 08:52:29] INFO: 
[2026-01-28 08:52:29] INFO: [4/6] Building temporal graphs with edge distances...
[2026-01-28 08:52:43] INFO:   Training graph: 170,862 nodes, 683,442 edges, edge_attr=yes (built in 12.57s)
[2026-01-28 08:52:43] INFO:   Validation graph: 1,591 nodes, 6,358 edges (built in 0.11s)
[2026-01-28 08:52:43] INFO: 
[2026-01-28 08:52:43] INFO: [5/6] Creating GNN model...
[2026-01-28 08:52:43] INFO:   GNN parameters: 613,920
[2026-01-28 08:52:43] INFO:   Architecture: 3 layers, 256 hidden dim, edge_dim=2
[2026-01-28 08:52:43] INFO: 
[2026-01-28 08:52:43] INFO: [6/6] Starting GNN training...
[2026-01-28 08:52:43] INFO: ================================================================================
[2026-01-28 08:52:43] INFO: Training configuration:
[2026-01-28 08:52:43] INFO:   Epochs: 50
[2026-01-28 08:52:43] INFO:   Learning rate: 0.0005
[2026-01-28 08:52:43] INFO:   Margin: 0.1
[2026-01-28 08:52:43] INFO:   Sequences: 15 (per-sequence mining enabled)
[2026-01-28 08:52:43] INFO: 
[2026-01-28 08:52:43] INFO: Starting training for 50 epochs...
[2026-01-28 08:52:43] INFO: Training graph: 170,862 nodes, 683,442 edges
[2026-01-28 08:52:43] INFO: Per-sequence mining enabled: 15 sequences
[2026-01-28 08:52:43] INFO: Mining triplets for epoch 1...
[2026-01-28 08:52:43] INFO: Mining triplets per sequence (15 sequences)...
[2026-01-28 08:52:50] INFO:   Seq 1/15 (id=0): 4,541 keyframes -> 1,706 triplets (6.9s, 246/s)
[2026-01-28 08:52:50] INFO:   Seq 2/15 (id=1): 1,101 keyframes -> 0 triplets (0.0s, 0/s)
[2026-01-28 08:52:52] INFO:   Seq 3/15 (id=2): 4,661 keyframes -> 731 triplets (1.9s, 386/s)
[2026-01-28 08:52:52] INFO:   Seq 4/15 (id=3): 801 keyframes -> 16 triplets (0.0s, 328/s)
[2026-01-28 08:52:52] INFO:   Seq 5/15 (id=4): 271 keyframes -> 0 triplets (0.0s, 0/s)
[2026-01-28 08:52:56] INFO:   Seq 6/15 (id=5): 2,761 keyframes -> 1,069 triplets (3.6s, 298/s)
[2026-01-28 08:52:58] INFO:   Seq 7/15 (id=6): 1,101 keyframes -> 565 triplets (1.7s, 338/s)
[2026-01-28 08:52:58] INFO:   Seq 8/15 (id=7): 1,101 keyframes -> 211 triplets (0.4s, 493/s)
[2026-01-28 08:53:00] INFO:   Seq 9/15 (id=8): 4,071 keyframes -> 679 triplets (1.9s, 363/s)
[2026-01-28 08:58:03] INFO:   Seq 10/15 (id=9): 28,127 keyframes -> 17,079 triplets (303.5s, 56/s)
[2026-01-28 09:01:46] INFO:   Seq 11/15 (id=10): 25,496 keyframes -> 14,367 triplets (222.2s, 65/s)
[2026-01-28 09:05:25] INFO:   Seq 12/15 (id=11): 24,116 keyframes -> 13,512 triplets (219.3s, 62/s)
[2026-01-28 09:09:31] INFO:   Seq 13/15 (id=12): 24,145 keyframes -> 15,537 triplets (246.2s, 63/s)
[2026-01-28 09:12:55] INFO:   Seq 14/15 (id=13): 24,547 keyframes -> 14,150 triplets (203.7s, 69/s)
[2026-01-28 09:16:27] INFO:   Seq 15/15 (id=14): 24,022 keyframes -> 13,512 triplets (212.7s, 64/s)
[2026-01-28 09:16:27] INFO: Mined 93,134 triplets in 1423.98s (65 triplets/sec)
[2026-01-28 09:16:30] INFO: Epoch 1 | Batch 10/91 | Loss: 46.2199
[2026-01-28 09:16:33] INFO: Epoch 1 | Batch 20/91 | Loss: 26.8552
[2026-01-28 09:16:36] INFO: Epoch 1 | Batch 30/91 | Loss: 18.0578
[2026-01-28 09:16:38] INFO: Epoch 1 | Batch 40/91 | Loss: 12.4114
[2026-01-28 09:16:41] INFO: Epoch 1 | Batch 50/91 | Loss: 8.3172
[2026-01-28 09:16:44] INFO: Epoch 1 | Batch 60/91 | Loss: 6.1659
[2026-01-28 09:16:46] INFO: Epoch 1 | Batch 70/91 | Loss: 5.2038
[2026-01-28 09:16:49] INFO: Epoch 1 | Batch 80/91 | Loss: 4.0510
[2026-01-28 09:16:52] INFO: Epoch 1 | Batch 90/91 | Loss: 2.7617
[2026-01-28 09:16:55] INFO: Validation (Loop Closure) | R@1: 0.9286 | R@5: 1.0000 | R@10: 1.0000 | Queries: 28
[2026-01-28 09:16:55] INFO: Epoch 1/50 | Loss: 20.1974 | R@1: 0.9286 | Time: 1451.5s (train=1448.6s, val=2.9s)
[2026-01-28 09:16:55] INFO: Saved checkpoint: src/checkpoints/best_model.pth
[2026-01-28 09:16:55] INFO:   -> New best model! R@1: 0.9286
[2026-01-28 09:16:55] INFO: Mining triplets for epoch 2...
[2026-01-28 09:16:55] INFO: Mining triplets per sequence (15 sequences)...
[2026-01-28 09:17:02] INFO:   Seq 1/15 (id=0): 4,541 keyframes -> 1,706 triplets (6.9s, 246/s)
[2026-01-28 09:17:02] INFO:   Seq 2/15 (id=1): 1,101 keyframes -> 0 triplets (0.0s, 0/s)
[2026-01-28 09:17:04] INFO:   Seq 3/15 (id=2): 4,661 keyframes -> 731 triplets (1.9s, 384/s)
[2026-01-28 09:17:04] INFO:   Seq 4/15 (id=3): 801 keyframes -> 16 triplets (0.0s, 330/s)
[2026-01-28 09:17:04] INFO:   Seq 5/15 (id=4): 271 keyframes -> 0 triplets (0.0s, 0/s)
[2026-01-28 09:17:07] INFO:   Seq 6/15 (id=5): 2,761 keyframes -> 1,069 triplets (3.6s, 297/s)
[2026-01-28 09:17:09] INFO:   Seq 7/15 (id=6): 1,101 keyframes -> 565 triplets (1.7s, 337/s)
[2026-01-28 09:17:10] INFO:   Seq 8/15 (id=7): 1,101 keyframes -> 211 triplets (0.4s, 497/s)
[2026-01-28 09:17:11] INFO:   Seq 9/15 (id=8): 4,071 keyframes -> 679 triplets (1.9s, 365/s)
[2026-01-28 09:22:13] INFO:   Seq 10/15 (id=9): 28,127 keyframes -> 17,079 triplets (301.5s, 57/s)
[2026-01-28 09:25:53] INFO:   Seq 11/15 (id=10): 25,496 keyframes -> 14,367 triplets (220.6s, 65/s)
[2026-01-28 09:29:32] INFO:   Seq 12/15 (id=11): 24,116 keyframes -> 13,512 triplets (218.8s, 62/s)
[2026-01-28 09:33:38] INFO:   Seq 13/15 (id=12): 24,145 keyframes -> 15,537 triplets (246.0s, 63/s)
[2026-01-28 09:37:02] INFO:   Seq 14/15 (id=13): 24,547 keyframes -> 14,150 triplets (203.4s, 70/s)
[2026-01-28 09:40:34] INFO:   Seq 15/15 (id=14): 24,022 keyframes -> 13,512 triplets (212.3s, 64/s)
[2026-01-28 09:40:34] INFO: Mined 93,134 triplets in 1419.09s (66 triplets/sec)
[2026-01-28 09:40:36] INFO: Epoch 2 | Batch 9/91 | Loss: 1.9020
[2026-01-28 09:40:39] INFO: Epoch 2 | Batch 19/91 | Loss: 2.3360
[2026-01-28 09:40:42] INFO: Epoch 2 | Batch 29/91 | Loss: 1.5107
[2026-01-28 09:40:44] INFO: Epoch 2 | Batch 39/91 | Loss: 1.5687
[2026-01-28 09:40:47] INFO: Epoch 2 | Batch 49/91 | Loss: 1.1960
[2026-01-28 09:40:50] INFO: Epoch 2 | Batch 59/91 | Loss: 1.3904
[2026-01-28 09:40:52] INFO: Epoch 2 | Batch 69/91 | Loss: 1.0192
[2026-01-28 09:40:55] INFO: Epoch 2 | Batch 79/91 | Loss: 0.9074
[2026-01-28 09:40:58] INFO: Epoch 2 | Batch 89/91 | Loss: 0.8270
[2026-01-28 09:41:01] INFO: Validation (Loop Closure) | R@1: 0.9286 | R@5: 1.0000 | R@10: 1.0000 | Queries: 28
[2026-01-28 09:41:01] INFO: Epoch 2/50 | Loss: 1.4957 | R@1: 0.9286 | Time: 1446.3s (train=1443.4s, val=2.9s)
[2026-01-28 09:41:01] INFO:   -> No improvement for 1 epoch(s)
[2026-01-28 09:41:01] INFO: Mining triplets for epoch 3...
[2026-01-28 09:41:01] INFO: Mining triplets per sequence (15 sequences)...
[2026-01-28 09:41:08] INFO:   Seq 1/15 (id=0): 4,541 keyframes -> 1,706 triplets (6.9s, 246/s)
[2026-01-28 09:41:08] INFO:   Seq 2/15 (id=1): 1,101 keyframes -> 0 triplets (0.0s, 0/s)
[2026-01-28 09:41:10] INFO:   Seq 3/15 (id=2): 4,661 keyframes -> 731 triplets (1.9s, 384/s)
[2026-01-28 09:41:10] INFO:   Seq 4/15 (id=3): 801 keyframes -> 16 triplets (0.0s, 323/s)
[2026-01-28 09:41:10] INFO:   Seq 5/15 (id=4): 271 keyframes -> 0 triplets (0.0s, 0/s)
[2026-01-28 09:41:14] INFO:   Seq 6/15 (id=5): 2,761 keyframes -> 1,069 triplets (3.6s, 297/s)
[2026-01-28 09:41:15] INFO:   Seq 7/15 (id=6): 1,101 keyframes -> 565 triplets (1.7s, 337/s)
[2026-01-28 09:41:16] INFO:   Seq 8/15 (id=7): 1,101 keyframes -> 211 triplets (0.4s, 494/s)
[2026-01-28 09:41:18] INFO:   Seq 9/15 (id=8): 4,071 keyframes -> 679 triplets (1.9s, 365/s)
[2026-01-28 09:46:20] INFO:   Seq 10/15 (id=9): 28,127 keyframes -> 17,079 triplets (302.4s, 56/s)
[2026-01-28 09:50:02] INFO:   Seq 11/15 (id=10): 25,496 keyframes -> 14,367 triplets (221.6s, 65/s)
[2026-01-28 09:53:40] INFO:   Seq 12/15 (id=11): 24,116 keyframes -> 13,512 triplets (218.5s, 62/s)
[2026-01-28 09:57:46] INFO:   Seq 13/15 (id=12): 24,145 keyframes -> 15,537 triplets (245.4s, 63/s)
[2026-01-28 10:01:09] INFO:   Seq 14/15 (id=13): 24,547 keyframes -> 14,150 triplets (203.3s, 70/s)
[2026-01-28 10:04:41] INFO:   Seq 15/15 (id=14): 24,022 keyframes -> 13,512 triplets (212.1s, 64/s)
[2026-01-28 10:04:41] INFO: Mined 93,134 triplets in 1419.80s (66 triplets/sec)
[2026-01-28 10:04:43] INFO: Epoch 3 | Batch 8/91 | Loss: 0.7792
[2026-01-28 10:04:46] INFO: Epoch 3 | Batch 18/91 | Loss: 0.7700
[2026-01-28 10:04:49] INFO: Epoch 3 | Batch 28/91 | Loss: 0.7853
[2026-01-28 10:04:51] INFO: Epoch 3 | Batch 38/91 | Loss: 0.6329
[2026-01-28 10:04:54] INFO: Epoch 3 | Batch 48/91 | Loss: 0.5741
[2026-01-28 10:04:57] INFO: Epoch 3 | Batch 58/91 | Loss: 0.4844
[2026-01-28 10:04:59] INFO: Epoch 3 | Batch 68/91 | Loss: 0.5979
[2026-01-28 10:05:02] INFO: Epoch 3 | Batch 78/91 | Loss: 0.4800
[2026-01-28 10:05:05] INFO: Epoch 3 | Batch 88/91 | Loss: 0.5728
[2026-01-28 10:05:08] INFO: Validation (Loop Closure) | R@1: 0.9286 | R@5: 1.0000 | R@10: 1.0000 | Queries: 28
[2026-01-28 10:05:08] INFO: Epoch 3/50 | Loss: 0.6464 | R@1: 0.9286 | Time: 1447.0s (train=1444.1s, val=2.9s)
[2026-01-28 10:05:08] INFO:   -> No improvement for 2 epoch(s)
[2026-01-28 10:05:08] INFO: Mining triplets for epoch 4...
[2026-01-28 10:05:08] INFO: Mining triplets per sequence (15 sequences)...
[2026-01-28 10:05:15] INFO:   Seq 1/15 (id=0): 4,541 keyframes -> 1,706 triplets (7.0s, 245/s)
[2026-01-28 10:05:15] INFO:   Seq 2/15 (id=1): 1,101 keyframes -> 0 triplets (0.0s, 0/s)
[2026-01-28 10:05:17] INFO:   Seq 3/15 (id=2): 4,661 keyframes -> 731 triplets (1.9s, 382/s)
[2026-01-28 10:05:17] INFO:   Seq 4/15 (id=3): 801 keyframes -> 16 triplets (0.0s, 327/s)
[2026-01-28 10:05:17] INFO:   Seq 5/15 (id=4): 271 keyframes -> 0 triplets (0.0s, 0/s)
[2026-01-28 10:05:21] INFO:   Seq 6/15 (id=5): 2,761 keyframes -> 1,069 triplets (3.6s, 297/s)
[2026-01-28 10:05:23] INFO:   Seq 7/15 (id=6): 1,101 keyframes -> 565 triplets (1.7s, 337/s)
[2026-01-28 10:05:23] INFO:   Seq 8/15 (id=7): 1,101 keyframes -> 211 triplets (0.4s, 491/s)
[2026-01-28 10:05:25] INFO:   Seq 9/15 (id=8): 4,071 keyframes -> 679 triplets (1.9s, 363/s)
[2026-01-28 10:10:28] INFO:   Seq 10/15 (id=9): 28,127 keyframes -> 17,079 triplets (303.0s, 56/s)
[2026-01-28 10:14:10] INFO:   Seq 11/15 (id=10): 25,496 keyframes -> 14,367 triplets (222.1s, 65/s)
[2026-01-28 10:17:49] INFO:   Seq 12/15 (id=11): 24,116 keyframes -> 13,512 triplets (219.1s, 62/s)
[2026-01-28 10:21:55] INFO:   Seq 13/15 (id=12): 24,145 keyframes -> 15,537 triplets (246.0s, 63/s)
[2026-01-28 10:25:19] INFO:   Seq 14/15 (id=13): 24,547 keyframes -> 14,150 triplets (203.8s, 69/s)
[2026-01-28 10:28:51] INFO:   Seq 15/15 (id=14): 24,022 keyframes -> 13,512 triplets (212.7s, 64/s)
[2026-01-28 10:28:51] INFO: Mined 93,134 triplets in 1423.12s (65 triplets/sec)
[2026-01-28 10:28:53] INFO: Epoch 4 | Batch 7/91 | Loss: 0.4449
[2026-01-28 10:28:56] INFO: Epoch 4 | Batch 17/91 | Loss: 0.4655
[2026-01-28 10:28:59] INFO: Epoch 4 | Batch 27/91 | Loss: 0.4900
[2026-01-28 10:29:01] INFO: Epoch 4 | Batch 37/91 | Loss: 0.4688
[2026-01-28 10:29:04] INFO: Epoch 4 | Batch 47/91 | Loss: 0.4329
[2026-01-28 10:29:07] INFO: Epoch 4 | Batch 57/91 | Loss: 0.4055
[2026-01-28 10:29:09] INFO: Epoch 4 | Batch 67/91 | Loss: 0.3726
[2026-01-28 10:29:12] INFO: Epoch 4 | Batch 77/91 | Loss: 0.3463
[2026-01-28 10:29:15] INFO: Epoch 4 | Batch 87/91 | Loss: 0.4359
[2026-01-28 10:29:19] INFO: Validation (Loop Closure) | R@1: 0.9286 | R@5: 1.0000 | R@10: 1.0000 | Queries: 28
[2026-01-28 10:29:19] INFO: Epoch 4/50 | Loss: 0.4529 | R@1: 0.9286 | Time: 1450.4s (train=1447.5s, val=2.9s)
[2026-01-28 10:29:19] INFO:   -> No improvement for 3 epoch(s)
[2026-01-28 10:29:19] INFO: Mining triplets for epoch 5...
[2026-01-28 10:29:19] INFO: Mining triplets per sequence (15 sequences)...
[2026-01-28 10:29:26] INFO:   Seq 1/15 (id=0): 4,541 keyframes -> 1,706 triplets (6.9s, 246/s)
[2026-01-28 10:29:26] INFO:   Seq 2/15 (id=1): 1,101 keyframes -> 0 triplets (0.0s, 0/s)
[2026-01-28 10:29:28] INFO:   Seq 3/15 (id=2): 4,661 keyframes -> 731 triplets (1.9s, 383/s)
[2026-01-28 10:29:28] INFO:   Seq 4/15 (id=3): 801 keyframes -> 16 triplets (0.0s, 323/s)
[2026-01-28 10:29:28] INFO:   Seq 5/15 (id=4): 271 keyframes -> 0 triplets (0.0s, 0/s)
[2026-01-28 10:29:31] INFO:   Seq 6/15 (id=5): 2,761 keyframes -> 1,069 triplets (3.6s, 296/s)
[2026-01-28 10:29:33] INFO:   Seq 7/15 (id=6): 1,101 keyframes -> 565 triplets (1.7s, 337/s)
[2026-01-28 10:29:33] INFO:   Seq 8/15 (id=7): 1,101 keyframes -> 211 triplets (0.4s, 492/s)
[2026-01-28 10:29:35] INFO:   Seq 9/15 (id=8): 4,071 keyframes -> 679 triplets (1.9s, 362/s)
[2026-01-28 10:34:40] INFO:   Seq 10/15 (id=9): 28,127 keyframes -> 17,079 triplets (304.4s, 56/s)
[2026-01-28 10:38:22] INFO:   Seq 11/15 (id=10): 25,496 keyframes -> 14,367 triplets (222.1s, 65/s)
[2026-01-28 10:42:00] INFO:   Seq 12/15 (id=11): 24,116 keyframes -> 13,512 triplets (218.7s, 62/s)
[2026-01-28 10:46:07] INFO:   Seq 13/15 (id=12): 24,145 keyframes -> 15,537 triplets (246.2s, 63/s)
[2026-01-28 10:49:30] INFO:   Seq 14/15 (id=13): 24,547 keyframes -> 14,150 triplets (203.9s, 69/s)
[2026-01-28 10:53:04] INFO:   Seq 15/15 (id=14): 24,022 keyframes -> 13,512 triplets (213.0s, 63/s)
[2026-01-28 10:53:04] INFO: Mined 93,134 triplets in 1424.83s (65 triplets/sec)
