[2026-01-21 04:50:07] INFO: ================================================================================
[2026-01-21 04:50:07] INFO: NEURAL SPECTRAL CODEC - MULTI-DATASET TRAINING
[2026-01-21 04:50:07] INFO: ================================================================================
[2026-01-21 04:50:07] INFO: Log file: logs/training_20260121_045007.log
[2026-01-21 04:50:07] INFO: Loading configuration...
[2026-01-21 04:50:07] INFO:   n_elevation: 16
[2026-01-21 04:50:07] INFO:   n_azimuth: 360
[2026-01-21 04:50:07] INFO:   n_bins: 50
[2026-01-21 04:50:07] INFO:   distance_threshold: 0.8m
[2026-01-21 04:50:07] INFO:   n_epochs: 50
[2026-01-21 04:50:07] INFO: Using device: cuda
[2026-01-21 04:50:07] INFO:   GPU: NVIDIA RTX 5000 Ada Generation
[2026-01-21 04:50:07] INFO:   VRAM: 33.8 GB
[2026-01-21 04:50:07] INFO: 
[2026-01-21 04:50:07] INFO: [1/6] Creating spectral encoder...
[2026-01-21 04:50:08] INFO:   Encoder created (n_elevation=16, n_bins=50)
[2026-01-21 04:50:08] INFO: 
[2026-01-21 04:50:08] INFO: [2/6] Loading training datasets...
[2026-01-21 04:50:08] INFO:   Loading KITTI from /workspace/data/kitti/dataset
[2026-01-21 04:50:08] INFO: Processing 4541 scans from kitti_00...
[2026-01-21 04:50:08] INFO:   Scan 0/4541 | Keyframes: 0 | Avg: load=0.0ms, encode=0.0ms, select=0.0ms
[2026-01-21 04:50:41] INFO:   Scan 500/4541 | Keyframes: 500 | Avg: load=1.0ms, encode=37.4ms, select=11.9ms
[2026-01-21 04:51:11] INFO:   Scan 1000/4541 | Keyframes: 1000 | Avg: load=1.0ms, encode=58.0ms, select=11.0ms
[2026-01-21 04:51:36] INFO:   Scan 1500/4541 | Keyframes: 1500 | Avg: load=0.8ms, encode=35.8ms, select=6.2ms
[2026-01-21 04:52:03] INFO:   Scan 2000/4541 | Keyframes: 2000 | Avg: load=1.0ms, encode=49.8ms, select=15.3ms
[2026-01-21 04:52:24] INFO:   Scan 2500/4541 | Keyframes: 2500 | Avg: load=1.0ms, encode=32.4ms, select=10.5ms
[2026-01-21 04:53:02] INFO:   Scan 3000/4541 | Keyframes: 3000 | Avg: load=36.6ms, encode=44.8ms, select=11.2ms
[2026-01-21 04:53:49] INFO:   Scan 3500/4541 | Keyframes: 3500 | Avg: load=36.9ms, encode=36.1ms, select=17.8ms
[2026-01-21 04:54:43] INFO:   Scan 4000/4541 | Keyframes: 4000 | Avg: load=36.0ms, encode=53.0ms, select=25.0ms
[2026-01-21 04:55:33] INFO:   Scan 4500/4541 | Keyframes: 4500 | Avg: load=35.7ms, encode=47.7ms, select=19.6ms
[2026-01-21 04:55:37] INFO:   Completed: 4541/4541 keyframes (100.0% selection rate)
[2026-01-21 04:55:37] INFO:     Sequence 00: 4541 keyframes (seq_id=0)
[2026-01-21 04:55:37] INFO: Processing 1101 scans from kitti_01...
[2026-01-21 04:55:37] INFO:   Scan 0/1101 | Keyframes: 0 | Avg: load=0.0ms, encode=0.0ms, select=0.0ms
[2026-01-21 04:56:17] INFO:   Scan 500/1101 | Keyframes: 500 | Avg: load=26.8ms, encode=45.1ms, select=0.1ms
[2026-01-21 04:57:02] INFO:   Scan 1000/1101 | Keyframes: 1000 | Avg: load=30.8ms, encode=53.6ms, select=0.1ms
[2026-01-21 04:57:11] INFO:   Completed: 1101/1101 keyframes (100.0% selection rate)
[2026-01-21 04:57:11] INFO:     Sequence 01: 1101 keyframes (seq_id=1)
[2026-01-21 04:57:11] INFO: Processing 4661 scans from kitti_02...
[2026-01-21 04:57:11] INFO:   Scan 0/4661 | Keyframes: 0 | Avg: load=0.0ms, encode=0.0ms, select=0.0ms
[2026-01-21 04:57:56] INFO:   Scan 500/4661 | Keyframes: 500 | Avg: load=33.6ms, encode=50.9ms, select=1.4ms
[2026-01-21 04:58:46] INFO:   Scan 1000/4661 | Keyframes: 1000 | Avg: load=33.7ms, encode=76.4ms, select=11.5ms
[2026-01-21 04:59:38] INFO:   Scan 1500/4661 | Keyframes: 1500 | Avg: load=33.6ms, encode=47.1ms, select=0.1ms
[2026-01-21 05:00:23] INFO:   Scan 2000/4661 | Keyframes: 2000 | Avg: load=33.4ms, encode=52.9ms, select=6.0ms
[2026-01-21 05:01:05] INFO:   Scan 2500/4661 | Keyframes: 2500 | Avg: load=34.0ms, encode=53.5ms, select=0.2ms
[2026-01-21 05:01:53] INFO:   Scan 3000/4661 | Keyframes: 3000 | Avg: load=33.6ms, encode=57.9ms, select=0.2ms
[2026-01-21 05:02:46] INFO:   Scan 3500/4661 | Keyframes: 3500 | Avg: load=33.6ms, encode=70.6ms, select=6.6ms
[2026-01-21 05:03:35] INFO:   Scan 4000/4661 | Keyframes: 4000 | Avg: load=34.4ms, encode=66.6ms, select=0.2ms
[2026-01-21 05:04:27] INFO:   Scan 4500/4661 | Keyframes: 4500 | Avg: load=34.0ms, encode=69.2ms, select=0.2ms
[2026-01-21 05:04:40] INFO:   Completed: 4661/4661 keyframes (100.0% selection rate)
[2026-01-21 05:04:40] INFO:     Sequence 02: 4661 keyframes (seq_id=2)
[2026-01-21 05:04:40] INFO: Processing 801 scans from kitti_03...
[2026-01-21 05:04:40] INFO:   Scan 0/801 | Keyframes: 0 | Avg: load=0.0ms, encode=0.0ms, select=0.0ms
[2026-01-21 05:05:32] INFO:   Scan 500/801 | Keyframes: 500 | Avg: load=32.4ms, encode=70.2ms, select=5.0ms
[2026-01-21 05:06:05] INFO:   Completed: 801/801 keyframes (100.0% selection rate)
[2026-01-21 05:06:05] INFO:     Sequence 03: 801 keyframes (seq_id=3)
[2026-01-21 05:06:06] INFO: Processing 271 scans from kitti_04...
[2026-01-21 05:06:06] INFO:   Scan 0/271 | Keyframes: 0 | Avg: load=0.0ms, encode=0.0ms, select=0.0ms
[2026-01-21 05:06:30] INFO:   Completed: 271/271 keyframes (100.0% selection rate)
[2026-01-21 05:06:30] INFO:     Sequence 04: 271 keyframes (seq_id=4)
[2026-01-21 05:06:30] INFO: Processing 2761 scans from kitti_05...
[2026-01-21 05:06:30] INFO:   Scan 0/2761 | Keyframes: 0 | Avg: load=0.0ms, encode=0.0ms, select=0.0ms
[2026-01-21 05:07:28] INFO:   Scan 500/2761 | Keyframes: 500 | Avg: load=32.7ms, encode=57.7ms, select=17.4ms
[2026-01-21 05:08:25] INFO:   Scan 1000/2761 | Keyframes: 1000 | Avg: load=33.1ms, encode=56.8ms, select=18.4ms
[2026-01-21 05:09:11] INFO:   Scan 1500/2761 | Keyframes: 1500 | Avg: load=33.3ms, encode=49.4ms, select=0.6ms
[2026-01-21 05:09:54] INFO:   Scan 2000/2761 | Keyframes: 2000 | Avg: load=32.7ms, encode=47.0ms, select=0.1ms
[2026-01-21 05:10:38] INFO:   Scan 2500/2761 | Keyframes: 2500 | Avg: load=33.0ms, encode=43.0ms, select=10.1ms
[2026-01-21 05:10:58] INFO:   Completed: 2761/2761 keyframes (100.0% selection rate)
[2026-01-21 05:10:58] INFO:     Sequence 05: 2761 keyframes (seq_id=5)
[2026-01-21 05:10:58] INFO: Processing 1101 scans from kitti_06...
[2026-01-21 05:10:58] INFO:   Scan 0/1101 | Keyframes: 0 | Avg: load=0.0ms, encode=0.0ms, select=0.0ms
[2026-01-21 05:11:41] INFO:   Scan 500/1101 | Keyframes: 500 | Avg: load=33.9ms, encode=45.3ms, select=8.8ms
[2026-01-21 05:12:25] INFO:   Scan 1000/1101 | Keyframes: 1000 | Avg: load=32.3ms, encode=52.9ms, select=0.2ms
[2026-01-21 05:12:34] INFO:   Completed: 1101/1101 keyframes (100.0% selection rate)
[2026-01-21 05:12:34] INFO:     Sequence 06: 1101 keyframes (seq_id=6)
[2026-01-21 05:12:34] INFO: Processing 1101 scans from kitti_07...
[2026-01-21 05:12:34] INFO:   Scan 0/1101 | Keyframes: 0 | Avg: load=0.0ms, encode=0.0ms, select=0.0ms
[2026-01-21 05:13:21] INFO:   Scan 500/1101 | Keyframes: 500 | Avg: load=32.3ms, encode=51.2ms, select=18.9ms
[2026-01-21 05:14:06] INFO:   Scan 1000/1101 | Keyframes: 1000 | Avg: load=31.7ms, encode=34.3ms, select=28.8ms
[2026-01-21 05:14:15] INFO:   Completed: 1101/1101 keyframes (100.0% selection rate)
[2026-01-21 05:14:15] INFO:     Sequence 07: 1101 keyframes (seq_id=7)
[2026-01-21 05:14:16] INFO: Processing 4071 scans from kitti_08...
[2026-01-21 05:14:16] INFO:   Scan 0/4071 | Keyframes: 0 | Avg: load=0.0ms, encode=0.0ms, select=0.0ms
[2026-01-21 05:15:05] INFO:   Scan 500/4071 | Keyframes: 500 | Avg: load=33.3ms, encode=109.1ms, select=14.6ms
[2026-01-21 05:15:52] INFO:   Scan 1000/4071 | Keyframes: 1000 | Avg: load=33.1ms, encode=46.7ms, select=6.7ms
[2026-01-21 05:16:39] INFO:   Scan 1500/4071 | Keyframes: 1500 | Avg: load=33.1ms, encode=41.6ms, select=18.9ms
[2026-01-21 05:17:27] INFO:   Scan 2000/4071 | Keyframes: 2000 | Avg: load=33.3ms, encode=44.3ms, select=28.9ms
[2026-01-21 05:18:18] INFO:   Scan 2500/4071 | Keyframes: 2500 | Avg: load=33.1ms, encode=52.8ms, select=20.4ms
[2026-01-21 05:19:09] INFO:   Scan 3000/4071 | Keyframes: 3000 | Avg: load=31.5ms, encode=39.6ms, select=19.3ms
[2026-01-21 05:19:54] INFO:   Scan 3500/4071 | Keyframes: 3500 | Avg: load=33.5ms, encode=43.1ms, select=19.3ms
[2026-01-21 05:20:41] INFO:   Scan 4000/4071 | Keyframes: 4000 | Avg: load=32.6ms, encode=72.2ms, select=11.9ms
[2026-01-21 05:20:49] INFO:   Completed: 4071/4071 keyframes (100.0% selection rate)
[2026-01-21 05:20:49] INFO:     Sequence 08: 4071 keyframes (seq_id=8)
[2026-01-21 05:20:49] INFO:   Loading NCLT from /workspace/data/nclt
[2026-01-21 05:20:54] INFO: Processing 28127 scans from nclt_2012-01-08...
[2026-01-21 05:20:54] INFO:   Scan 0/28127 | Keyframes: 0 | Avg: load=0.0ms, encode=0.0ms, select=0.0ms
[2026-01-21 05:21:20] INFO:   Scan 500/28127 | Keyframes: 500 | Avg: load=4.4ms, encode=31.7ms, select=17.7ms
[2026-01-21 05:21:49] INFO:   Scan 1000/28127 | Keyframes: 1000 | Avg: load=8.1ms, encode=39.4ms, select=18.2ms
[2026-01-21 05:22:27] INFO:   Scan 1500/28127 | Keyframes: 1500 | Avg: load=8.0ms, encode=72.8ms, select=18.4ms
[2026-01-21 05:22:59] INFO:   Scan 2000/28127 | Keyframes: 2000 | Avg: load=22.0ms, encode=26.9ms, select=19.1ms
[2026-01-21 05:23:29] INFO:   Scan 2500/28127 | Keyframes: 2500 | Avg: load=13.4ms, encode=25.6ms, select=18.3ms
[2026-01-21 05:24:03] INFO:   Scan 3000/28127 | Keyframes: 3000 | Avg: load=18.6ms, encode=34.6ms, select=18.8ms
[2026-01-21 05:24:34] INFO:   Scan 3500/28127 | Keyframes: 3500 | Avg: load=16.2ms, encode=26.0ms, select=18.1ms
[2026-01-21 05:25:04] INFO:   Scan 4000/28127 | Keyframes: 4000 | Avg: load=15.2ms, encode=25.1ms, select=17.7ms
[2026-01-21 05:25:32] INFO:   Scan 4500/28127 | Keyframes: 4500 | Avg: load=14.0ms, encode=25.6ms, select=17.8ms
[2026-01-21 05:26:04] INFO:   Scan 5000/28127 | Keyframes: 5000 | Avg: load=12.2ms, encode=42.7ms, select=16.9ms
[2026-01-21 05:26:48] INFO:   Scan 5500/28127 | Keyframes: 5500 | Avg: load=17.1ms, encode=69.7ms, select=18.5ms
[2026-01-21 05:27:32] INFO:   Scan 6000/28127 | Keyframes: 6000 | Avg: load=14.0ms, encode=60.7ms, select=18.2ms
[2026-01-21 05:28:10] INFO:   Scan 6500/28127 | Keyframes: 6500 | Avg: load=12.9ms, encode=41.0ms, select=17.4ms
[2026-01-21 05:28:49] INFO:   Scan 7000/28127 | Keyframes: 7000 | Avg: load=12.8ms, encode=28.1ms, select=17.5ms
[2026-01-21 05:29:29] INFO:   Scan 7500/28127 | Keyframes: 7500 | Avg: load=13.2ms, encode=42.6ms, select=17.8ms
[2026-01-21 05:30:05] INFO:   Scan 8000/28127 | Keyframes: 8000 | Avg: load=14.1ms, encode=46.2ms, select=17.4ms
[2026-01-21 05:30:36] INFO:   Scan 8500/28127 | Keyframes: 8500 | Avg: load=14.7ms, encode=26.3ms, select=18.7ms
[2026-01-21 05:31:06] INFO:   Scan 9000/28127 | Keyframes: 9000 | Avg: load=13.7ms, encode=26.0ms, select=18.7ms
[2026-01-21 05:31:35] INFO:   Scan 9500/28127 | Keyframes: 9500 | Avg: load=15.1ms, encode=25.6ms, select=18.7ms
[2026-01-21 05:32:06] INFO:   Scan 10000/28127 | Keyframes: 10000 | Avg: load=16.7ms, encode=25.9ms, select=19.1ms
[2026-01-21 05:32:41] INFO:   Scan 10500/28127 | Keyframes: 10500 | Avg: load=17.4ms, encode=26.2ms, select=19.2ms
[2026-01-21 05:33:10] INFO:   Scan 11000/28127 | Keyframes: 11000 | Avg: load=13.9ms, encode=26.0ms, select=18.1ms
[2026-01-21 05:33:43] INFO:   Scan 11500/28127 | Keyframes: 11500 | Avg: load=13.3ms, encode=47.2ms, select=18.3ms
[2026-01-21 05:34:20] INFO:   Scan 12000/28127 | Keyframes: 12000 | Avg: load=13.8ms, encode=34.2ms, select=17.8ms
[2026-01-21 05:34:50] INFO:   Scan 12500/28127 | Keyframes: 12500 | Avg: load=16.7ms, encode=24.4ms, select=17.3ms
[2026-01-21 05:35:19] INFO:   Scan 13000/28127 | Keyframes: 13000 | Avg: load=13.1ms, encode=25.1ms, select=18.3ms
[2026-01-21 05:35:47] INFO:   Scan 13500/28127 | Keyframes: 13500 | Avg: load=14.2ms, encode=18.3ms, select=19.4ms
[2026-01-21 05:36:14] INFO:   Scan 14000/28127 | Keyframes: 14000 | Avg: load=14.9ms, encode=19.6ms, select=17.7ms
[2026-01-21 05:36:44] INFO:   Scan 14500/28127 | Keyframes: 14500 | Avg: load=18.2ms, encode=26.7ms, select=18.2ms
[2026-01-21 05:37:13] INFO:   Scan 15000/28127 | Keyframes: 15000 | Avg: load=14.7ms, encode=25.3ms, select=17.1ms
[2026-01-21 05:37:43] INFO:   Scan 15500/28127 | Keyframes: 15500 | Avg: load=13.3ms, encode=24.9ms, select=16.1ms
[2026-01-21 05:38:11] INFO:   Scan 16000/28127 | Keyframes: 16000 | Avg: load=13.9ms, encode=24.9ms, select=18.0ms
[2026-01-21 05:38:42] INFO:   Scan 16500/28127 | Keyframes: 16500 | Avg: load=12.5ms, encode=34.8ms, select=17.9ms
[2026-01-21 05:39:12] INFO:   Scan 17000/28127 | Keyframes: 17000 | Avg: load=18.0ms, encode=30.8ms, select=17.9ms
[2026-01-21 05:39:42] INFO:   Scan 17500/28127 | Keyframes: 17500 | Avg: load=16.5ms, encode=29.0ms, select=16.6ms
[2026-01-21 05:40:12] INFO:   Scan 18000/28127 | Keyframes: 18000 | Avg: load=13.7ms, encode=29.1ms, select=18.4ms
[2026-01-21 05:40:43] INFO:   Scan 18500/28127 | Keyframes: 18500 | Avg: load=16.4ms, encode=25.4ms, select=16.0ms
[2026-01-21 05:41:17] INFO:   Scan 19000/28127 | Keyframes: 19000 | Avg: load=17.8ms, encode=42.7ms, select=17.8ms
[2026-01-21 05:41:58] INFO:   Scan 19500/28127 | Keyframes: 19500 | Avg: load=15.6ms, encode=48.8ms, select=17.8ms
[2026-01-21 05:42:29] INFO:   Scan 20000/28127 | Keyframes: 20000 | Avg: load=15.7ms, encode=30.4ms, select=17.5ms
[2026-01-21 05:43:02] INFO:   Scan 20500/28127 | Keyframes: 20500 | Avg: load=13.7ms, encode=39.8ms, select=18.8ms
[2026-01-21 05:43:42] INFO:   Scan 21000/28127 | Keyframes: 21000 | Avg: load=12.2ms, encode=52.3ms, select=18.2ms
[2026-01-21 05:44:18] INFO:   Scan 21500/28127 | Keyframes: 21500 | Avg: load=16.2ms, encode=42.9ms, select=17.8ms
[2026-01-21 05:44:53] INFO:   Scan 22000/28127 | Keyframes: 22000 | Avg: load=11.1ms, encode=45.9ms, select=18.0ms
[2026-01-21 05:45:27] INFO:   Scan 22500/28127 | Keyframes: 22500 | Avg: load=8.5ms, encode=41.0ms, select=17.9ms
[2026-01-21 05:45:58] INFO:   Scan 23000/28127 | Keyframes: 23000 | Avg: load=15.1ms, encode=34.0ms, select=17.5ms
[2026-01-21 05:46:31] INFO:   Scan 23500/28127 | Keyframes: 23500 | Avg: load=7.9ms, encode=36.9ms, select=17.8ms
[2026-01-21 05:47:05] INFO:   Scan 24000/28127 | Keyframes: 24000 | Avg: load=8.1ms, encode=32.9ms, select=18.2ms
[2026-01-21 05:47:37] INFO:   Scan 24500/28127 | Keyframes: 24500 | Avg: load=8.4ms, encode=31.5ms, select=17.9ms
[2026-01-21 05:48:08] INFO:   Scan 25000/28127 | Keyframes: 25000 | Avg: load=8.4ms, encode=33.0ms, select=17.8ms
[2026-01-21 05:48:41] INFO:   Scan 25500/28127 | Keyframes: 25500 | Avg: load=8.0ms, encode=27.8ms, select=18.1ms
[2026-01-21 05:49:12] INFO:   Scan 26000/28127 | Keyframes: 26000 | Avg: load=8.0ms, encode=27.8ms, select=17.3ms
[2026-01-21 05:49:45] INFO:   Scan 26500/28127 | Keyframes: 26500 | Avg: load=5.1ms, encode=40.3ms, select=18.7ms
[2026-01-21 05:50:19] INFO:   Scan 27000/28127 | Keyframes: 27000 | Avg: load=9.6ms, encode=30.7ms, select=17.8ms
[2026-01-21 05:50:53] INFO:   Scan 27500/28127 | Keyframes: 27500 | Avg: load=13.7ms, encode=40.7ms, select=15.2ms
[2026-01-21 05:51:26] INFO:   Scan 28000/28127 | Keyframes: 28000 | Avg: load=11.3ms, encode=36.8ms, select=16.7ms
[2026-01-21 05:51:34] INFO:   Completed: 28127/28127 keyframes (100.0% selection rate)
[2026-01-21 05:51:34] INFO:     Date 2012-01-08: 28127 keyframes (seq_id=9)
[2026-01-21 05:51:35] INFO: Processing 25496 scans from nclt_2012-05-11...
[2026-01-21 05:51:35] INFO:   Scan 0/25496 | Keyframes: 0 | Avg: load=0.0ms, encode=0.0ms, select=0.0ms
[2026-01-21 05:52:06] INFO:   Scan 500/25496 | Keyframes: 500 | Avg: load=5.7ms, encode=30.4ms, select=18.3ms
[2026-01-21 05:52:36] INFO:   Scan 1000/25496 | Keyframes: 1000 | Avg: load=6.9ms, encode=34.2ms, select=19.2ms
[2026-01-21 05:53:10] INFO:   Scan 1500/25496 | Keyframes: 1500 | Avg: load=6.5ms, encode=33.9ms, select=19.3ms
[2026-01-21 05:53:44] INFO:   Scan 2000/25496 | Keyframes: 2000 | Avg: load=9.1ms, encode=39.7ms, select=18.5ms
[2026-01-21 05:54:17] INFO:   Scan 2500/25496 | Keyframes: 2500 | Avg: load=12.5ms, encode=35.2ms, select=18.1ms
[2026-01-21 05:54:52] INFO:   Scan 3000/25496 | Keyframes: 3000 | Avg: load=15.7ms, encode=43.7ms, select=17.5ms
[2026-01-21 05:55:23] INFO:   Scan 3500/25496 | Keyframes: 3500 | Avg: load=8.8ms, encode=31.4ms, select=18.7ms
[2026-01-21 05:55:50] INFO:   Scan 4000/25496 | Keyframes: 4000 | Avg: load=10.1ms, encode=25.4ms, select=18.0ms
[2026-01-21 05:56:18] INFO:   Scan 4500/25496 | Keyframes: 4500 | Avg: load=17.0ms, encode=21.4ms, select=17.9ms
[2026-01-21 05:56:45] INFO:   Scan 5000/25496 | Keyframes: 5000 | Avg: load=8.0ms, encode=24.2ms, select=18.7ms
[2026-01-21 05:57:10] INFO:   Scan 5500/25496 | Keyframes: 5500 | Avg: load=8.1ms, encode=25.4ms, select=18.5ms
[2026-01-21 05:57:37] INFO:   Scan 6000/25496 | Keyframes: 6000 | Avg: load=8.6ms, encode=25.7ms, select=18.6ms
[2026-01-21 05:58:05] INFO:   Scan 6500/25496 | Keyframes: 6500 | Avg: load=9.1ms, encode=34.8ms, select=19.6ms
[2026-01-21 05:58:34] INFO:   Scan 7000/25496 | Keyframes: 7000 | Avg: load=5.6ms, encode=25.8ms, select=18.6ms
[2026-01-21 05:59:01] INFO:   Scan 7500/25496 | Keyframes: 7500 | Avg: load=8.6ms, encode=27.2ms, select=19.1ms
[2026-01-21 05:59:29] INFO:   Scan 8000/25496 | Keyframes: 8000 | Avg: load=5.5ms, encode=27.3ms, select=18.9ms
[2026-01-21 05:59:55] INFO:   Scan 8500/25496 | Keyframes: 8500 | Avg: load=6.8ms, encode=29.2ms, select=18.3ms
[2026-01-21 06:00:28] INFO:   Scan 9000/25496 | Keyframes: 9000 | Avg: load=9.0ms, encode=31.3ms, select=18.2ms
[2026-01-21 06:01:01] INFO:   Scan 9500/25496 | Keyframes: 9500 | Avg: load=15.6ms, encode=36.8ms, select=16.2ms
[2026-01-21 06:01:33] INFO:   Scan 10000/25496 | Keyframes: 10000 | Avg: load=8.1ms, encode=27.9ms, select=18.5ms
[2026-01-21 06:02:05] INFO:   Scan 10500/25496 | Keyframes: 10500 | Avg: load=9.9ms, encode=31.4ms, select=18.3ms
[2026-01-21 06:02:38] INFO:   Scan 11000/25496 | Keyframes: 11000 | Avg: load=8.9ms, encode=34.4ms, select=18.9ms
[2026-01-21 06:03:13] INFO:   Scan 11500/25496 | Keyframes: 11500 | Avg: load=8.5ms, encode=46.5ms, select=19.2ms
[2026-01-21 06:03:45] INFO:   Scan 12000/25496 | Keyframes: 12000 | Avg: load=8.3ms, encode=41.1ms, select=19.1ms
[2026-01-21 06:04:13] INFO:   Scan 12500/25496 | Keyframes: 12500 | Avg: load=10.7ms, encode=25.7ms, select=19.0ms
[2026-01-21 06:04:40] INFO:   Scan 13000/25496 | Keyframes: 13000 | Avg: load=8.5ms, encode=25.4ms, select=18.5ms
[2026-01-21 06:05:07] INFO:   Scan 13500/25496 | Keyframes: 13500 | Avg: load=11.0ms, encode=25.6ms, select=17.5ms
[2026-01-21 06:05:33] INFO:   Scan 14000/25496 | Keyframes: 14000 | Avg: load=10.4ms, encode=25.8ms, select=17.7ms
[2026-01-21 06:05:59] INFO:   Scan 14500/25496 | Keyframes: 14500 | Avg: load=11.5ms, encode=24.6ms, select=17.9ms
[2026-01-21 06:06:25] INFO:   Scan 15000/25496 | Keyframes: 15000 | Avg: load=7.4ms, encode=24.2ms, select=18.6ms
[2026-01-21 06:06:52] INFO:   Scan 15500/25496 | Keyframes: 15500 | Avg: load=9.2ms, encode=27.9ms, select=18.0ms
[2026-01-21 06:07:22] INFO:   Scan 16000/25496 | Keyframes: 16000 | Avg: load=7.2ms, encode=33.3ms, select=18.2ms
[2026-01-21 06:07:55] INFO:   Scan 16500/25496 | Keyframes: 16500 | Avg: load=7.0ms, encode=33.9ms, select=18.3ms
[2026-01-21 06:08:29] INFO:   Scan 17000/25496 | Keyframes: 17000 | Avg: load=9.4ms, encode=32.4ms, select=19.5ms
[2026-01-21 06:09:02] INFO:   Scan 17500/25496 | Keyframes: 17500 | Avg: load=7.6ms, encode=38.8ms, select=17.7ms
[2026-01-21 06:09:39] INFO:   Scan 18000/25496 | Keyframes: 18000 | Avg: load=9.8ms, encode=51.3ms, select=18.8ms
[2026-01-21 06:10:08] INFO:   Scan 18500/25496 | Keyframes: 18500 | Avg: load=8.0ms, encode=30.0ms, select=18.3ms
[2026-01-21 06:10:40] INFO:   Scan 19000/25496 | Keyframes: 19000 | Avg: load=6.2ms, encode=31.2ms, select=18.7ms
[2026-01-21 06:11:11] INFO:   Scan 19500/25496 | Keyframes: 19500 | Avg: load=8.9ms, encode=31.1ms, select=16.8ms
[2026-01-21 06:11:42] INFO:   Scan 20000/25496 | Keyframes: 20000 | Avg: load=8.6ms, encode=32.4ms, select=16.7ms
[2026-01-21 06:12:13] INFO:   Scan 20500/25496 | Keyframes: 20500 | Avg: load=8.1ms, encode=33.4ms, select=17.8ms
[2026-01-21 06:12:44] INFO:   Scan 21000/25496 | Keyframes: 21000 | Avg: load=9.2ms, encode=37.9ms, select=18.4ms
[2026-01-21 06:13:16] INFO:   Scan 21500/25496 | Keyframes: 21500 | Avg: load=10.0ms, encode=45.5ms, select=18.8ms
[2026-01-21 06:13:44] INFO:   Scan 22000/25496 | Keyframes: 22000 | Avg: load=9.4ms, encode=26.1ms, select=18.3ms
[2026-01-21 06:14:10] INFO:   Scan 22500/25496 | Keyframes: 22500 | Avg: load=7.9ms, encode=32.1ms, select=17.7ms
[2026-01-21 06:14:37] INFO:   Scan 23000/25496 | Keyframes: 23000 | Avg: load=10.8ms, encode=26.0ms, select=16.8ms
[2026-01-21 06:15:06] INFO:   Scan 23500/25496 | Keyframes: 23500 | Avg: load=8.4ms, encode=29.6ms, select=18.9ms
[2026-01-21 06:15:33] INFO:   Scan 24000/25496 | Keyframes: 24000 | Avg: load=7.9ms, encode=24.5ms, select=18.1ms
[2026-01-21 06:16:01] INFO:   Scan 24500/25496 | Keyframes: 24500 | Avg: load=9.5ms, encode=30.4ms, select=17.7ms
[2026-01-21 06:16:38] INFO:   Scan 25000/25496 | Keyframes: 25000 | Avg: load=16.6ms, encode=72.6ms, select=14.6ms
[2026-01-21 06:17:19] INFO:   Completed: 25496/25496 keyframes (100.0% selection rate)
[2026-01-21 06:17:19] INFO:     Date 2012-05-11: 25496 keyframes (seq_id=10)
[2026-01-21 06:17:21] INFO: Processing 24116 scans from nclt_2012-08-04...
[2026-01-21 06:17:21] INFO:   Scan 0/24116 | Keyframes: 0 | Avg: load=0.0ms, encode=0.0ms, select=0.0ms
[2026-01-21 06:17:54] INFO:   Scan 500/24116 | Keyframes: 500 | Avg: load=10.9ms, encode=36.0ms, select=17.9ms
[2026-01-21 06:18:20] INFO:   Scan 1000/24116 | Keyframes: 1000 | Avg: load=8.6ms, encode=25.1ms, select=19.0ms
[2026-01-21 06:18:46] INFO:   Scan 1500/24116 | Keyframes: 1500 | Avg: load=8.6ms, encode=25.0ms, select=18.4ms
[2026-01-21 06:19:12] INFO:   Scan 2000/24116 | Keyframes: 2000 | Avg: load=6.5ms, encode=25.9ms, select=19.6ms
[2026-01-21 06:19:45] INFO:   Scan 2500/24116 | Keyframes: 2500 | Avg: load=11.2ms, encode=83.4ms, select=18.5ms
[2026-01-21 06:20:14] INFO:   Scan 3000/24116 | Keyframes: 3000 | Avg: load=8.8ms, encode=25.7ms, select=19.6ms
[2026-01-21 06:20:43] INFO:   Scan 3500/24116 | Keyframes: 3500 | Avg: load=8.8ms, encode=38.9ms, select=19.0ms
[2026-01-21 06:21:14] INFO:   Scan 4000/24116 | Keyframes: 4000 | Avg: load=7.9ms, encode=42.7ms, select=19.5ms
[2026-01-21 06:21:45] INFO:   Scan 4500/24116 | Keyframes: 4500 | Avg: load=6.7ms, encode=33.0ms, select=18.9ms
[2026-01-21 06:22:17] INFO:   Scan 5000/24116 | Keyframes: 5000 | Avg: load=9.0ms, encode=45.0ms, select=19.9ms
[2026-01-21 06:22:47] INFO:   Scan 5500/24116 | Keyframes: 5500 | Avg: load=7.9ms, encode=24.9ms, select=19.2ms
[2026-01-21 06:23:14] INFO:   Scan 6000/24116 | Keyframes: 6000 | Avg: load=5.2ms, encode=32.6ms, select=19.5ms
[2026-01-21 06:23:44] INFO:   Scan 6500/24116 | Keyframes: 6500 | Avg: load=8.0ms, encode=26.9ms, select=18.9ms
[2026-01-21 06:24:10] INFO:   Scan 7000/24116 | Keyframes: 7000 | Avg: load=7.4ms, encode=25.3ms, select=18.5ms
[2026-01-21 06:24:41] INFO:   Scan 7500/24116 | Keyframes: 7500 | Avg: load=9.8ms, encode=57.4ms, select=19.0ms
[2026-01-21 06:25:18] INFO:   Scan 8000/24116 | Keyframes: 8000 | Avg: load=8.7ms, encode=42.7ms, select=19.1ms
[2026-01-21 06:25:54] INFO:   Scan 8500/24116 | Keyframes: 8500 | Avg: load=9.1ms, encode=50.7ms, select=19.1ms
[2026-01-21 06:26:28] INFO:   Scan 9000/24116 | Keyframes: 9000 | Avg: load=10.0ms, encode=34.4ms, select=19.2ms
[2026-01-21 06:26:58] INFO:   Scan 9500/24116 | Keyframes: 9500 | Avg: load=9.4ms, encode=42.4ms, select=19.4ms
[2026-01-21 06:27:30] INFO:   Scan 10000/24116 | Keyframes: 10000 | Avg: load=8.9ms, encode=43.3ms, select=19.2ms
[2026-01-21 06:28:01] INFO:   Scan 10500/24116 | Keyframes: 10500 | Avg: load=8.5ms, encode=37.7ms, select=19.2ms
[2026-01-21 06:28:41] INFO:   Scan 11000/24116 | Keyframes: 11000 | Avg: load=9.9ms, encode=76.3ms, select=19.7ms
[2026-01-21 06:29:14] INFO:   Scan 11500/24116 | Keyframes: 11500 | Avg: load=5.3ms, encode=38.4ms, select=19.3ms
[2026-01-21 06:29:53] INFO:   Scan 12000/24116 | Keyframes: 12000 | Avg: load=8.3ms, encode=25.4ms, select=18.8ms
[2026-01-21 06:30:30] INFO:   Scan 12500/24116 | Keyframes: 12500 | Avg: load=8.4ms, encode=38.0ms, select=19.0ms
[2026-01-21 06:31:03] INFO:   Scan 13000/24116 | Keyframes: 13000 | Avg: load=8.4ms, encode=33.2ms, select=18.5ms
[2026-01-21 06:31:47] INFO:   Scan 13500/24116 | Keyframes: 13500 | Avg: load=7.6ms, encode=74.0ms, select=18.7ms
[2026-01-21 06:32:15] INFO:   Scan 14000/24116 | Keyframes: 14000 | Avg: load=8.0ms, encode=24.9ms, select=18.4ms
[2026-01-21 06:32:41] INFO:   Scan 14500/24116 | Keyframes: 14500 | Avg: load=10.7ms, encode=24.9ms, select=17.8ms
[2026-01-21 06:33:07] INFO:   Scan 15000/24116 | Keyframes: 15000 | Avg: load=6.5ms, encode=24.7ms, select=18.1ms
[2026-01-21 06:33:33] INFO:   Scan 15500/24116 | Keyframes: 15500 | Avg: load=10.7ms, encode=25.3ms, select=19.2ms
[2026-01-21 06:33:59] INFO:   Scan 16000/24116 | Keyframes: 16000 | Avg: load=9.8ms, encode=24.8ms, select=16.7ms
[2026-01-21 06:34:24] INFO:   Scan 16500/24116 | Keyframes: 16500 | Avg: load=6.3ms, encode=25.5ms, select=17.5ms
[2026-01-21 06:34:55] INFO:   Scan 17000/24116 | Keyframes: 17000 | Avg: load=10.7ms, encode=24.3ms, select=16.9ms
[2026-01-21 06:35:37] INFO:   Scan 17500/24116 | Keyframes: 17500 | Avg: load=8.4ms, encode=28.2ms, select=18.3ms
[2026-01-21 06:36:11] INFO:   Scan 18000/24116 | Keyframes: 18000 | Avg: load=11.2ms, encode=28.8ms, select=19.4ms
[2026-01-21 06:36:40] INFO:   Scan 18500/24116 | Keyframes: 18500 | Avg: load=9.3ms, encode=25.8ms, select=18.7ms
[2026-01-21 06:37:18] INFO:   Scan 19000/24116 | Keyframes: 19000 | Avg: load=12.2ms, encode=42.0ms, select=18.9ms
[2026-01-21 06:37:51] INFO:   Scan 19500/24116 | Keyframes: 19500 | Avg: load=10.5ms, encode=45.5ms, select=17.5ms
[2026-01-21 06:38:27] INFO:   Scan 20000/24116 | Keyframes: 20000 | Avg: load=6.3ms, encode=39.9ms, select=18.4ms
[2026-01-21 06:38:59] INFO:   Scan 20500/24116 | Keyframes: 20500 | Avg: load=7.9ms, encode=33.4ms, select=16.5ms
[2026-01-21 06:39:30] INFO:   Scan 21000/24116 | Keyframes: 21000 | Avg: load=8.4ms, encode=42.7ms, select=18.0ms
[2026-01-21 06:39:57] INFO:   Scan 21500/24116 | Keyframes: 21500 | Avg: load=9.3ms, encode=25.8ms, select=19.3ms
[2026-01-21 06:40:26] INFO:   Scan 22000/24116 | Keyframes: 22000 | Avg: load=10.0ms, encode=26.5ms, select=18.0ms
[2026-01-21 06:40:53] INFO:   Scan 22500/24116 | Keyframes: 22500 | Avg: load=8.7ms, encode=25.4ms, select=19.3ms
[2026-01-21 06:41:19] INFO:   Scan 23000/24116 | Keyframes: 23000 | Avg: load=7.7ms, encode=25.4ms, select=17.8ms
[2026-01-21 06:41:45] INFO:   Scan 23500/24116 | Keyframes: 23500 | Avg: load=10.8ms, encode=25.4ms, select=17.8ms
[2026-01-21 06:42:20] INFO:   Scan 24000/24116 | Keyframes: 24000 | Avg: load=8.8ms, encode=119.0ms, select=16.7ms
[2026-01-21 06:42:29] INFO:   Completed: 24116/24116 keyframes (100.0% selection rate)
[2026-01-21 06:42:29] INFO:     Date 2012-08-04: 24116 keyframes (seq_id=11)
[2026-01-21 06:42:31] INFO: Processing 24145 scans from nclt_2012-11-04...
[2026-01-21 06:42:31] INFO:   Scan 0/24145 | Keyframes: 0 | Avg: load=0.0ms, encode=0.0ms, select=0.0ms
[2026-01-21 06:42:57] INFO:   Scan 500/24145 | Keyframes: 500 | Avg: load=5.4ms, encode=36.4ms, select=18.1ms
[2026-01-21 06:43:34] INFO:   Scan 1000/24145 | Keyframes: 1000 | Avg: load=7.8ms, encode=37.9ms, select=19.4ms
[2026-01-21 06:44:16] INFO:   Scan 1500/24145 | Keyframes: 1500 | Avg: load=5.1ms, encode=62.4ms, select=18.6ms
[2026-01-21 06:44:59] INFO:   Scan 2000/24145 | Keyframes: 2000 | Avg: load=8.9ms, encode=47.0ms, select=18.6ms
[2026-01-21 06:45:26] INFO:   Scan 2500/24145 | Keyframes: 2500 | Avg: load=8.5ms, encode=26.6ms, select=19.7ms
[2026-01-21 06:46:04] INFO:   Scan 3000/24145 | Keyframes: 3000 | Avg: load=10.2ms, encode=69.0ms, select=20.1ms
[2026-01-21 06:46:40] INFO:   Scan 3500/24145 | Keyframes: 3500 | Avg: load=8.5ms, encode=25.6ms, select=15.5ms
[2026-01-21 06:47:07] INFO:   Scan 4000/24145 | Keyframes: 4000 | Avg: load=8.8ms, encode=25.3ms, select=18.5ms
[2026-01-21 06:47:35] INFO:   Scan 4500/24145 | Keyframes: 4500 | Avg: load=7.8ms, encode=30.4ms, select=19.4ms
[2026-01-21 06:48:05] INFO:   Scan 5000/24145 | Keyframes: 5000 | Avg: load=10.6ms, encode=35.1ms, select=20.1ms
[2026-01-21 06:48:36] INFO:   Scan 5500/24145 | Keyframes: 5500 | Avg: load=9.1ms, encode=50.3ms, select=18.9ms
[2026-01-21 06:49:09] INFO:   Scan 6000/24145 | Keyframes: 6000 | Avg: load=7.1ms, encode=43.6ms, select=18.4ms
[2026-01-21 06:49:42] INFO:   Scan 6500/24145 | Keyframes: 6500 | Avg: load=9.9ms, encode=42.5ms, select=19.3ms
[2026-01-21 06:50:17] INFO:   Scan 7000/24145 | Keyframes: 7000 | Avg: load=8.9ms, encode=63.8ms, select=19.5ms
[2026-01-21 06:50:50] INFO:   Scan 7500/24145 | Keyframes: 7500 | Avg: load=6.9ms, encode=30.6ms, select=19.9ms
[2026-01-21 06:51:33] INFO:   Scan 8000/24145 | Keyframes: 8000 | Avg: load=9.1ms, encode=38.3ms, select=19.5ms
[2026-01-21 06:52:14] INFO:   Scan 8500/24145 | Keyframes: 8500 | Avg: load=8.7ms, encode=65.9ms, select=18.8ms
[2026-01-21 06:52:43] INFO:   Scan 9000/24145 | Keyframes: 9000 | Avg: load=11.6ms, encode=26.8ms, select=19.0ms
[2026-01-21 06:53:16] INFO:   Scan 9500/24145 | Keyframes: 9500 | Avg: load=8.5ms, encode=39.3ms, select=20.1ms
[2026-01-21 06:53:48] INFO:   Scan 10000/24145 | Keyframes: 10000 | Avg: load=2.3ms, encode=40.8ms, select=15.8ms
[2026-01-21 06:54:18] INFO:   Scan 10500/24145 | Keyframes: 10500 | Avg: load=8.5ms, encode=28.9ms, select=19.0ms
[2026-01-21 06:54:49] INFO:   Scan 11000/24145 | Keyframes: 11000 | Avg: load=7.9ms, encode=26.1ms, select=20.2ms
[2026-01-21 06:55:29] INFO:   Scan 11500/24145 | Keyframes: 11500 | Avg: load=7.8ms, encode=72.4ms, select=19.5ms
[2026-01-21 06:56:01] INFO:   Scan 12000/24145 | Keyframes: 12000 | Avg: load=7.7ms, encode=37.1ms, select=16.5ms
[2026-01-21 06:56:38] INFO:   Scan 12500/24145 | Keyframes: 12500 | Avg: load=10.1ms, encode=52.8ms, select=17.5ms
[2026-01-21 06:57:21] INFO:   Scan 13000/24145 | Keyframes: 13000 | Avg: load=9.3ms, encode=69.6ms, select=19.3ms
[2026-01-21 06:57:58] INFO:   Scan 13500/24145 | Keyframes: 13500 | Avg: load=9.4ms, encode=69.5ms, select=17.5ms
[2026-01-21 06:58:32] INFO:   Scan 14000/24145 | Keyframes: 14000 | Avg: load=7.2ms, encode=35.4ms, select=18.3ms
[2026-01-21 06:59:00] INFO:   Scan 14500/24145 | Keyframes: 14500 | Avg: load=8.2ms, encode=31.1ms, select=18.4ms
[2026-01-21 06:59:33] INFO:   Scan 15000/24145 | Keyframes: 15000 | Avg: load=6.7ms, encode=61.3ms, select=18.9ms
[2026-01-21 07:00:15] INFO:   Scan 15500/24145 | Keyframes: 15500 | Avg: load=8.9ms, encode=42.1ms, select=18.8ms
[2026-01-21 07:00:45] INFO:   Scan 16000/24145 | Keyframes: 16000 | Avg: load=5.5ms, encode=30.0ms, select=20.1ms
[2026-01-21 07:01:11] INFO:   Scan 16500/24145 | Keyframes: 16500 | Avg: load=8.8ms, encode=25.5ms, select=19.1ms
[2026-01-21 07:01:38] INFO:   Scan 17000/24145 | Keyframes: 17000 | Avg: load=7.1ms, encode=25.7ms, select=17.9ms
[2026-01-21 07:02:05] INFO:   Scan 17500/24145 | Keyframes: 17500 | Avg: load=10.2ms, encode=26.0ms, select=18.9ms
[2026-01-21 07:02:30] INFO:   Scan 18000/24145 | Keyframes: 18000 | Avg: load=8.3ms, encode=24.8ms, select=15.6ms
[2026-01-21 07:02:58] INFO:   Scan 18500/24145 | Keyframes: 18500 | Avg: load=9.7ms, encode=26.0ms, select=19.0ms
[2026-01-21 07:03:30] INFO:   Scan 19000/24145 | Keyframes: 19000 | Avg: load=6.5ms, encode=29.4ms, select=18.1ms
[2026-01-21 07:04:09] INFO:   Scan 19500/24145 | Keyframes: 19500 | Avg: load=8.2ms, encode=42.9ms, select=19.8ms
[2026-01-21 07:04:35] INFO:   Scan 20000/24145 | Keyframes: 20000 | Avg: load=5.5ms, encode=26.1ms, select=18.8ms
[2026-01-21 07:05:01] INFO:   Scan 20500/24145 | Keyframes: 20500 | Avg: load=10.2ms, encode=25.0ms, select=18.4ms
[2026-01-21 07:05:27] INFO:   Scan 21000/24145 | Keyframes: 21000 | Avg: load=9.0ms, encode=25.8ms, select=18.6ms
[2026-01-21 07:06:35] INFO:   Scan 21500/24145 | Keyframes: 21500 | Avg: load=10.6ms, encode=205.6ms, select=19.8ms
[2026-01-21 07:07:15] INFO:   Scan 22000/24145 | Keyframes: 22000 | Avg: load=8.9ms, encode=45.3ms, select=18.7ms
[2026-01-21 07:07:59] INFO:   Scan 22500/24145 | Keyframes: 22500 | Avg: load=9.3ms, encode=33.5ms, select=19.2ms
[2026-01-21 07:08:32] INFO:   Scan 23000/24145 | Keyframes: 23000 | Avg: load=7.5ms, encode=46.9ms, select=18.0ms
[2026-01-21 07:09:06] INFO:   Scan 23500/24145 | Keyframes: 23500 | Avg: load=9.6ms, encode=34.5ms, select=14.4ms
[2026-01-21 07:09:48] INFO:   Scan 24000/24145 | Keyframes: 24000 | Avg: load=10.7ms, encode=84.6ms, select=16.8ms
[2026-01-21 07:09:58] INFO:   Completed: 24145/24145 keyframes (100.0% selection rate)
[2026-01-21 07:09:58] INFO:     Date 2012-11-04: 24145 keyframes (seq_id=12)
[2026-01-21 07:09:59] INFO: Processing 24547 scans from nclt_2012-11-16...
[2026-01-21 07:09:59] INFO:   Scan 0/24547 | Keyframes: 0 | Avg: load=0.0ms, encode=0.0ms, select=0.0ms
[2026-01-21 07:10:37] INFO:   Scan 500/24547 | Keyframes: 500 | Avg: load=2.6ms, encode=23.9ms, select=17.8ms
[2026-01-21 07:11:07] INFO:   Scan 1000/24547 | Keyframes: 1000 | Avg: load=6.9ms, encode=44.7ms, select=19.4ms
[2026-01-21 07:11:45] INFO:   Scan 1500/24547 | Keyframes: 1500 | Avg: load=9.4ms, encode=54.5ms, select=20.3ms
[2026-01-21 07:12:26] INFO:   Scan 2000/24547 | Keyframes: 2000 | Avg: load=7.5ms, encode=24.8ms, select=18.9ms
[2026-01-21 07:13:11] INFO:   Scan 2500/24547 | Keyframes: 2500 | Avg: load=8.5ms, encode=32.6ms, select=19.7ms
[2026-01-21 07:13:53] INFO:   Scan 3000/24547 | Keyframes: 3000 | Avg: load=7.0ms, encode=63.1ms, select=19.8ms
[2026-01-21 07:14:41] INFO:   Scan 3500/24547 | Keyframes: 3500 | Avg: load=11.5ms, encode=78.3ms, select=20.4ms
[2026-01-21 07:15:24] INFO:   Scan 4000/24547 | Keyframes: 4000 | Avg: load=10.1ms, encode=34.9ms, select=19.5ms
[2026-01-21 07:16:09] INFO:   Scan 4500/24547 | Keyframes: 4500 | Avg: load=8.1ms, encode=25.3ms, select=19.0ms
[2026-01-21 07:16:47] INFO:   Scan 5000/24547 | Keyframes: 5000 | Avg: load=8.1ms, encode=41.3ms, select=19.4ms
[2026-01-21 07:17:26] INFO:   Scan 5500/24547 | Keyframes: 5500 | Avg: load=7.8ms, encode=50.5ms, select=16.7ms
[2026-01-21 07:18:08] INFO:   Scan 6000/24547 | Keyframes: 6000 | Avg: load=10.2ms, encode=26.6ms, select=19.4ms
[2026-01-21 07:18:51] INFO:   Scan 6500/24547 | Keyframes: 6500 | Avg: load=9.1ms, encode=40.9ms, select=20.0ms
[2026-01-21 07:19:30] INFO:   Scan 7000/24547 | Keyframes: 7000 | Avg: load=9.9ms, encode=62.6ms, select=19.9ms
[2026-01-21 07:20:14] INFO:   Scan 7500/24547 | Keyframes: 7500 | Avg: load=9.8ms, encode=69.6ms, select=20.4ms
[2026-01-21 07:20:48] INFO:   Scan 8000/24547 | Keyframes: 8000 | Avg: load=7.5ms, encode=40.0ms, select=19.1ms
[2026-01-21 07:21:32] INFO:   Scan 8500/24547 | Keyframes: 8500 | Avg: load=9.7ms, encode=46.6ms, select=19.9ms
[2026-01-21 07:22:13] INFO:   Scan 9000/24547 | Keyframes: 9000 | Avg: load=8.1ms, encode=43.0ms, select=19.0ms
[2026-01-21 07:22:55] INFO:   Scan 9500/24547 | Keyframes: 9500 | Avg: load=8.9ms, encode=30.3ms, select=18.6ms
[2026-01-21 07:23:28] INFO:   Scan 10000/24547 | Keyframes: 10000 | Avg: load=7.4ms, encode=52.5ms, select=18.1ms
[2026-01-21 07:24:16] INFO:   Scan 10500/24547 | Keyframes: 10500 | Avg: load=8.8ms, encode=86.0ms, select=18.9ms
[2026-01-21 07:24:55] INFO:   Scan 11000/24547 | Keyframes: 11000 | Avg: load=8.1ms, encode=48.5ms, select=18.5ms
[2026-01-21 07:25:32] INFO:   Scan 11500/24547 | Keyframes: 11500 | Avg: load=8.6ms, encode=49.3ms, select=18.8ms
[2026-01-21 07:26:11] INFO:   Scan 12000/24547 | Keyframes: 12000 | Avg: load=8.9ms, encode=75.6ms, select=17.9ms
[2026-01-21 07:26:55] INFO:   Scan 12500/24547 | Keyframes: 12500 | Avg: load=10.2ms, encode=68.5ms, select=19.4ms
[2026-01-21 07:27:36] INFO:   Scan 13000/24547 | Keyframes: 13000 | Avg: load=2.0ms, encode=38.5ms, select=17.3ms
[2026-01-21 07:28:19] INFO:   Scan 13500/24547 | Keyframes: 13500 | Avg: load=6.6ms, encode=42.2ms, select=18.3ms
[2026-01-21 07:28:56] INFO:   Scan 14000/24547 | Keyframes: 14000 | Avg: load=9.3ms, encode=57.5ms, select=19.0ms
[2026-01-21 07:29:39] INFO:   Scan 14500/24547 | Keyframes: 14500 | Avg: load=9.2ms, encode=43.1ms, select=18.1ms
[2026-01-21 07:30:14] INFO:   Scan 15000/24547 | Keyframes: 15000 | Avg: load=4.8ms, encode=63.3ms, select=18.7ms
[2026-01-21 07:31:01] INFO:   Scan 15500/24547 | Keyframes: 15500 | Avg: load=11.5ms, encode=44.6ms, select=20.5ms
[2026-01-21 07:31:45] INFO:   Scan 16000/24547 | Keyframes: 16000 | Avg: load=9.1ms, encode=95.3ms, select=19.7ms
[2026-01-21 07:32:25] INFO:   Scan 16500/24547 | Keyframes: 16500 | Avg: load=9.1ms, encode=48.6ms, select=19.5ms
[2026-01-21 07:33:11] INFO:   Scan 17000/24547 | Keyframes: 17000 | Avg: load=10.0ms, encode=92.8ms, select=19.5ms
[2026-01-21 07:33:39] INFO:   Scan 17500/24547 | Keyframes: 17500 | Avg: load=8.4ms, encode=18.7ms, select=20.1ms
[2026-01-21 07:34:04] INFO:   Scan 18000/24547 | Keyframes: 18000 | Avg: load=8.4ms, encode=25.1ms, select=18.6ms
[2026-01-21 07:34:30] INFO:   Scan 18500/24547 | Keyframes: 18500 | Avg: load=7.4ms, encode=24.9ms, select=18.3ms
[2026-01-21 07:34:56] INFO:   Scan 19000/24547 | Keyframes: 19000 | Avg: load=9.4ms, encode=24.9ms, select=18.3ms
[2026-01-21 07:35:21] INFO:   Scan 19500/24547 | Keyframes: 19500 | Avg: load=6.1ms, encode=24.5ms, select=17.4ms
[2026-01-21 07:35:46] INFO:   Scan 20000/24547 | Keyframes: 20000 | Avg: load=7.4ms, encode=25.0ms, select=17.5ms
[2026-01-21 07:36:22] INFO:   Scan 20500/24547 | Keyframes: 20500 | Avg: load=6.1ms, encode=43.8ms, select=18.3ms
[2026-01-21 07:36:49] INFO:   Scan 21000/24547 | Keyframes: 21000 | Avg: load=7.1ms, encode=34.2ms, select=18.0ms
[2026-01-21 07:37:22] INFO:   Scan 21500/24547 | Keyframes: 21500 | Avg: load=8.3ms, encode=36.5ms, select=17.6ms
[2026-01-21 07:38:04] INFO:   Scan 22000/24547 | Keyframes: 22000 | Avg: load=8.6ms, encode=35.3ms, select=18.2ms
[2026-01-21 07:38:43] INFO:   Scan 22500/24547 | Keyframes: 22500 | Avg: load=8.7ms, encode=35.6ms, select=15.2ms
[2026-01-21 07:39:17] INFO:   Scan 23000/24547 | Keyframes: 23000 | Avg: load=9.1ms, encode=43.4ms, select=19.0ms
[2026-01-21 07:39:51] INFO:   Scan 23500/24547 | Keyframes: 23500 | Avg: load=7.6ms, encode=41.2ms, select=18.0ms
[2026-01-21 07:40:32] INFO:   Scan 24000/24547 | Keyframes: 24000 | Avg: load=9.7ms, encode=38.8ms, select=15.0ms
[2026-01-21 07:41:15] INFO:   Scan 24500/24547 | Keyframes: 24500 | Avg: load=8.8ms, encode=54.7ms, select=16.4ms
[2026-01-21 07:41:18] INFO:   Completed: 24547/24547 keyframes (100.0% selection rate)
[2026-01-21 07:41:18] INFO:     Date 2012-11-16: 24547 keyframes (seq_id=13)
[2026-01-21 07:41:19] INFO: Processing 24022 scans from nclt_2013-02-23...
[2026-01-21 07:41:19] INFO:   Scan 0/24022 | Keyframes: 0 | Avg: load=0.0ms, encode=0.0ms, select=0.0ms
[2026-01-21 07:41:53] INFO:   Scan 500/24022 | Keyframes: 500 | Avg: load=1.5ms, encode=67.9ms, select=19.2ms
[2026-01-21 07:42:38] INFO:   Scan 1000/24022 | Keyframes: 1000 | Avg: load=10.7ms, encode=47.1ms, select=20.4ms
[2026-01-21 07:43:17] INFO:   Scan 1500/24022 | Keyframes: 1500 | Avg: load=1.6ms, encode=25.4ms, select=19.3ms
[2026-01-21 07:43:48] INFO:   Scan 2000/24022 | Keyframes: 2000 | Avg: load=8.5ms, encode=24.7ms, select=20.4ms
[2026-01-21 07:44:17] INFO:   Scan 2500/24022 | Keyframes: 2500 | Avg: load=9.4ms, encode=42.3ms, select=20.2ms
[2026-01-21 07:44:58] INFO:   Scan 3000/24022 | Keyframes: 3000 | Avg: load=9.0ms, encode=74.2ms, select=19.6ms
[2026-01-21 07:45:41] INFO:   Scan 3500/24022 | Keyframes: 3500 | Avg: load=7.7ms, encode=39.8ms, select=20.4ms
[2026-01-21 07:46:22] INFO:   Scan 4000/24022 | Keyframes: 4000 | Avg: load=6.8ms, encode=43.3ms, select=20.1ms
[2026-01-21 07:47:06] INFO:   Scan 4500/24022 | Keyframes: 4500 | Avg: load=8.5ms, encode=65.5ms, select=19.6ms
[2026-01-21 07:47:45] INFO:   Scan 5000/24022 | Keyframes: 5000 | Avg: load=4.3ms, encode=67.5ms, select=18.8ms
[2026-01-21 07:48:29] INFO:   Scan 5500/24022 | Keyframes: 5500 | Avg: load=8.6ms, encode=62.3ms, select=19.5ms
[2026-01-21 07:49:03] INFO:   Scan 6000/24022 | Keyframes: 6000 | Avg: load=6.3ms, encode=44.7ms, select=18.1ms
[2026-01-21 07:49:51] INFO:   Scan 6500/24022 | Keyframes: 6500 | Avg: load=7.8ms, encode=92.2ms, select=18.7ms
[2026-01-21 07:51:16] INFO:   Scan 7000/24022 | Keyframes: 7000 | Avg: load=8.1ms, encode=256.6ms, select=23.1ms
[2026-01-21 07:53:38] INFO:   Scan 7500/24022 | Keyframes: 7500 | Avg: load=10.8ms, encode=232.7ms, select=21.7ms
[2026-01-21 07:55:46] INFO:   Scan 8000/24022 | Keyframes: 8000 | Avg: load=9.3ms, encode=222.3ms, select=22.2ms
[2026-01-21 07:58:05] INFO:   Scan 8500/24022 | Keyframes: 8500 | Avg: load=8.6ms, encode=241.4ms, select=21.7ms
[2026-01-21 08:00:11] INFO:   Scan 9000/24022 | Keyframes: 9000 | Avg: load=9.6ms, encode=238.7ms, select=22.1ms
[2026-01-21 08:02:27] INFO:   Scan 9500/24022 | Keyframes: 9500 | Avg: load=8.7ms, encode=240.5ms, select=21.4ms
[2026-01-21 08:05:32] INFO:   Scan 10000/24022 | Keyframes: 10000 | Avg: load=10.1ms, encode=620.4ms, select=21.0ms
[2026-01-21 08:11:48] INFO:   Scan 10500/24022 | Keyframes: 10500 | Avg: load=7.8ms, encode=894.7ms, select=21.2ms
