[2026-01-28 05:38:37] INFO: ================================================================================
[2026-01-28 05:38:37] INFO: NEURAL SPECTRAL CODEC - MULTI-DATASET TRAINING
[2026-01-28 05:38:37] INFO: ================================================================================
[2026-01-28 05:38:37] INFO: Log file: logs/training_20260128_053837.log
[2026-01-28 05:38:37] INFO: Loading configuration from: configs/training_multi_dataset.yaml
[2026-01-28 05:38:37] INFO:   n_elevation: 16
[2026-01-28 05:38:37] INFO:   n_azimuth: 360
[2026-01-28 05:38:37] INFO:   n_bins: 50
[2026-01-28 05:38:37] INFO:   distance_threshold: 0.8m
[2026-01-28 05:38:37] INFO:   n_epochs: 50
[2026-01-28 05:38:37] INFO: Using device: cuda
[2026-01-28 05:38:37] INFO:   GPU: NVIDIA RTX 5000 Ada Generation
[2026-01-28 05:38:37] INFO:   VRAM: 33.8 GB
[2026-01-28 05:38:37] INFO: 
[2026-01-28 05:38:37] INFO: [1/6] Creating spectral encoder...
[2026-01-28 05:38:37] INFO:   Encoder created (n_elevation=16, n_bins=50)
[2026-01-28 05:38:37] INFO: 
[2026-01-28 05:38:37] INFO: [2/6] Loading training datasets...
[2026-01-28 05:38:37] INFO:   Loading KITTI from /workspace/data/kitti/dataset
[2026-01-28 05:38:37] INFO: Processing 4541 scans from kitti_00...
[2026-01-28 05:38:37] INFO:   Scan 0/4541 | Keyframes: 0 | Avg: load=0.0ms, encode=0.0ms, select=0.0ms
[2026-01-28 05:38:51] INFO:   Scan 500/4541 | Keyframes: 500 | Avg: load=2.3ms, encode=10.2ms, select=11.6ms
[2026-01-28 05:39:05] INFO:   Scan 1000/4541 | Keyframes: 1000 | Avg: load=6.1ms, encode=10.6ms, select=11.0ms
[2026-01-28 05:39:16] INFO:   Scan 1500/4541 | Keyframes: 1500 | Avg: load=1.1ms, encode=9.7ms, select=6.0ms
[2026-01-28 05:39:26] INFO:   Scan 2000/4541 | Keyframes: 2000 | Avg: load=1.5ms, encode=10.1ms, select=14.8ms
[2026-01-28 05:39:40] INFO:   Scan 2500/4541 | Keyframes: 2500 | Avg: load=5.5ms, encode=10.1ms, select=10.2ms
[2026-01-28 05:39:50] INFO:   Scan 3000/4541 | Keyframes: 3000 | Avg: load=1.3ms, encode=10.2ms, select=6.7ms
[2026-01-28 05:39:59] INFO:   Scan 3500/4541 | Keyframes: 3500 | Avg: load=2.1ms, encode=9.7ms, select=10.7ms
[2026-01-28 05:40:09] INFO:   Scan 4000/4541 | Keyframes: 4000 | Avg: load=1.0ms, encode=9.8ms, select=15.8ms
[2026-01-28 05:40:17] INFO:   Scan 4500/4541 | Keyframes: 4500 | Avg: load=6.0ms, encode=10.2ms, select=12.3ms
[2026-01-28 05:40:18] INFO:   Completed: 4541/4541 keyframes (100.0% selection rate)
[2026-01-28 05:40:18] INFO:     Sequence 00: 4541 keyframes (seq_id=0)
[2026-01-28 05:40:18] INFO: Processing 1101 scans from kitti_01...
[2026-01-28 05:40:18] INFO:   Scan 0/1101 | Keyframes: 0 | Avg: load=0.0ms, encode=0.0ms, select=0.0ms
[2026-01-28 05:40:23] INFO:   Scan 500/1101 | Keyframes: 500 | Avg: load=0.7ms, encode=7.4ms, select=0.1ms
[2026-01-28 05:40:27] INFO:   Scan 1000/1101 | Keyframes: 1000 | Avg: load=0.8ms, encode=9.0ms, select=0.1ms
[2026-01-28 05:40:28] INFO:   Completed: 1101/1101 keyframes (100.0% selection rate)
[2026-01-28 05:40:28] INFO:     Sequence 01: 1101 keyframes (seq_id=1)
[2026-01-28 05:40:28] INFO: Processing 4661 scans from kitti_02...
[2026-01-28 05:40:28] INFO:   Scan 0/4661 | Keyframes: 0 | Avg: load=0.0ms, encode=0.0ms, select=0.0ms
[2026-01-28 05:40:38] INFO:   Scan 500/4661 | Keyframes: 500 | Avg: load=4.6ms, encode=11.5ms, select=0.7ms
[2026-01-28 05:40:47] INFO:   Scan 1000/4661 | Keyframes: 1000 | Avg: load=1.7ms, encode=10.1ms, select=9.0ms
[2026-01-28 05:40:57] INFO:   Scan 1500/4661 | Keyframes: 1500 | Avg: load=1.5ms, encode=10.4ms, select=0.1ms
[2026-01-28 05:41:05] INFO:   Scan 2000/4661 | Keyframes: 2000 | Avg: load=1.7ms, encode=10.8ms, select=3.6ms
[2026-01-28 05:41:12] INFO:   Scan 2500/4661 | Keyframes: 2500 | Avg: load=0.8ms, encode=10.5ms, select=0.1ms
[2026-01-28 05:41:19] INFO:   Scan 3000/4661 | Keyframes: 3000 | Avg: load=1.3ms, encode=10.0ms, select=0.1ms
[2026-01-28 05:41:27] INFO:   Scan 3500/4661 | Keyframes: 3500 | Avg: load=1.3ms, encode=10.6ms, select=4.8ms
[2026-01-28 05:41:34] INFO:   Scan 4000/4661 | Keyframes: 4000 | Avg: load=2.5ms, encode=11.0ms, select=0.1ms
[2026-01-28 05:41:42] INFO:   Scan 4500/4661 | Keyframes: 4500 | Avg: load=1.9ms, encode=10.9ms, select=0.1ms
[2026-01-28 05:41:44] INFO:   Completed: 4661/4661 keyframes (100.0% selection rate)
[2026-01-28 05:41:44] INFO:     Sequence 02: 4661 keyframes (seq_id=2)
[2026-01-28 05:41:44] INFO: Processing 801 scans from kitti_03...
[2026-01-28 05:41:44] INFO:   Scan 0/801 | Keyframes: 0 | Avg: load=0.0ms, encode=0.0ms, select=0.0ms
[2026-01-28 05:41:56] INFO:   Scan 500/801 | Keyframes: 500 | Avg: load=0.9ms, encode=10.3ms, select=3.4ms
[2026-01-28 05:42:02] INFO:   Completed: 801/801 keyframes (100.0% selection rate)
[2026-01-28 05:42:02] INFO:     Sequence 03: 801 keyframes (seq_id=3)
[2026-01-28 05:42:02] INFO: Processing 271 scans from kitti_04...
[2026-01-28 05:42:02] INFO:   Scan 0/271 | Keyframes: 0 | Avg: load=0.0ms, encode=0.0ms, select=0.0ms
[2026-01-28 05:42:05] INFO:   Completed: 271/271 keyframes (100.0% selection rate)
[2026-01-28 05:42:05] INFO:     Sequence 04: 271 keyframes (seq_id=4)
[2026-01-28 05:42:05] INFO: Processing 2761 scans from kitti_05...
[2026-01-28 05:42:05] INFO:   Scan 0/2761 | Keyframes: 0 | Avg: load=0.0ms, encode=0.0ms, select=0.0ms
[2026-01-28 05:42:21] INFO:   Scan 500/2761 | Keyframes: 500 | Avg: load=4.6ms, encode=11.0ms, select=13.1ms
[2026-01-28 05:42:37] INFO:   Scan 1000/2761 | Keyframes: 1000 | Avg: load=13.5ms, encode=14.7ms, select=15.7ms
[2026-01-28 05:42:48] INFO:   Scan 1500/2761 | Keyframes: 1500 | Avg: load=1.9ms, encode=10.7ms, select=0.3ms
[2026-01-28 05:42:57] INFO:   Scan 2000/2761 | Keyframes: 2000 | Avg: load=1.1ms, encode=10.2ms, select=0.1ms
[2026-01-28 05:43:07] INFO:   Scan 2500/2761 | Keyframes: 2500 | Avg: load=1.8ms, encode=10.4ms, select=6.7ms
[2026-01-28 05:43:11] INFO:   Completed: 2761/2761 keyframes (100.0% selection rate)
[2026-01-28 05:43:11] INFO:     Sequence 05: 2761 keyframes (seq_id=5)
[2026-01-28 05:43:11] INFO: Processing 1101 scans from kitti_06...
[2026-01-28 05:43:11] INFO:   Scan 0/1101 | Keyframes: 0 | Avg: load=0.0ms, encode=0.0ms, select=0.0ms
[2026-01-28 05:43:19] INFO:   Scan 500/1101 | Keyframes: 500 | Avg: load=1.6ms, encode=10.3ms, select=5.5ms
[2026-01-28 05:43:26] INFO:   Scan 1000/1101 | Keyframes: 1000 | Avg: load=1.1ms, encode=10.5ms, select=0.1ms
[2026-01-28 05:43:28] INFO:   Completed: 1101/1101 keyframes (100.0% selection rate)
[2026-01-28 05:43:28] INFO:     Sequence 06: 1101 keyframes (seq_id=6)
[2026-01-28 05:43:28] INFO: Processing 1101 scans from kitti_07...
[2026-01-28 05:43:28] INFO:   Scan 0/1101 | Keyframes: 0 | Avg: load=0.0ms, encode=0.0ms, select=0.0ms
[2026-01-28 05:43:43] INFO:   Scan 500/1101 | Keyframes: 500 | Avg: load=4.1ms, encode=10.3ms, select=13.0ms
[2026-01-28 05:43:59] INFO:   Scan 1000/1101 | Keyframes: 1000 | Avg: load=5.6ms, encode=9.8ms, select=20.4ms
[2026-01-28 05:44:02] INFO:   Completed: 1101/1101 keyframes (100.0% selection rate)
[2026-01-28 05:44:02] INFO:     Sequence 07: 1101 keyframes (seq_id=7)
[2026-01-28 05:44:02] INFO: Processing 4071 scans from kitti_08...
[2026-01-28 05:44:02] INFO:   Scan 0/4071 | Keyframes: 0 | Avg: load=0.0ms, encode=0.0ms, select=0.0ms
[2026-01-28 05:44:19] INFO:   Scan 500/4071 | Keyframes: 500 | Avg: load=9.5ms, encode=10.9ms, select=13.6ms
[2026-01-28 05:44:38] INFO:   Scan 1000/4071 | Keyframes: 1000 | Avg: load=26.3ms, encode=29.1ms, select=7.5ms
[2026-01-28 05:45:11] INFO:   Scan 1500/4071 | Keyframes: 1500 | Avg: load=25.3ms, encode=20.4ms, select=20.4ms
[2026-01-28 05:45:45] INFO:   Scan 2000/4071 | Keyframes: 2000 | Avg: load=25.6ms, encode=13.9ms, select=32.1ms
[2026-01-28 05:46:19] INFO:   Scan 2500/4071 | Keyframes: 2500 | Avg: load=25.3ms, encode=17.8ms, select=23.0ms
[2026-01-28 05:46:51] INFO:   Scan 3000/4071 | Keyframes: 3000 | Avg: load=25.0ms, encode=19.3ms, select=21.9ms
[2026-01-28 05:47:22] INFO:   Scan 3500/4071 | Keyframes: 3500 | Avg: load=25.8ms, encode=19.1ms, select=21.8ms
[2026-01-28 05:47:53] INFO:   Scan 4000/4071 | Keyframes: 4000 | Avg: load=25.3ms, encode=24.9ms, select=13.8ms
[2026-01-28 05:47:58] INFO:   Completed: 4071/4071 keyframes (100.0% selection rate)
[2026-01-28 05:47:58] INFO:     Sequence 08: 4071 keyframes (seq_id=8)
[2026-01-28 05:47:58] INFO:   Loading NCLT from /workspace/data/nclt
[2026-01-28 05:48:04] INFO: Processing 28127 scans from nclt_2012-01-08...
[2026-01-28 05:48:04] INFO:   Scan 0/28127 | Keyframes: 0 | Avg: load=0.0ms, encode=0.0ms, select=0.0ms
[2026-01-28 05:48:15] INFO:   Scan 500/28127 | Keyframes: 500 | Avg: load=1.3ms, encode=2.6ms, select=17.2ms
[2026-01-28 05:48:26] INFO:   Scan 1000/28127 | Keyframes: 1000 | Avg: load=1.8ms, encode=3.0ms, select=17.9ms
[2026-01-28 05:48:38] INFO:   Scan 1500/28127 | Keyframes: 1500 | Avg: load=1.9ms, encode=3.4ms, select=18.1ms
[2026-01-28 05:48:52] INFO:   Scan 2000/28127 | Keyframes: 2000 | Avg: load=15.6ms, encode=4.4ms, select=20.9ms
[2026-01-28 05:49:09] INFO:   Scan 2500/28127 | Keyframes: 2500 | Avg: load=9.0ms, encode=3.0ms, select=18.1ms
[2026-01-28 05:49:26] INFO:   Scan 3000/28127 | Keyframes: 3000 | Avg: load=12.2ms, encode=3.8ms, select=18.8ms
[2026-01-28 05:49:44] INFO:   Scan 3500/28127 | Keyframes: 3500 | Avg: load=9.9ms, encode=3.2ms, select=17.8ms
[2026-01-28 05:49:59] INFO:   Scan 4000/28127 | Keyframes: 4000 | Avg: load=9.4ms, encode=2.7ms, select=17.4ms
[2026-01-28 05:50:13] INFO:   Scan 4500/28127 | Keyframes: 4500 | Avg: load=8.6ms, encode=2.8ms, select=17.5ms
[2026-01-28 05:50:26] INFO:   Scan 5000/28127 | Keyframes: 5000 | Avg: load=5.9ms, encode=2.7ms, select=16.7ms
[2026-01-28 05:50:38] INFO:   Scan 5500/28127 | Keyframes: 5500 | Avg: load=2.1ms, encode=3.8ms, select=18.5ms
[2026-01-28 05:50:50] INFO:   Scan 6000/28127 | Keyframes: 6000 | Avg: load=1.6ms, encode=3.0ms, select=17.7ms
[2026-01-28 05:51:00] INFO:   Scan 6500/28127 | Keyframes: 6500 | Avg: load=1.4ms, encode=2.7ms, select=16.9ms
[2026-01-28 05:51:11] INFO:   Scan 7000/28127 | Keyframes: 7000 | Avg: load=1.5ms, encode=2.7ms, select=17.0ms
[2026-01-28 05:51:21] INFO:   Scan 7500/28127 | Keyframes: 7500 | Avg: load=1.4ms, encode=2.7ms, select=17.2ms
[2026-01-28 05:51:32] INFO:   Scan 8000/28127 | Keyframes: 8000 | Avg: load=1.7ms, encode=3.2ms, select=16.8ms
[2026-01-28 05:51:43] INFO:   Scan 8500/28127 | Keyframes: 8500 | Avg: load=2.0ms, encode=3.4ms, select=18.2ms
[2026-01-28 05:51:55] INFO:   Scan 9000/28127 | Keyframes: 9000 | Avg: load=2.0ms, encode=3.4ms, select=20.0ms
[2026-01-28 05:52:07] INFO:   Scan 9500/28127 | Keyframes: 9500 | Avg: load=2.0ms, encode=3.5ms, select=18.2ms
[2026-01-28 05:52:18] INFO:   Scan 10000/28127 | Keyframes: 10000 | Avg: load=2.0ms, encode=3.6ms, select=18.4ms
[2026-01-28 05:52:31] INFO:   Scan 10500/28127 | Keyframes: 10500 | Avg: load=2.2ms, encode=3.7ms, select=18.5ms
[2026-01-28 05:52:42] INFO:   Scan 11000/28127 | Keyframes: 11000 | Avg: load=1.7ms, encode=3.0ms, select=17.6ms
[2026-01-28 05:52:53] INFO:   Scan 11500/28127 | Keyframes: 11500 | Avg: load=1.7ms, encode=3.1ms, select=17.7ms
[2026-01-28 05:53:04] INFO:   Scan 12000/28127 | Keyframes: 12000 | Avg: load=1.6ms, encode=2.9ms, select=17.1ms
[2026-01-28 05:53:15] INFO:   Scan 12500/28127 | Keyframes: 12500 | Avg: load=1.1ms, encode=2.5ms, select=16.6ms
[2026-01-28 05:53:26] INFO:   Scan 13000/28127 | Keyframes: 13000 | Avg: load=1.7ms, encode=3.0ms, select=17.8ms
[2026-01-28 05:53:36] INFO:   Scan 13500/28127 | Keyframes: 13500 | Avg: load=1.3ms, encode=2.6ms, select=17.2ms
[2026-01-28 05:53:47] INFO:   Scan 14000/28127 | Keyframes: 14000 | Avg: load=1.3ms, encode=2.6ms, select=16.9ms
[2026-01-28 05:53:58] INFO:   Scan 14500/28127 | Keyframes: 14500 | Avg: load=2.7ms, encode=4.1ms, select=17.5ms
[2026-01-28 05:54:09] INFO:   Scan 15000/28127 | Keyframes: 15000 | Avg: load=2.0ms, encode=3.4ms, select=16.7ms
[2026-01-28 05:54:20] INFO:   Scan 15500/28127 | Keyframes: 15500 | Avg: load=1.8ms, encode=3.2ms, select=15.7ms
[2026-01-28 05:54:31] INFO:   Scan 16000/28127 | Keyframes: 16000 | Avg: load=1.6ms, encode=2.9ms, select=17.5ms
[2026-01-28 05:54:42] INFO:   Scan 16500/28127 | Keyframes: 16500 | Avg: load=2.0ms, encode=3.5ms, select=17.3ms
[2026-01-28 05:54:54] INFO:   Scan 17000/28127 | Keyframes: 17000 | Avg: load=2.0ms, encode=3.5ms, select=17.1ms
[2026-01-28 05:55:04] INFO:   Scan 17500/28127 | Keyframes: 17500 | Avg: load=1.2ms, encode=2.5ms, select=16.0ms
[2026-01-28 05:55:15] INFO:   Scan 18000/28127 | Keyframes: 18000 | Avg: load=1.8ms, encode=3.2ms, select=17.7ms
[2026-01-28 05:55:25] INFO:   Scan 18500/28127 | Keyframes: 18500 | Avg: load=1.2ms, encode=2.5ms, select=15.5ms
[2026-01-28 05:55:37] INFO:   Scan 19000/28127 | Keyframes: 19000 | Avg: load=2.4ms, encode=3.9ms, select=18.3ms
[2026-01-28 05:55:48] INFO:   Scan 19500/28127 | Keyframes: 19500 | Avg: load=2.0ms, encode=3.5ms, select=17.0ms
[2026-01-28 05:56:00] INFO:   Scan 20000/28127 | Keyframes: 20000 | Avg: load=1.8ms, encode=3.3ms, select=16.7ms
[2026-01-28 05:56:12] INFO:   Scan 20500/28127 | Keyframes: 20500 | Avg: load=2.7ms, encode=4.2ms, select=18.1ms
[2026-01-28 05:56:23] INFO:   Scan 21000/28127 | Keyframes: 21000 | Avg: load=1.7ms, encode=3.1ms, select=17.2ms
[2026-01-28 05:56:34] INFO:   Scan 21500/28127 | Keyframes: 21500 | Avg: load=1.4ms, encode=2.7ms, select=17.1ms
[2026-01-28 05:56:45] INFO:   Scan 22000/28127 | Keyframes: 22000 | Avg: load=1.5ms, encode=2.8ms, select=17.3ms
[2026-01-28 05:56:56] INFO:   Scan 22500/28127 | Keyframes: 22500 | Avg: load=1.5ms, encode=2.7ms, select=17.1ms
[2026-01-28 05:57:06] INFO:   Scan 23000/28127 | Keyframes: 23000 | Avg: load=1.3ms, encode=2.5ms, select=16.8ms
[2026-01-28 05:57:16] INFO:   Scan 23500/28127 | Keyframes: 23500 | Avg: load=1.4ms, encode=2.7ms, select=17.1ms
[2026-01-28 05:57:27] INFO:   Scan 24000/28127 | Keyframes: 24000 | Avg: load=1.6ms, encode=2.9ms, select=17.5ms
[2026-01-28 05:57:38] INFO:   Scan 24500/28127 | Keyframes: 24500 | Avg: load=1.6ms, encode=2.8ms, select=17.3ms
[2026-01-28 05:57:49] INFO:   Scan 25000/28127 | Keyframes: 25000 | Avg: load=2.2ms, encode=3.7ms, select=17.2ms
[2026-01-28 05:58:00] INFO:   Scan 25500/28127 | Keyframes: 25500 | Avg: load=1.6ms, encode=2.9ms, select=17.5ms
[2026-01-28 05:58:11] INFO:   Scan 26000/28127 | Keyframes: 26000 | Avg: load=1.7ms, encode=3.0ms, select=16.7ms
[2026-01-28 05:58:22] INFO:   Scan 26500/28127 | Keyframes: 26500 | Avg: load=1.8ms, encode=3.3ms, select=18.0ms
[2026-01-28 05:58:33] INFO:   Scan 27000/28127 | Keyframes: 27000 | Avg: load=1.6ms, encode=2.9ms, select=17.2ms
[2026-01-28 05:58:43] INFO:   Scan 27500/28127 | Keyframes: 27500 | Avg: load=1.2ms, encode=2.5ms, select=14.5ms
[2026-01-28 05:58:52] INFO:   Scan 28000/28127 | Keyframes: 28000 | Avg: load=1.9ms, encode=3.5ms, select=16.1ms
[2026-01-28 05:58:55] INFO:   Completed: 28127/28127 keyframes (100.0% selection rate)
[2026-01-28 05:58:55] INFO:     Date 2012-01-08: 28127 keyframes (seq_id=9)
[2026-01-28 05:58:57] INFO: Processing 25496 scans from nclt_2012-05-11...
[2026-01-28 05:58:57] INFO:   Scan 0/25496 | Keyframes: 0 | Avg: load=0.0ms, encode=0.0ms, select=0.0ms
[2026-01-28 05:59:08] INFO:   Scan 500/25496 | Keyframes: 500 | Avg: load=2.2ms, encode=2.8ms, select=17.4ms
[2026-01-28 05:59:19] INFO:   Scan 1000/25496 | Keyframes: 1000 | Avg: load=2.5ms, encode=3.3ms, select=18.4ms
[2026-01-28 05:59:31] INFO:   Scan 1500/25496 | Keyframes: 1500 | Avg: load=2.5ms, encode=3.2ms, select=18.4ms
[2026-01-28 05:59:42] INFO:   Scan 2000/25496 | Keyframes: 2000 | Avg: load=2.1ms, encode=2.8ms, select=17.5ms
[2026-01-28 05:59:54] INFO:   Scan 2500/25496 | Keyframes: 2500 | Avg: load=6.0ms, encode=2.6ms, select=17.2ms
[2026-01-28 06:00:07] INFO:   Scan 3000/25496 | Keyframes: 3000 | Avg: load=8.6ms, encode=2.4ms, select=16.7ms
[2026-01-28 06:00:20] INFO:   Scan 3500/25496 | Keyframes: 3500 | Avg: load=2.0ms, encode=2.8ms, select=17.7ms
[2026-01-28 06:00:31] INFO:   Scan 4000/25496 | Keyframes: 4000 | Avg: load=2.0ms, encode=2.5ms, select=17.2ms
[2026-01-28 06:00:43] INFO:   Scan 4500/25496 | Keyframes: 4500 | Avg: load=1.1ms, encode=2.3ms, select=16.3ms
[2026-01-28 06:00:54] INFO:   Scan 5000/25496 | Keyframes: 5000 | Avg: load=1.5ms, encode=2.8ms, select=17.5ms
[2026-01-28 06:01:05] INFO:   Scan 5500/25496 | Keyframes: 5500 | Avg: load=1.4ms, encode=2.7ms, select=17.4ms
[2026-01-28 06:01:16] INFO:   Scan 6000/25496 | Keyframes: 6000 | Avg: load=1.5ms, encode=2.8ms, select=17.6ms
[2026-01-28 06:01:27] INFO:   Scan 6500/25496 | Keyframes: 6500 | Avg: load=2.2ms, encode=3.7ms, select=18.4ms
[2026-01-28 06:01:39] INFO:   Scan 7000/25496 | Keyframes: 7000 | Avg: load=1.3ms, encode=2.6ms, select=19.1ms
[2026-01-28 06:01:50] INFO:   Scan 7500/25496 | Keyframes: 7500 | Avg: load=1.8ms, encode=3.2ms, select=18.0ms
[2026-01-28 06:02:01] INFO:   Scan 8000/25496 | Keyframes: 8000 | Avg: load=1.7ms, encode=3.1ms, select=17.6ms
[2026-01-28 06:02:12] INFO:   Scan 8500/25496 | Keyframes: 8500 | Avg: load=1.4ms, encode=2.7ms, select=17.3ms
[2026-01-28 06:02:23] INFO:   Scan 9000/25496 | Keyframes: 9000 | Avg: load=1.4ms, encode=2.8ms, select=17.1ms
[2026-01-28 06:02:33] INFO:   Scan 9500/25496 | Keyframes: 9500 | Avg: load=1.0ms, encode=2.2ms, select=15.4ms
[2026-01-28 06:02:44] INFO:   Scan 10000/25496 | Keyframes: 10000 | Avg: load=1.6ms, encode=2.9ms, select=17.6ms
[2026-01-28 06:02:55] INFO:   Scan 10500/25496 | Keyframes: 10500 | Avg: load=1.6ms, encode=2.9ms, select=17.3ms
[2026-01-28 06:03:06] INFO:   Scan 11000/25496 | Keyframes: 11000 | Avg: load=1.7ms, encode=3.1ms, select=17.7ms
[2026-01-28 06:03:17] INFO:   Scan 11500/25496 | Keyframes: 11500 | Avg: load=1.7ms, encode=3.1ms, select=18.1ms
[2026-01-28 06:03:29] INFO:   Scan 12000/25496 | Keyframes: 12000 | Avg: load=1.7ms, encode=3.1ms, select=17.9ms
[2026-01-28 06:03:40] INFO:   Scan 12500/25496 | Keyframes: 12500 | Avg: load=2.0ms, encode=3.4ms, select=18.1ms
[2026-01-28 06:03:52] INFO:   Scan 13000/25496 | Keyframes: 13000 | Avg: load=1.5ms, encode=2.9ms, select=17.8ms
[2026-01-28 06:04:02] INFO:   Scan 13500/25496 | Keyframes: 13500 | Avg: load=1.9ms, encode=3.4ms, select=16.7ms
[2026-01-28 06:04:14] INFO:   Scan 14000/25496 | Keyframes: 14000 | Avg: load=1.9ms, encode=3.4ms, select=16.8ms
[2026-01-28 06:04:25] INFO:   Scan 14500/25496 | Keyframes: 14500 | Avg: load=1.2ms, encode=2.5ms, select=17.2ms
[2026-01-28 06:04:35] INFO:   Scan 15000/25496 | Keyframes: 15000 | Avg: load=1.5ms, encode=2.7ms, select=17.4ms
[2026-01-28 06:04:45] INFO:   Scan 15500/25496 | Keyframes: 15500 | Avg: load=1.3ms, encode=2.6ms, select=17.3ms
[2026-01-28 06:04:56] INFO:   Scan 16000/25496 | Keyframes: 16000 | Avg: load=1.4ms, encode=2.7ms, select=17.3ms
[2026-01-28 06:05:06] INFO:   Scan 16500/25496 | Keyframes: 16500 | Avg: load=1.3ms, encode=2.6ms, select=17.5ms
[2026-01-28 06:05:18] INFO:   Scan 17000/25496 | Keyframes: 17000 | Avg: load=1.9ms, encode=3.4ms, select=18.3ms
[2026-01-28 06:05:29] INFO:   Scan 17500/25496 | Keyframes: 17500 | Avg: load=1.3ms, encode=2.5ms, select=16.9ms
[2026-01-28 06:05:40] INFO:   Scan 18000/25496 | Keyframes: 18000 | Avg: load=1.6ms, encode=2.9ms, select=17.8ms
[2026-01-28 06:05:50] INFO:   Scan 18500/25496 | Keyframes: 18500 | Avg: load=1.4ms, encode=2.6ms, select=17.6ms
[2026-01-28 06:06:01] INFO:   Scan 19000/25496 | Keyframes: 19000 | Avg: load=1.8ms, encode=3.1ms, select=17.8ms
[2026-01-28 06:06:12] INFO:   Scan 19500/25496 | Keyframes: 19500 | Avg: load=1.7ms, encode=3.1ms, select=16.0ms
[2026-01-28 06:06:23] INFO:   Scan 20000/25496 | Keyframes: 20000 | Avg: load=1.5ms, encode=2.8ms, select=15.9ms
[2026-01-28 06:06:33] INFO:   Scan 20500/25496 | Keyframes: 20500 | Avg: load=1.4ms, encode=2.7ms, select=17.1ms
[2026-01-28 06:06:44] INFO:   Scan 21000/25496 | Keyframes: 21000 | Avg: load=1.6ms, encode=2.9ms, select=17.7ms
[2026-01-28 06:06:55] INFO:   Scan 21500/25496 | Keyframes: 21500 | Avg: load=1.9ms, encode=3.4ms, select=17.9ms
[2026-01-28 06:07:06] INFO:   Scan 22000/25496 | Keyframes: 22000 | Avg: load=2.2ms, encode=3.7ms, select=17.4ms
[2026-01-28 06:07:17] INFO:   Scan 22500/25496 | Keyframes: 22500 | Avg: load=1.3ms, encode=2.6ms, select=16.9ms
[2026-01-28 06:07:28] INFO:   Scan 23000/25496 | Keyframes: 23000 | Avg: load=1.4ms, encode=2.7ms, select=15.9ms
[2026-01-28 06:07:38] INFO:   Scan 23500/25496 | Keyframes: 23500 | Avg: load=1.9ms, encode=3.4ms, select=18.0ms
[2026-01-28 06:07:49] INFO:   Scan 24000/25496 | Keyframes: 24000 | Avg: load=1.5ms, encode=2.8ms, select=17.3ms
[2026-01-28 06:08:00] INFO:   Scan 24500/25496 | Keyframes: 24500 | Avg: load=1.2ms, encode=2.5ms, select=17.0ms
[2026-01-28 06:08:09] INFO:   Scan 25000/25496 | Keyframes: 25000 | Avg: load=0.9ms, encode=2.1ms, select=14.0ms
[2026-01-28 06:08:18] INFO:   Completed: 25496/25496 keyframes (100.0% selection rate)
[2026-01-28 06:08:18] INFO:     Date 2012-05-11: 25496 keyframes (seq_id=10)
[2026-01-28 06:08:20] INFO: Processing 24116 scans from nclt_2012-08-04...
[2026-01-28 06:08:20] INFO:   Scan 0/24116 | Keyframes: 0 | Avg: load=0.0ms, encode=0.0ms, select=0.0ms
[2026-01-28 06:08:31] INFO:   Scan 500/24116 | Keyframes: 500 | Avg: load=4.8ms, encode=2.4ms, select=17.0ms
[2026-01-28 06:08:42] INFO:   Scan 1000/24116 | Keyframes: 1000 | Avg: load=1.7ms, encode=3.0ms, select=17.9ms
[2026-01-28 06:08:53] INFO:   Scan 1500/24116 | Keyframes: 1500 | Avg: load=1.3ms, encode=2.6ms, select=17.2ms
[2026-01-28 06:09:04] INFO:   Scan 2000/24116 | Keyframes: 2000 | Avg: load=1.8ms, encode=3.2ms, select=18.3ms
[2026-01-28 06:09:15] INFO:   Scan 2500/24116 | Keyframes: 2500 | Avg: load=1.5ms, encode=2.8ms, select=16.7ms
[2026-01-28 06:09:27] INFO:   Scan 3000/24116 | Keyframes: 3000 | Avg: load=1.7ms, encode=3.1ms, select=18.3ms
[2026-01-28 06:09:38] INFO:   Scan 3500/24116 | Keyframes: 3500 | Avg: load=1.5ms, encode=2.7ms, select=17.7ms
[2026-01-28 06:09:49] INFO:   Scan 4000/24116 | Keyframes: 4000 | Avg: load=1.8ms, encode=3.3ms, select=18.1ms
[2026-01-28 06:10:01] INFO:   Scan 4500/24116 | Keyframes: 4500 | Avg: load=1.4ms, encode=2.7ms, select=17.7ms
[2026-01-28 06:10:12] INFO:   Scan 5000/24116 | Keyframes: 5000 | Avg: load=2.2ms, encode=3.7ms, select=18.4ms
[2026-01-28 06:10:23] INFO:   Scan 5500/24116 | Keyframes: 5500 | Avg: load=1.4ms, encode=2.7ms, select=18.0ms
[2026-01-28 06:10:34] INFO:   Scan 6000/24116 | Keyframes: 6000 | Avg: load=1.8ms, encode=3.3ms, select=18.1ms
[2026-01-28 06:10:46] INFO:   Scan 6500/24116 | Keyframes: 6500 | Avg: load=1.5ms, encode=2.9ms, select=17.6ms
[2026-01-28 06:10:57] INFO:   Scan 7000/24116 | Keyframes: 7000 | Avg: load=1.3ms, encode=2.6ms, select=17.3ms
[2026-01-28 06:11:08] INFO:   Scan 7500/24116 | Keyframes: 7500 | Avg: load=1.5ms, encode=2.8ms, select=17.7ms
[2026-01-28 06:11:19] INFO:   Scan 8000/24116 | Keyframes: 8000 | Avg: load=1.7ms, encode=3.0ms, select=17.6ms
[2026-01-28 06:11:30] INFO:   Scan 8500/24116 | Keyframes: 8500 | Avg: load=1.6ms, encode=2.9ms, select=17.8ms
[2026-01-28 06:11:41] INFO:   Scan 9000/24116 | Keyframes: 9000 | Avg: load=1.9ms, encode=3.3ms, select=17.8ms
[2026-01-28 06:11:53] INFO:   Scan 9500/24116 | Keyframes: 9500 | Avg: load=1.7ms, encode=3.1ms, select=18.0ms
[2026-01-28 06:12:04] INFO:   Scan 10000/24116 | Keyframes: 10000 | Avg: load=1.6ms, encode=2.9ms, select=17.7ms
[2026-01-28 06:12:15] INFO:   Scan 10500/24116 | Keyframes: 10500 | Avg: load=1.6ms, encode=3.0ms, select=17.9ms
[2026-01-28 06:12:27] INFO:   Scan 11000/24116 | Keyframes: 11000 | Avg: load=2.0ms, encode=3.3ms, select=18.3ms
[2026-01-28 06:12:39] INFO:   Scan 11500/24116 | Keyframes: 11500 | Avg: load=2.3ms, encode=3.1ms, select=18.1ms
[2026-01-28 06:12:50] INFO:   Scan 12000/24116 | Keyframes: 12000 | Avg: load=2.0ms, encode=2.8ms, select=17.6ms
[2026-01-28 06:13:02] INFO:   Scan 12500/24116 | Keyframes: 12500 | Avg: load=2.1ms, encode=2.9ms, select=17.9ms
[2026-01-28 06:13:13] INFO:   Scan 13000/24116 | Keyframes: 13000 | Avg: load=2.1ms, encode=2.6ms, select=17.3ms
[2026-01-28 06:13:24] INFO:   Scan 13500/24116 | Keyframes: 13500 | Avg: load=2.3ms, encode=2.7ms, select=17.4ms
[2026-01-28 06:13:35] INFO:   Scan 14000/24116 | Keyframes: 14000 | Avg: load=2.0ms, encode=2.8ms, select=17.5ms
[2026-01-28 06:13:46] INFO:   Scan 14500/24116 | Keyframes: 14500 | Avg: load=2.2ms, encode=2.5ms, select=16.9ms
[2026-01-28 06:13:58] INFO:   Scan 15000/24116 | Keyframes: 15000 | Avg: load=2.3ms, encode=2.6ms, select=17.2ms
[2026-01-28 06:14:09] INFO:   Scan 15500/24116 | Keyframes: 15500 | Avg: load=3.3ms, encode=3.4ms, select=18.0ms
[2026-01-28 06:14:21] INFO:   Scan 16000/24116 | Keyframes: 16000 | Avg: load=3.4ms, encode=2.7ms, select=15.7ms
[2026-01-28 06:14:32] INFO:   Scan 16500/24116 | Keyframes: 16500 | Avg: load=2.7ms, encode=3.1ms, select=16.7ms
[2026-01-28 06:14:44] INFO:   Scan 17000/24116 | Keyframes: 17000 | Avg: load=4.3ms, encode=2.5ms, select=16.1ms
[2026-01-28 06:14:55] INFO:   Scan 17500/24116 | Keyframes: 17500 | Avg: load=1.9ms, encode=2.7ms, select=17.4ms
[2026-01-28 06:15:07] INFO:   Scan 18000/24116 | Keyframes: 18000 | Avg: load=3.5ms, encode=3.4ms, select=18.3ms
[2026-01-28 06:15:18] INFO:   Scan 18500/24116 | Keyframes: 18500 | Avg: load=2.3ms, encode=2.9ms, select=17.6ms
[2026-01-28 06:15:29] INFO:   Scan 19000/24116 | Keyframes: 19000 | Avg: load=3.7ms, encode=3.5ms, select=17.6ms
[2026-01-28 06:15:41] INFO:   Scan 19500/24116 | Keyframes: 19500 | Avg: load=2.8ms, encode=3.4ms, select=16.3ms
[2026-01-28 06:15:53] INFO:   Scan 20000/24116 | Keyframes: 20000 | Avg: load=2.7ms, encode=3.2ms, select=17.2ms
[2026-01-28 06:16:04] INFO:   Scan 20500/24116 | Keyframes: 20500 | Avg: load=2.5ms, encode=2.7ms, select=15.5ms
[2026-01-28 06:16:16] INFO:   Scan 21000/24116 | Keyframes: 21000 | Avg: load=2.3ms, encode=2.8ms, select=16.8ms
[2026-01-28 06:16:27] INFO:   Scan 21500/24116 | Keyframes: 21500 | Avg: load=2.4ms, encode=3.2ms, select=18.0ms
[2026-01-28 06:16:39] INFO:   Scan 22000/24116 | Keyframes: 22000 | Avg: load=4.0ms, encode=3.8ms, select=16.8ms
[2026-01-28 06:16:51] INFO:   Scan 22500/24116 | Keyframes: 22500 | Avg: load=2.7ms, encode=3.4ms, select=18.1ms
[2026-01-28 06:17:02] INFO:   Scan 23000/24116 | Keyframes: 23000 | Avg: load=2.4ms, encode=2.4ms, select=16.9ms
[2026-01-28 06:17:13] INFO:   Scan 23500/24116 | Keyframes: 23500 | Avg: load=2.1ms, encode=2.9ms, select=16.7ms
[2026-01-28 06:17:24] INFO:   Scan 24000/24116 | Keyframes: 24000 | Avg: load=2.9ms, encode=3.0ms, select=15.3ms
[2026-01-28 06:17:27] INFO:   Completed: 24116/24116 keyframes (100.0% selection rate)
[2026-01-28 06:17:27] INFO:     Date 2012-08-04: 24116 keyframes (seq_id=11)
[2026-01-28 06:17:28] INFO: Processing 24145 scans from nclt_2012-11-04...
[2026-01-28 06:17:28] INFO:   Scan 0/24145 | Keyframes: 0 | Avg: load=0.0ms, encode=0.0ms, select=0.0ms
[2026-01-28 06:17:38] INFO:   Scan 500/24145 | Keyframes: 500 | Avg: load=1.7ms, encode=2.4ms, select=16.9ms
[2026-01-28 06:17:49] INFO:   Scan 1000/24145 | Keyframes: 1000 | Avg: load=2.2ms, encode=2.9ms, select=17.9ms
[2026-01-28 06:18:01] INFO:   Scan 1500/24145 | Keyframes: 1500 | Avg: load=2.1ms, encode=2.7ms, select=17.2ms
[2026-01-28 06:18:11] INFO:   Scan 2000/24145 | Keyframes: 2000 | Avg: load=2.0ms, encode=2.8ms, select=17.2ms
[2026-01-28 06:18:23] INFO:   Scan 2500/24145 | Keyframes: 2500 | Avg: load=2.3ms, encode=3.1ms, select=18.2ms
[2026-01-28 06:18:35] INFO:   Scan 3000/24145 | Keyframes: 3000 | Avg: load=2.0ms, encode=3.6ms, select=18.3ms
[2026-01-28 06:18:45] INFO:   Scan 3500/24145 | Keyframes: 3500 | Avg: load=1.3ms, encode=2.7ms, select=14.5ms
[2026-01-28 06:18:56] INFO:   Scan 4000/24145 | Keyframes: 4000 | Avg: load=1.3ms, encode=2.6ms, select=17.2ms
[2026-01-28 06:19:07] INFO:   Scan 4500/24145 | Keyframes: 4500 | Avg: load=1.7ms, encode=3.1ms, select=18.0ms
[2026-01-28 06:19:19] INFO:   Scan 5000/24145 | Keyframes: 5000 | Avg: load=1.8ms, encode=3.3ms, select=18.4ms
[2026-01-28 06:19:29] INFO:   Scan 5500/24145 | Keyframes: 5500 | Avg: load=1.5ms, encode=2.8ms, select=17.4ms
[2026-01-28 06:19:40] INFO:   Scan 6000/24145 | Keyframes: 6000 | Avg: load=1.3ms, encode=2.6ms, select=17.0ms
[2026-01-28 06:19:51] INFO:   Scan 6500/24145 | Keyframes: 6500 | Avg: load=1.8ms, encode=3.3ms, select=17.8ms
[2026-01-28 06:20:02] INFO:   Scan 7000/24145 | Keyframes: 7000 | Avg: load=1.6ms, encode=2.9ms, select=18.0ms
[2026-01-28 06:20:13] INFO:   Scan 7500/24145 | Keyframes: 7500 | Avg: load=1.9ms, encode=3.3ms, select=18.3ms
[2026-01-28 06:20:25] INFO:   Scan 8000/24145 | Keyframes: 8000 | Avg: load=2.2ms, encode=3.7ms, select=17.8ms
[2026-01-28 06:20:37] INFO:   Scan 8500/24145 | Keyframes: 8500 | Avg: load=2.1ms, encode=3.7ms, select=17.3ms
[2026-01-28 06:20:47] INFO:   Scan 9000/24145 | Keyframes: 9000 | Avg: load=1.9ms, encode=3.4ms, select=17.6ms
[2026-01-28 06:20:59] INFO:   Scan 9500/24145 | Keyframes: 9500 | Avg: load=1.9ms, encode=3.3ms, select=18.1ms
[2026-01-28 06:21:10] INFO:   Scan 10000/24145 | Keyframes: 10000 | Avg: load=1.1ms, encode=2.3ms, select=14.9ms
[2026-01-28 06:21:20] INFO:   Scan 10500/24145 | Keyframes: 10500 | Avg: load=1.7ms, encode=3.1ms, select=17.4ms
[2026-01-28 06:21:31] INFO:   Scan 11000/24145 | Keyframes: 11000 | Avg: load=2.1ms, encode=3.6ms, select=18.6ms
[2026-01-28 06:21:43] INFO:   Scan 11500/24145 | Keyframes: 11500 | Avg: load=1.6ms, encode=3.0ms, select=17.9ms
[2026-01-28 06:21:54] INFO:   Scan 12000/24145 | Keyframes: 12000 | Avg: load=1.3ms, encode=2.6ms, select=15.4ms
[2026-01-28 06:22:05] INFO:   Scan 12500/24145 | Keyframes: 12500 | Avg: load=2.4ms, encode=3.9ms, select=16.1ms
[2026-01-28 06:22:17] INFO:   Scan 13000/24145 | Keyframes: 13000 | Avg: load=1.6ms, encode=2.9ms, select=17.7ms
[2026-01-28 06:22:27] INFO:   Scan 13500/24145 | Keyframes: 13500 | Avg: load=1.1ms, encode=2.4ms, select=16.3ms
[2026-01-28 06:22:37] INFO:   Scan 14000/24145 | Keyframes: 14000 | Avg: load=1.3ms, encode=2.6ms, select=16.9ms
[2026-01-28 06:22:48] INFO:   Scan 14500/24145 | Keyframes: 14500 | Avg: load=1.4ms, encode=2.6ms, select=16.9ms
[2026-01-28 06:22:58] INFO:   Scan 15000/24145 | Keyframes: 15000 | Avg: load=1.6ms, encode=3.0ms, select=17.4ms
[2026-01-28 06:23:09] INFO:   Scan 15500/24145 | Keyframes: 15500 | Avg: load=1.4ms, encode=2.7ms, select=17.3ms
[2026-01-28 06:23:20] INFO:   Scan 16000/24145 | Keyframes: 16000 | Avg: load=1.3ms, encode=2.6ms, select=17.0ms
[2026-01-28 06:23:31] INFO:   Scan 16500/24145 | Keyframes: 16500 | Avg: load=1.8ms, encode=3.1ms, select=17.6ms
[2026-01-28 06:23:42] INFO:   Scan 17000/24145 | Keyframes: 17000 | Avg: load=1.8ms, encode=3.2ms, select=16.3ms
[2026-01-28 06:23:53] INFO:   Scan 17500/24145 | Keyframes: 17500 | Avg: load=2.2ms, encode=3.7ms, select=17.3ms
[2026-01-28 06:24:03] INFO:   Scan 18000/24145 | Keyframes: 18000 | Avg: load=1.2ms, encode=2.4ms, select=14.6ms
[2026-01-28 06:24:14] INFO:   Scan 18500/24145 | Keyframes: 18500 | Avg: load=2.0ms, encode=3.4ms, select=17.8ms
[2026-01-28 06:24:25] INFO:   Scan 19000/24145 | Keyframes: 19000 | Avg: load=1.5ms, encode=2.8ms, select=16.3ms
[2026-01-28 06:24:36] INFO:   Scan 19500/24145 | Keyframes: 19500 | Avg: load=1.6ms, encode=2.9ms, select=17.7ms
[2026-01-28 06:24:47] INFO:   Scan 20000/24145 | Keyframes: 20000 | Avg: load=1.7ms, encode=3.1ms, select=17.8ms
[2026-01-28 06:24:58] INFO:   Scan 20500/24145 | Keyframes: 20500 | Avg: load=1.4ms, encode=2.7ms, select=17.3ms
[2026-01-28 06:25:09] INFO:   Scan 21000/24145 | Keyframes: 21000 | Avg: load=1.9ms, encode=3.2ms, select=17.5ms
[2026-01-28 06:25:20] INFO:   Scan 21500/24145 | Keyframes: 21500 | Avg: load=2.0ms, encode=3.4ms, select=18.0ms
[2026-01-28 06:25:32] INFO:   Scan 22000/24145 | Keyframes: 22000 | Avg: load=1.5ms, encode=2.7ms, select=17.4ms
[2026-01-28 06:25:43] INFO:   Scan 22500/24145 | Keyframes: 22500 | Avg: load=1.7ms, encode=3.1ms, select=17.8ms
[2026-01-28 06:25:54] INFO:   Scan 23000/24145 | Keyframes: 23000 | Avg: load=1.4ms, encode=2.6ms, select=16.9ms
[2026-01-28 06:26:04] INFO:   Scan 23500/24145 | Keyframes: 23500 | Avg: load=1.1ms, encode=2.3ms, select=13.6ms
[2026-01-28 06:26:13] INFO:   Scan 24000/24145 | Keyframes: 24000 | Avg: load=1.9ms, encode=3.4ms, select=15.6ms
[2026-01-28 06:26:16] INFO:   Completed: 24145/24145 keyframes (100.0% selection rate)
[2026-01-28 06:26:16] INFO:     Date 2012-11-04: 24145 keyframes (seq_id=12)
[2026-01-28 06:26:17] INFO: Processing 24547 scans from nclt_2012-11-16...
[2026-01-28 06:26:17] INFO:   Scan 0/24547 | Keyframes: 0 | Avg: load=0.0ms, encode=0.0ms, select=0.0ms
[2026-01-28 06:26:27] INFO:   Scan 500/24547 | Keyframes: 500 | Avg: load=1.1ms, encode=2.3ms, select=16.6ms
[2026-01-28 06:26:38] INFO:   Scan 1000/24547 | Keyframes: 1000 | Avg: load=1.2ms, encode=2.5ms, select=17.6ms
[2026-01-28 06:26:49] INFO:   Scan 1500/24547 | Keyframes: 1500 | Avg: load=2.0ms, encode=3.6ms, select=18.3ms
[2026-01-28 06:27:00] INFO:   Scan 2000/24547 | Keyframes: 2000 | Avg: load=1.3ms, encode=2.5ms, select=17.3ms
[2026-01-28 06:27:11] INFO:   Scan 2500/24547 | Keyframes: 2500 | Avg: load=1.6ms, encode=3.0ms, select=17.9ms
[2026-01-28 06:27:22] INFO:   Scan 3000/24547 | Keyframes: 3000 | Avg: load=1.4ms, encode=2.7ms, select=17.8ms
[2026-01-28 06:27:33] INFO:   Scan 3500/24547 | Keyframes: 3500 | Avg: load=1.9ms, encode=3.4ms, select=18.3ms
[2026-01-28 06:27:45] INFO:   Scan 4000/24547 | Keyframes: 4000 | Avg: load=1.9ms, encode=3.3ms, select=17.5ms
[2026-01-28 06:27:56] INFO:   Scan 4500/24547 | Keyframes: 4500 | Avg: load=1.3ms, encode=2.6ms, select=17.5ms
[2026-01-28 06:28:07] INFO:   Scan 5000/24547 | Keyframes: 5000 | Avg: load=1.5ms, encode=2.9ms, select=17.7ms
[2026-01-28 06:28:17] INFO:   Scan 5500/24547 | Keyframes: 5500 | Avg: load=0.9ms, encode=2.1ms, select=15.6ms
[2026-01-28 06:28:28] INFO:   Scan 6000/24547 | Keyframes: 6000 | Avg: load=2.1ms, encode=3.7ms, select=17.7ms
[2026-01-28 06:28:40] INFO:   Scan 6500/24547 | Keyframes: 6500 | Avg: load=1.9ms, encode=3.3ms, select=18.3ms
[2026-01-28 06:28:51] INFO:   Scan 7000/24547 | Keyframes: 7000 | Avg: load=1.9ms, encode=3.4ms, select=18.0ms
[2026-01-28 06:29:03] INFO:   Scan 7500/24547 | Keyframes: 7500 | Avg: load=1.9ms, encode=3.4ms, select=18.4ms
[2026-01-28 06:29:14] INFO:   Scan 8000/24547 | Keyframes: 8000 | Avg: load=1.4ms, encode=2.8ms, select=17.4ms
[2026-01-28 06:29:25] INFO:   Scan 8500/24547 | Keyframes: 8500 | Avg: load=1.6ms, encode=3.0ms, select=17.8ms
[2026-01-28 06:29:36] INFO:   Scan 9000/24547 | Keyframes: 9000 | Avg: load=1.7ms, encode=3.1ms, select=17.2ms
[2026-01-28 06:29:47] INFO:   Scan 9500/24547 | Keyframes: 9500 | Avg: load=1.2ms, encode=2.5ms, select=16.7ms
[2026-01-28 06:29:57] INFO:   Scan 10000/24547 | Keyframes: 10000 | Avg: load=1.5ms, encode=2.7ms, select=16.3ms
[2026-01-28 06:30:08] INFO:   Scan 10500/24547 | Keyframes: 10500 | Avg: load=1.5ms, encode=2.7ms, select=17.1ms
[2026-01-28 06:30:18] INFO:   Scan 11000/24547 | Keyframes: 11000 | Avg: load=1.5ms, encode=2.9ms, select=16.6ms
[2026-01-28 06:30:29] INFO:   Scan 11500/24547 | Keyframes: 11500 | Avg: load=1.5ms, encode=2.7ms, select=17.2ms
[2026-01-28 06:30:40] INFO:   Scan 12000/24547 | Keyframes: 12000 | Avg: load=1.6ms, encode=3.1ms, select=16.4ms
[2026-01-28 06:30:50] INFO:   Scan 12500/24547 | Keyframes: 12500 | Avg: load=1.9ms, encode=3.5ms, select=17.5ms
[2026-01-28 06:31:00] INFO:   Scan 13000/24547 | Keyframes: 13000 | Avg: load=1.1ms, encode=2.3ms, select=16.2ms
[2026-01-28 06:31:11] INFO:   Scan 13500/24547 | Keyframes: 13500 | Avg: load=1.2ms, encode=2.4ms, select=16.7ms
[2026-01-28 06:31:21] INFO:   Scan 14000/24547 | Keyframes: 14000 | Avg: load=2.1ms, encode=3.7ms, select=17.2ms
[2026-01-28 06:31:32] INFO:   Scan 14500/24547 | Keyframes: 14500 | Avg: load=2.0ms, encode=3.5ms, select=16.4ms
[2026-01-28 06:31:43] INFO:   Scan 15000/24547 | Keyframes: 15000 | Avg: load=1.3ms, encode=2.5ms, select=17.0ms
[2026-01-28 06:31:55] INFO:   Scan 15500/24547 | Keyframes: 15500 | Avg: load=2.0ms, encode=3.6ms, select=18.5ms
[2026-01-28 06:32:06] INFO:   Scan 16000/24547 | Keyframes: 16000 | Avg: load=2.4ms, encode=3.9ms, select=17.8ms
[2026-01-28 06:32:17] INFO:   Scan 16500/24547 | Keyframes: 16500 | Avg: load=1.9ms, encode=3.4ms, select=17.8ms
[2026-01-28 06:32:28] INFO:   Scan 17000/24547 | Keyframes: 17000 | Avg: load=1.7ms, encode=3.1ms, select=17.7ms
[2026-01-28 06:32:39] INFO:   Scan 17500/24547 | Keyframes: 17500 | Avg: load=1.3ms, encode=2.6ms, select=16.8ms
[2026-01-28 06:32:50] INFO:   Scan 18000/24547 | Keyframes: 18000 | Avg: load=1.5ms, encode=2.9ms, select=17.3ms
[2026-01-28 06:33:00] INFO:   Scan 18500/24547 | Keyframes: 18500 | Avg: load=1.4ms, encode=2.7ms, select=17.0ms
[2026-01-28 06:33:11] INFO:   Scan 19000/24547 | Keyframes: 19000 | Avg: load=1.5ms, encode=2.8ms, select=17.1ms
[2026-01-28 06:33:22] INFO:   Scan 19500/24547 | Keyframes: 19500 | Avg: load=1.2ms, encode=2.4ms, select=16.5ms
[2026-01-28 06:33:32] INFO:   Scan 20000/24547 | Keyframes: 20000 | Avg: load=1.2ms, encode=2.4ms, select=16.6ms
[2026-01-28 06:33:43] INFO:   Scan 20500/24547 | Keyframes: 20500 | Avg: load=1.4ms, encode=2.7ms, select=16.9ms
[2026-01-28 06:33:53] INFO:   Scan 21000/24547 | Keyframes: 21000 | Avg: load=1.5ms, encode=2.7ms, select=16.8ms
[2026-01-28 06:34:04] INFO:   Scan 21500/24547 | Keyframes: 21500 | Avg: load=1.4ms, encode=2.7ms, select=16.5ms
[2026-01-28 06:34:15] INFO:   Scan 22000/24547 | Keyframes: 22000 | Avg: load=1.7ms, encode=3.1ms, select=16.9ms
[2026-01-28 06:34:25] INFO:   Scan 22500/24547 | Keyframes: 22500 | Avg: load=1.0ms, encode=2.2ms, select=14.1ms
[2026-01-28 06:34:36] INFO:   Scan 23000/24547 | Keyframes: 23000 | Avg: load=1.5ms, encode=2.8ms, select=17.5ms
[2026-01-28 06:34:46] INFO:   Scan 23500/24547 | Keyframes: 23500 | Avg: load=1.3ms, encode=2.6ms, select=16.7ms
[2026-01-28 06:34:55] INFO:   Scan 24000/24547 | Keyframes: 24000 | Avg: load=1.1ms, encode=2.3ms, select=14.1ms
[2026-01-28 06:35:05] INFO:   Scan 24500/24547 | Keyframes: 24500 | Avg: load=1.7ms, encode=3.1ms, select=15.2ms
[2026-01-28 06:35:06] INFO:   Completed: 24547/24547 keyframes (100.0% selection rate)
[2026-01-28 06:35:06] INFO:     Date 2012-11-16: 24547 keyframes (seq_id=13)
[2026-01-28 06:35:07] INFO: Processing 24022 scans from nclt_2013-02-23...
[2026-01-28 06:35:07] INFO:   Scan 0/24022 | Keyframes: 0 | Avg: load=0.0ms, encode=0.0ms, select=0.0ms
[2026-01-28 06:35:17] INFO:   Scan 500/24022 | Keyframes: 500 | Avg: load=1.0ms, encode=2.3ms, select=17.5ms
[2026-01-28 06:35:28] INFO:   Scan 1000/24022 | Keyframes: 1000 | Avg: load=1.6ms, encode=3.0ms, select=18.2ms
[2026-01-28 06:35:38] INFO:   Scan 1500/24022 | Keyframes: 1500 | Avg: load=1.1ms, encode=2.4ms, select=17.6ms
[2026-01-28 06:35:49] INFO:   Scan 2000/24022 | Keyframes: 2000 | Avg: load=1.4ms, encode=2.8ms, select=18.0ms
[2026-01-28 06:36:00] INFO:   Scan 2500/24022 | Keyframes: 2500 | Avg: load=1.3ms, encode=2.6ms, select=17.9ms
[2026-01-28 06:36:11] INFO:   Scan 3000/24022 | Keyframes: 3000 | Avg: load=1.8ms, encode=3.2ms, select=17.5ms
[2026-01-28 06:36:23] INFO:   Scan 3500/24022 | Keyframes: 3500 | Avg: load=1.6ms, encode=2.9ms, select=20.9ms
[2026-01-28 06:36:34] INFO:   Scan 4000/24022 | Keyframes: 4000 | Avg: load=1.3ms, encode=2.7ms, select=18.0ms
[2026-01-28 06:36:45] INFO:   Scan 4500/24022 | Keyframes: 4500 | Avg: load=1.2ms, encode=2.4ms, select=17.5ms
[2026-01-28 06:36:55] INFO:   Scan 5000/24022 | Keyframes: 5000 | Avg: load=1.1ms, encode=2.3ms, select=16.9ms
[2026-01-28 06:37:06] INFO:   Scan 5500/24022 | Keyframes: 5500 | Avg: load=1.3ms, encode=2.5ms, select=17.2ms
[2026-01-28 06:37:16] INFO:   Scan 6000/24022 | Keyframes: 6000 | Avg: load=1.2ms, encode=2.5ms, select=16.4ms
[2026-01-28 06:37:27] INFO:   Scan 6500/24022 | Keyframes: 6500 | Avg: load=1.8ms, encode=3.1ms, select=16.1ms
[2026-01-28 06:37:38] INFO:   Scan 7000/24022 | Keyframes: 7000 | Avg: load=1.7ms, encode=3.2ms, select=18.6ms
[2026-01-28 06:37:49] INFO:   Scan 7500/24022 | Keyframes: 7500 | Avg: load=1.5ms, encode=2.8ms, select=17.6ms
[2026-01-28 06:38:01] INFO:   Scan 8000/24022 | Keyframes: 8000 | Avg: load=1.5ms, encode=2.9ms, select=18.1ms
[2026-01-28 06:38:12] INFO:   Scan 8500/24022 | Keyframes: 8500 | Avg: load=1.4ms, encode=2.7ms, select=17.6ms
[2026-01-28 06:38:23] INFO:   Scan 9000/24022 | Keyframes: 9000 | Avg: load=1.6ms, encode=3.0ms, select=17.9ms
[2026-01-28 06:38:33] INFO:   Scan 9500/24022 | Keyframes: 9500 | Avg: load=1.5ms, encode=2.8ms, select=17.2ms
[2026-01-28 06:38:44] INFO:   Scan 10000/24022 | Keyframes: 10000 | Avg: load=1.5ms, encode=3.0ms, select=17.1ms
[2026-01-28 06:38:55] INFO:   Scan 10500/24022 | Keyframes: 10500 | Avg: load=1.3ms, encode=2.5ms, select=18.0ms
[2026-01-28 06:39:06] INFO:   Scan 11000/24022 | Keyframes: 11000 | Avg: load=1.2ms, encode=2.4ms, select=17.4ms
[2026-01-28 06:39:16] INFO:   Scan 11500/24022 | Keyframes: 11500 | Avg: load=1.2ms, encode=2.5ms, select=17.6ms
[2026-01-28 06:39:27] INFO:   Scan 12000/24022 | Keyframes: 12000 | Avg: load=1.6ms, encode=3.0ms, select=18.4ms
[2026-01-28 06:39:38] INFO:   Scan 12500/24022 | Keyframes: 12500 | Avg: load=1.1ms, encode=2.4ms, select=17.5ms
[2026-01-28 06:39:49] INFO:   Scan 13000/24022 | Keyframes: 13000 | Avg: load=1.3ms, encode=2.7ms, select=17.6ms
[2026-01-28 06:40:00] INFO:   Scan 13500/24022 | Keyframes: 13500 | Avg: load=1.4ms, encode=2.7ms, select=17.8ms
[2026-01-28 06:40:10] INFO:   Scan 14000/24022 | Keyframes: 14000 | Avg: load=1.4ms, encode=2.8ms, select=17.7ms
[2026-01-28 06:40:21] INFO:   Scan 14500/24022 | Keyframes: 14500 | Avg: load=1.2ms, encode=2.5ms, select=17.5ms
[2026-01-28 06:40:32] INFO:   Scan 15000/24022 | Keyframes: 15000 | Avg: load=1.7ms, encode=3.0ms, select=17.9ms
[2026-01-28 06:40:43] INFO:   Scan 15500/24022 | Keyframes: 15500 | Avg: load=1.4ms, encode=2.6ms, select=17.6ms
[2026-01-28 06:40:54] INFO:   Scan 16000/24022 | Keyframes: 16000 | Avg: load=1.2ms, encode=2.5ms, select=17.7ms
[2026-01-28 06:41:04] INFO:   Scan 16500/24022 | Keyframes: 16500 | Avg: load=1.3ms, encode=2.5ms, select=17.6ms
[2026-01-28 06:41:15] INFO:   Scan 17000/24022 | Keyframes: 17000 | Avg: load=1.5ms, encode=2.8ms, select=18.0ms
[2026-01-28 06:41:26] INFO:   Scan 17500/24022 | Keyframes: 17500 | Avg: load=1.6ms, encode=2.9ms, select=17.8ms
[2026-01-28 06:41:37] INFO:   Scan 18000/24022 | Keyframes: 18000 | Avg: load=1.4ms, encode=2.7ms, select=17.8ms
[2026-01-28 06:41:48] INFO:   Scan 18500/24022 | Keyframes: 18500 | Avg: load=1.2ms, encode=2.5ms, select=17.4ms
[2026-01-28 06:41:59] INFO:   Scan 19000/24022 | Keyframes: 19000 | Avg: load=2.6ms, encode=2.7ms, select=17.8ms
[2026-01-28 06:42:10] INFO:   Scan 19500/24022 | Keyframes: 19500 | Avg: load=2.6ms, encode=2.9ms, select=18.0ms
[2026-01-28 06:42:21] INFO:   Scan 20000/24022 | Keyframes: 20000 | Avg: load=1.5ms, encode=2.3ms, select=17.4ms
[2026-01-28 06:42:32] INFO:   Scan 20500/24022 | Keyframes: 20500 | Avg: load=1.4ms, encode=2.3ms, select=17.0ms
[2026-01-28 06:42:43] INFO:   Scan 21000/24022 | Keyframes: 21000 | Avg: load=1.5ms, encode=2.7ms, select=17.4ms
[2026-01-28 06:42:53] INFO:   Scan 21500/24022 | Keyframes: 21500 | Avg: load=1.6ms, encode=2.5ms, select=16.8ms
[2026-01-28 06:43:04] INFO:   Scan 22000/24022 | Keyframes: 22000 | Avg: load=2.2ms, encode=2.6ms, select=17.4ms
[2026-01-28 06:43:15] INFO:   Scan 22500/24022 | Keyframes: 22500 | Avg: load=2.5ms, encode=2.8ms, select=17.4ms
[2026-01-28 06:43:26] INFO:   Scan 23000/24022 | Keyframes: 23000 | Avg: load=1.6ms, encode=2.1ms, select=16.8ms
[2026-01-28 06:43:36] INFO:   Scan 23500/24022 | Keyframes: 23500 | Avg: load=2.0ms, encode=2.2ms, select=14.9ms
[2026-01-28 06:43:46] INFO:   Scan 24000/24022 | Keyframes: 24000 | Avg: load=2.4ms, encode=2.5ms, select=14.9ms
[2026-01-28 06:43:46] INFO:   Completed: 24022/24022 keyframes (100.0% selection rate)
[2026-01-28 06:43:46] INFO:     Date 2013-02-23: 24022 keyframes (seq_id=14)
[2026-01-28 06:43:46] INFO: Total training keyframes: 170862 across 15 sequences
[2026-01-28 06:43:46] INFO: 
[2026-01-28 06:43:46] INFO: [3/6] Loading validation dataset...
[2026-01-28 06:43:46] INFO: Processing 1591 scans from kitti_val_09...
[2026-01-28 06:43:46] INFO:   Scan 0/1591 | Keyframes: 0 | Avg: load=0.0ms, encode=0.0ms, select=0.0ms
[2026-01-28 06:43:54] INFO:   Scan 500/1591 | Keyframes: 500 | Avg: load=1.7ms, encode=7.8ms, select=0.1ms
[2026-01-28 06:44:00] INFO:   Scan 1000/1591 | Keyframes: 1000 | Avg: load=1.9ms, encode=8.0ms, select=14.5ms
[2026-01-28 06:44:17] INFO:   Scan 1500/1591 | Keyframes: 1500 | Avg: load=23.4ms, encode=23.9ms, select=1.3ms
[2026-01-28 06:44:22] INFO:   Completed: 1591/1591 keyframes (100.0% selection rate)
[2026-01-28 06:44:22] INFO:   Validation 09: 1591 keyframes
[2026-01-28 06:44:22] INFO: Total validation keyframes: 1591
[2026-01-28 06:44:22] INFO: 
[2026-01-28 06:44:22] INFO: [4/6] Building temporal graphs with edge distances...
[2026-01-28 06:44:37] INFO:   Training graph: 170,862 nodes, 683,442 edges, edge_attr=yes (built in 12.49s)
[2026-01-28 06:44:37] INFO:   Validation graph: 1,591 nodes, 6,358 edges (built in 0.11s)
[2026-01-28 06:44:37] INFO: 
[2026-01-28 06:44:37] INFO: [5/6] Creating GNN model...
[2026-01-28 06:44:37] INFO:   GNN parameters: 1,939,200
[2026-01-28 06:44:37] INFO:   Architecture: 3 layers, 800 hidden dim, edge_dim=2
[2026-01-28 06:44:37] INFO: 
[2026-01-28 06:44:37] INFO: [6/6] Starting GNN training...
[2026-01-28 06:44:37] INFO: ================================================================================
[2026-01-28 06:44:37] INFO: Training configuration:
[2026-01-28 06:44:37] INFO:   Epochs: 50
[2026-01-28 06:44:37] INFO:   Learning rate: 0.0005
[2026-01-28 06:44:37] INFO:   Margin: 0.1
[2026-01-28 06:44:37] INFO:   Sequences: 15 (per-sequence mining enabled)
[2026-01-28 06:44:37] INFO: 
[2026-01-28 06:44:37] INFO: Starting training for 50 epochs...
[2026-01-28 06:44:37] INFO: Training graph: 170,862 nodes, 683,442 edges
[2026-01-28 06:44:37] INFO: Per-sequence mining enabled: 15 sequences
[2026-01-28 06:44:37] INFO: Mining triplets for epoch 1...
[2026-01-28 06:44:37] INFO: Mining triplets per sequence (15 sequences)...
[2026-01-28 06:44:44] INFO:   Seq 1/15 (id=0): 4,541 keyframes -> 1,706 triplets (6.9s, 247/s)
[2026-01-28 06:44:44] INFO:   Seq 2/15 (id=1): 1,101 keyframes -> 0 triplets (0.0s, 0/s)
[2026-01-28 06:44:46] INFO:   Seq 3/15 (id=2): 4,661 keyframes -> 731 triplets (1.9s, 385/s)
[2026-01-28 06:44:46] INFO:   Seq 4/15 (id=3): 801 keyframes -> 16 triplets (0.0s, 332/s)
[2026-01-28 06:44:46] INFO:   Seq 5/15 (id=4): 271 keyframes -> 0 triplets (0.0s, 0/s)
[2026-01-28 06:44:49] INFO:   Seq 6/15 (id=5): 2,761 keyframes -> 1,069 triplets (3.6s, 299/s)
[2026-01-28 06:44:51] INFO:   Seq 7/15 (id=6): 1,101 keyframes -> 565 triplets (1.7s, 339/s)
[2026-01-28 06:44:51] INFO:   Seq 8/15 (id=7): 1,101 keyframes -> 211 triplets (0.4s, 496/s)
[2026-01-28 06:44:53] INFO:   Seq 9/15 (id=8): 4,071 keyframes -> 679 triplets (1.9s, 365/s)
[2026-01-28 06:49:56] INFO:   Seq 10/15 (id=9): 28,127 keyframes -> 17,079 triplets (302.8s, 56/s)
[2026-01-28 06:53:38] INFO:   Seq 11/15 (id=10): 25,496 keyframes -> 14,367 triplets (222.1s, 65/s)
[2026-01-28 06:57:17] INFO:   Seq 12/15 (id=11): 24,116 keyframes -> 13,512 triplets (218.8s, 62/s)
[2026-01-28 07:01:23] INFO:   Seq 13/15 (id=12): 24,145 keyframes -> 15,537 triplets (246.0s, 63/s)
[2026-01-28 07:04:46] INFO:   Seq 14/15 (id=13): 24,547 keyframes -> 14,150 triplets (203.2s, 70/s)
[2026-01-28 07:08:18] INFO:   Seq 15/15 (id=14): 24,022 keyframes -> 13,512 triplets (212.1s, 64/s)
[2026-01-28 07:08:18] INFO: Mined 93,134 triplets in 1421.48s (66 triplets/sec)
