[2026-01-27 04:46:51] INFO: ================================================================================
[2026-01-27 04:46:51] INFO: NEURAL SPECTRAL CODEC - MULTI-DATASET TRAINING
[2026-01-27 04:46:51] INFO: ================================================================================
[2026-01-27 04:46:51] INFO: Log file: logs/training_20260127_044651.log
[2026-01-27 04:46:51] INFO: Loading configuration from: configs/training_helipr_to_kitti.yaml
[2026-01-27 04:46:51] INFO:   n_elevation: 16
[2026-01-27 04:46:51] INFO:   n_azimuth: 360
[2026-01-27 04:46:51] INFO:   n_bins: 50
[2026-01-27 04:46:51] INFO:   distance_threshold: 0.8m
[2026-01-27 04:46:51] INFO:   n_epochs: 50
[2026-01-27 04:46:51] INFO: Using device: cpu
[2026-01-27 04:46:51] INFO: 
[2026-01-27 04:46:51] INFO: [1/6] Creating spectral encoder...
[2026-01-27 04:46:51] INFO:   Encoder created (n_elevation=16, n_bins=50)
[2026-01-27 04:46:51] INFO: 
[2026-01-27 04:46:51] INFO: [2/6] Loading training datasets...
[2026-01-27 04:46:51] INFO:   Loading HELIPR from /workspace/data/helipr
[2026-01-27 04:46:52] INFO: Processing 23935 scans from helipr_Town01...
[2026-01-27 04:46:52] INFO:   Scan 0/23935 | Keyframes: 0 | Avg: load=0.0ms, encode=0.0ms, select=0.0ms
[2026-01-27 04:47:01] INFO:   Scan 500/23935 | Keyframes: 500 | Avg: load=0.6ms, encode=1.9ms, select=14.3ms
[2026-01-27 04:47:09] INFO:   Scan 1000/23935 | Keyframes: 1000 | Avg: load=0.6ms, encode=1.9ms, select=14.3ms
[2026-01-27 04:47:17] INFO:   Scan 1500/23935 | Keyframes: 1500 | Avg: load=0.6ms, encode=1.9ms, select=14.2ms
[2026-01-27 04:47:25] INFO:   Scan 2000/23935 | Keyframes: 2000 | Avg: load=0.6ms, encode=1.9ms, select=14.1ms
[2026-01-27 04:47:34] INFO:   Scan 2500/23935 | Keyframes: 2500 | Avg: load=0.6ms, encode=1.9ms, select=15.0ms
[2026-01-27 04:47:42] INFO:   Scan 3000/23935 | Keyframes: 3000 | Avg: load=0.5ms, encode=1.8ms, select=14.1ms
