[2026-01-26 10:32:29] INFO: ================================================================================
[2026-01-26 10:32:29] INFO: NEURAL SPECTRAL CODEC - MULTI-DATASET TRAINING
[2026-01-26 10:32:29] INFO: ================================================================================
[2026-01-26 10:32:29] INFO: Log file: logs/training_20260126_103229.log
[2026-01-26 10:32:29] INFO: Loading configuration from: configs/training_helipr_to_kitti.yaml
[2026-01-26 10:32:29] INFO:   n_elevation: 16
[2026-01-26 10:32:29] INFO:   n_azimuth: 360
[2026-01-26 10:32:29] INFO:   n_bins: 50
[2026-01-26 10:32:29] INFO:   distance_threshold: 0.8m
[2026-01-26 10:32:29] INFO:   n_epochs: 50
[2026-01-26 10:32:29] INFO: Using device: cpu
[2026-01-26 10:32:29] INFO: 
[2026-01-26 10:32:29] INFO: [1/6] Creating spectral encoder...
[2026-01-26 10:32:29] INFO:   Encoder created (n_elevation=16, n_bins=50)
[2026-01-26 10:32:29] INFO: 
[2026-01-26 10:32:29] INFO: [2/6] Loading training datasets...
[2026-01-26 10:32:29] INFO:   Loading HELIPR from /workspace/data/helipr
[2026-01-26 10:32:29] INFO: Processing 23935 scans from helipr_Town01...
[2026-01-26 10:32:29] INFO:   Scan 0/23935 | Keyframes: 0 | Avg: load=0.0ms, encode=0.0ms, select=0.0ms
[2026-01-26 10:32:38] INFO:   Scan 500/23935 | Keyframes: 500 | Avg: load=0.5ms, encode=1.9ms, select=14.3ms
[2026-01-26 10:32:46] INFO:   Scan 1000/23935 | Keyframes: 1000 | Avg: load=0.6ms, encode=2.0ms, select=14.4ms
[2026-01-26 10:32:54] INFO:   Scan 1500/23935 | Keyframes: 1500 | Avg: load=0.5ms, encode=2.0ms, select=14.2ms
[2026-01-26 10:33:03] INFO:   Scan 2000/23935 | Keyframes: 2000 | Avg: load=0.5ms, encode=2.0ms, select=14.2ms
[2026-01-26 10:33:11] INFO:   Scan 2500/23935 | Keyframes: 2500 | Avg: load=0.5ms, encode=2.0ms, select=15.0ms
[2026-01-26 10:33:20] INFO:   Scan 3000/23935 | Keyframes: 3000 | Avg: load=0.5ms, encode=1.9ms, select=14.0ms
[2026-01-26 10:33:26] INFO:   Scan 3500/23935 | Keyframes: 3500 | Avg: load=0.4ms, encode=1.7ms, select=0.1ms
[2026-01-26 10:33:31] INFO:   Scan 4000/23935 | Keyframes: 4000 | Avg: load=0.5ms, encode=1.8ms, select=14.1ms
[2026-01-26 10:33:39] INFO:   Scan 4500/23935 | Keyframes: 4500 | Avg: load=0.4ms, encode=1.6ms, select=14.1ms
[2026-01-26 10:33:47] INFO:   Scan 5000/23935 | Keyframes: 5000 | Avg: load=0.4ms, encode=1.6ms, select=14.0ms
[2026-01-26 10:33:52] INFO:   Scan 5500/23935 | Keyframes: 5500 | Avg: load=0.5ms, encode=1.8ms, select=0.1ms
