[2026-01-28 07:44:41] INFO: ================================================================================
[2026-01-28 07:44:41] INFO: NEURAL SPECTRAL CODEC - MULTI-DATASET TRAINING
[2026-01-28 07:44:41] INFO: ================================================================================
[2026-01-28 07:44:41] INFO: Log file: logs/training_20260128_074441.log
[2026-01-28 07:44:41] INFO: Loading configuration from: configs/training_multi_dataset.yaml
[2026-01-28 07:44:41] INFO:   n_elevation: 16
[2026-01-28 07:44:41] INFO:   n_azimuth: 360
[2026-01-28 07:44:41] INFO:   n_bins: 50
[2026-01-28 07:44:41] INFO:   distance_threshold: 0.8m
[2026-01-28 07:44:41] INFO:   n_epochs: 50
[2026-01-28 07:44:41] INFO: Using device: cuda
[2026-01-28 07:44:41] INFO:   GPU: NVIDIA RTX 5000 Ada Generation
[2026-01-28 07:44:41] INFO:   VRAM: 33.8 GB
[2026-01-28 07:44:41] INFO: 
[2026-01-28 07:44:41] INFO: [1/6] Creating spectral encoder...
[2026-01-28 07:44:41] INFO:   Encoder created (n_elevation=16, n_bins=50)
[2026-01-28 07:44:41] INFO: 
[2026-01-28 07:44:41] INFO: [2/6] Loading training datasets...
[2026-01-28 07:44:41] INFO:   Loading KITTI from /workspace/data/kitti/dataset
[2026-01-28 07:44:41] INFO: Processing 4541 scans from kitti_00...
[2026-01-28 07:44:41] INFO:   Scan 0/4541 | Keyframes: 0 | Avg: load=0.0ms, encode=0.0ms, select=0.0ms
[2026-01-28 07:44:54] INFO:   Scan 500/4541 | Keyframes: 500 | Avg: load=1.0ms, encode=10.8ms, select=11.8ms
[2026-01-28 07:45:05] INFO:   Scan 1000/4541 | Keyframes: 1000 | Avg: load=0.9ms, encode=10.7ms, select=11.0ms
[2026-01-28 07:45:15] INFO:   Scan 1500/4541 | Keyframes: 1500 | Avg: load=0.9ms, encode=10.2ms, select=6.1ms
[2026-01-28 07:45:26] INFO:   Scan 2000/4541 | Keyframes: 2000 | Avg: load=1.0ms, encode=11.0ms, select=15.2ms
[2026-01-28 07:45:36] INFO:   Scan 2500/4541 | Keyframes: 2500 | Avg: load=0.9ms, encode=10.6ms, select=10.5ms
[2026-01-28 07:45:48] INFO:   Scan 3000/4541 | Keyframes: 3000 | Avg: load=13.4ms, encode=13.4ms, select=8.3ms
[2026-01-28 07:46:12] INFO:   Scan 3500/4541 | Keyframes: 3500 | Avg: load=23.5ms, encode=15.6ms, select=13.9ms
[2026-01-28 07:46:30] INFO:   Scan 4000/4541 | Keyframes: 4000 | Avg: load=9.4ms, encode=10.3ms, select=16.8ms
[2026-01-28 07:46:44] INFO:   Scan 4500/4541 | Keyframes: 4500 | Avg: load=22.5ms, encode=15.1ms, select=15.7ms
[2026-01-28 07:46:46] INFO:   Completed: 4541/4541 keyframes (100.0% selection rate)
[2026-01-28 07:46:46] INFO:     Sequence 00: 4541 keyframes (seq_id=0)
[2026-01-28 07:46:46] INFO: Processing 1101 scans from kitti_01...
[2026-01-28 07:46:46] INFO:   Scan 0/1101 | Keyframes: 0 | Avg: load=0.0ms, encode=0.0ms, select=0.0ms
[2026-01-28 07:46:57] INFO:   Scan 500/1101 | Keyframes: 500 | Avg: load=10.9ms, encode=14.7ms, select=0.1ms
[2026-01-28 07:47:08] INFO:   Scan 1000/1101 | Keyframes: 1000 | Avg: load=7.7ms, encode=12.6ms, select=0.1ms
[2026-01-28 07:47:09] INFO:   Completed: 1101/1101 keyframes (100.0% selection rate)
[2026-01-28 07:47:09] INFO:     Sequence 01: 1101 keyframes (seq_id=1)
[2026-01-28 07:47:09] INFO: Processing 4661 scans from kitti_02...
[2026-01-28 07:47:09] INFO:   Scan 0/4661 | Keyframes: 0 | Avg: load=0.0ms, encode=0.0ms, select=0.0ms
[2026-01-28 07:47:15] INFO:   Scan 500/4661 | Keyframes: 500 | Avg: load=0.9ms, encode=11.3ms, select=0.7ms
[2026-01-28 07:47:23] INFO:   Scan 1000/4661 | Keyframes: 1000 | Avg: load=0.9ms, encode=11.1ms, select=9.4ms
[2026-01-28 07:47:33] INFO:   Scan 1500/4661 | Keyframes: 1500 | Avg: load=0.9ms, encode=10.8ms, select=0.1ms
[2026-01-28 07:47:40] INFO:   Scan 2000/4661 | Keyframes: 2000 | Avg: load=0.9ms, encode=10.7ms, select=3.6ms
[2026-01-28 07:47:46] INFO:   Scan 2500/4661 | Keyframes: 2500 | Avg: load=0.8ms, encode=10.3ms, select=0.1ms
[2026-01-28 07:47:54] INFO:   Scan 3000/4661 | Keyframes: 3000 | Avg: load=0.9ms, encode=10.0ms, select=0.1ms
[2026-01-28 07:48:01] INFO:   Scan 3500/4661 | Keyframes: 3500 | Avg: load=0.9ms, encode=10.9ms, select=4.8ms
[2026-01-28 07:48:07] INFO:   Scan 4000/4661 | Keyframes: 4000 | Avg: load=0.9ms, encode=10.6ms, select=0.1ms
[2026-01-28 07:48:14] INFO:   Scan 4500/4661 | Keyframes: 4500 | Avg: load=0.9ms, encode=10.4ms, select=0.1ms
[2026-01-28 07:48:16] INFO:   Completed: 4661/4661 keyframes (100.0% selection rate)
[2026-01-28 07:48:16] INFO:     Sequence 02: 4661 keyframes (seq_id=2)
[2026-01-28 07:48:16] INFO: Processing 801 scans from kitti_03...
[2026-01-28 07:48:16] INFO:   Scan 0/801 | Keyframes: 0 | Avg: load=0.0ms, encode=0.0ms, select=0.0ms
[2026-01-28 07:48:28] INFO:   Scan 500/801 | Keyframes: 500 | Avg: load=0.9ms, encode=10.5ms, select=3.5ms
[2026-01-28 07:48:35] INFO:   Completed: 801/801 keyframes (100.0% selection rate)
[2026-01-28 07:48:35] INFO:     Sequence 03: 801 keyframes (seq_id=3)
[2026-01-28 07:48:35] INFO: Processing 271 scans from kitti_04...
[2026-01-28 07:48:35] INFO:   Scan 0/271 | Keyframes: 0 | Avg: load=0.0ms, encode=0.0ms, select=0.0ms
[2026-01-28 07:48:38] INFO:   Completed: 271/271 keyframes (100.0% selection rate)
[2026-01-28 07:48:38] INFO:     Sequence 04: 271 keyframes (seq_id=4)
[2026-01-28 07:48:38] INFO: Processing 2761 scans from kitti_05...
[2026-01-28 07:48:38] INFO:   Scan 0/2761 | Keyframes: 0 | Avg: load=0.0ms, encode=0.0ms, select=0.0ms
[2026-01-28 07:48:50] INFO:   Scan 500/2761 | Keyframes: 500 | Avg: load=0.9ms, encode=10.5ms, select=12.5ms
[2026-01-28 07:49:02] INFO:   Scan 1000/2761 | Keyframes: 1000 | Avg: load=0.9ms, encode=10.8ms, select=14.2ms
[2026-01-28 07:49:12] INFO:   Scan 1500/2761 | Keyframes: 1500 | Avg: load=0.9ms, encode=11.0ms, select=0.3ms
[2026-01-28 07:49:21] INFO:   Scan 2000/2761 | Keyframes: 2000 | Avg: load=0.8ms, encode=10.5ms, select=0.1ms
[2026-01-28 07:49:31] INFO:   Scan 2500/2761 | Keyframes: 2500 | Avg: load=0.9ms, encode=10.5ms, select=6.8ms
[2026-01-28 07:49:34] INFO:   Completed: 2761/2761 keyframes (100.0% selection rate)
[2026-01-28 07:49:34] INFO:     Sequence 05: 2761 keyframes (seq_id=5)
[2026-01-28 07:49:34] INFO: Processing 1101 scans from kitti_06...
[2026-01-28 07:49:34] INFO:   Scan 0/1101 | Keyframes: 0 | Avg: load=0.0ms, encode=0.0ms, select=0.0ms
[2026-01-28 07:49:42] INFO:   Scan 500/1101 | Keyframes: 500 | Avg: load=0.9ms, encode=9.8ms, select=5.4ms
[2026-01-28 07:49:48] INFO:   Scan 1000/1101 | Keyframes: 1000 | Avg: load=0.9ms, encode=9.2ms, select=0.1ms
